This file contains any messages produced by compilers while
running configure, to aid debugging if configure makes a mistake.

It was created by MoteSim configure 1.0.0, which was
generated by GNU Autoconf 2.69.  Invocation command line was

  $ ./configure --disable-option-checking --prefix=/usr --cache-file=/dev/null --srcdir=. --no-create --no-recursion

## --------- ##
## Platform. ##
## --------- ##

hostname = ivan-VirtualBox
uname -m = i686
uname -r = 4.2.0-27-generic
uname -s = Linux
uname -v = #32~14.04.1-Ubuntu SMP Fri Jan 22 15:32:27 UTC 2016

/usr/bin/uname -p = unknown
/bin/uname -X     = unknown

/bin/arch              = unknown
/usr/bin/arch -k       = unknown
/usr/convex/getsysinfo = unknown
/usr/bin/hostinfo      = unknown
/bin/machine           = unknown
/usr/bin/oslevel       = unknown
/bin/universe          = unknown

PATH: /usr/local/sbin
PATH: /usr/local/bin
PATH: /usr/sbin
PATH: /usr/bin
PATH: /sbin
PATH: /bin


## ----------- ##
## Core tests. ##
## ----------- ##

configure:2439: checking for a BSD-compatible install
configure:2507: result: /usr/bin/install -c
configure:2518: checking whether build environment is sane
configure:2573: result: yes
configure:2611: WARNING: 'missing' script is too old or missing
configure:2724: checking for a thread-safe mkdir -p
configure:2763: result: /bin/mkdir -p
configure:2770: checking for gawk
configure:2800: result: no
configure:2770: checking for mawk
configure:2786: found /usr/bin/mawk
configure:2797: result: mawk
configure:2808: checking whether make sets $(MAKE)
configure:2830: result: yes
configure:2859: checking whether make supports nested variables
configure:2876: result: yes
configure:3065: checking for g++
configure:3081: found /usr/bin/g++
configure:3092: result: g++
configure:3119: checking for C++ compiler version
configure:3128: g++ --version >&5
g++ (Ubuntu 4.8.4-2ubuntu1~14.04.1) 4.8.4
Copyright (C) 2013 Free Software Foundation, Inc.
This is free software; see the source for copying conditions.  There is NO
warranty; not even for MERCHANTABILITY or FITNESS FOR A PARTICULAR PURPOSE.

configure:3139: $? = 0
configure:3128: g++ -v >&5
Using built-in specs.
COLLECT_GCC=g++
COLLECT_LTO_WRAPPER=/usr/lib/gcc/i686-linux-gnu/4.8/lto-wrapper
Target: i686-linux-gnu
Configured with: ../src/configure -v --with-pkgversion='Ubuntu 4.8.4-2ubuntu1~14.04.1' --with-bugurl=file:///usr/share/doc/gcc-4.8/README.Bugs --enable-languages=c,c++,java,go,d,fortran,objc,obj-c++ --prefix=/usr --program-suffix=-4.8 --enable-shared --enable-linker-build-id --libexecdir=/usr/lib --without-included-gettext --enable-threads=posix --with-gxx-include-dir=/usr/include/c++/4.8 --libdir=/usr/lib --enable-nls --with-sysroot=/ --enable-clocale=gnu --enable-libstdcxx-debug --enable-libstdcxx-time=yes --enable-gnu-unique-object --disable-libmudflap --enable-plugin --with-system-zlib --disable-browser-plugin --enable-java-awt=gtk --enable-gtk-cairo --with-java-home=/usr/lib/jvm/java-1.5.0-gcj-4.8-i386/jre --enable-java-home --with-jvm-root-dir=/usr/lib/jvm/java-1.5.0-gcj-4.8-i386 --with-jvm-jar-dir=/usr/lib/jvm-exports/java-1.5.0-gcj-4.8-i386 --with-arch-directory=i386 --with-ecj-jar=/usr/share/java/eclipse-ecj.jar --enable-objc-gc --enable-targets=all --enable-multiarch --disable-werror --with-arch-32=i686 --with-multilib-list=m32,m64,mx32 --with-tune=generic --enable-checking=release --build=i686-linux-gnu --host=i686-linux-gnu --target=i686-linux-gnu
Thread model: posix
gcc version 4.8.4 (Ubuntu 4.8.4-2ubuntu1~14.04.1) 
configure:3139: $? = 0
configure:3128: g++ -V >&5
g++: error: unrecognized command line option '-V'
g++: fatal error: no input files
compilation terminated.
configure:3139: $? = 4
configure:3128: g++ -qversion >&5
g++: error: unrecognized command line option '-qversion'
g++: fatal error: no input files
compilation terminated.
configure:3139: $? = 4
configure:3159: checking whether the C++ compiler works
configure:3181: g++    conftest.cpp  >&5
configure:3185: $? = 0
configure:3233: result: yes
configure:3236: checking for C++ compiler default output file name
configure:3238: result: a.out
configure:3244: checking for suffix of executables
configure:3251: g++ -o conftest    conftest.cpp  >&5
configure:3255: $? = 0
configure:3277: result: 
configure:3299: checking whether we are cross compiling
configure:3307: g++ -o conftest    conftest.cpp  >&5
configure:3311: $? = 0
configure:3318: ./conftest
configure:3322: $? = 0
configure:3337: result: no
configure:3342: checking for suffix of object files
configure:3364: g++ -c   conftest.cpp >&5
configure:3368: $? = 0
configure:3389: result: o
configure:3393: checking whether we are using the GNU C++ compiler
configure:3412: g++ -c   conftest.cpp >&5
configure:3412: $? = 0
configure:3421: result: yes
configure:3430: checking whether g++ accepts -g
configure:3450: g++ -c -g  conftest.cpp >&5
configure:3450: $? = 0
configure:3491: result: yes
configure:3525: checking for style of include used by make
configure:3553: result: GNU
configure:3579: checking dependency style of g++
configure:3690: result: gcc3
configure:3753: checking for gcc
configure:3769: found /usr/bin/gcc
configure:3780: result: gcc
configure:4009: checking for C compiler version
configure:4018: gcc --version >&5
gcc (Ubuntu 4.8.4-2ubuntu1~14.04.1) 4.8.4
Copyright (C) 2013 Free Software Foundation, Inc.
This is free software; see the source for copying conditions.  There is NO
warranty; not even for MERCHANTABILITY or FITNESS FOR A PARTICULAR PURPOSE.

configure:4029: $? = 0
configure:4018: gcc -v >&5
Using built-in specs.
COLLECT_GCC=gcc
COLLECT_LTO_WRAPPER=/usr/lib/gcc/i686-linux-gnu/4.8/lto-wrapper
Target: i686-linux-gnu
Configured with: ../src/configure -v --with-pkgversion='Ubuntu 4.8.4-2ubuntu1~14.04.1' --with-bugurl=file:///usr/share/doc/gcc-4.8/README.Bugs --enable-languages=c,c++,java,go,d,fortran,objc,obj-c++ --prefix=/usr --program-suffix=-4.8 --enable-shared --enable-linker-build-id --libexecdir=/usr/lib --without-included-gettext --enable-threads=posix --with-gxx-include-dir=/usr/include/c++/4.8 --libdir=/usr/lib --enable-nls --with-sysroot=/ --enable-clocale=gnu --enable-libstdcxx-debug --enable-libstdcxx-time=yes --enable-gnu-unique-object --disable-libmudflap --enable-plugin --with-system-zlib --disable-browser-plugin --enable-java-awt=gtk --enable-gtk-cairo --with-java-home=/usr/lib/jvm/java-1.5.0-gcj-4.8-i386/jre --enable-java-home --with-jvm-root-dir=/usr/lib/jvm/java-1.5.0-gcj-4.8-i386 --with-jvm-jar-dir=/usr/lib/jvm-exports/java-1.5.0-gcj-4.8-i386 --with-arch-directory=i386 --with-ecj-jar=/usr/share/java/eclipse-ecj.jar --enable-objc-gc --enable-targets=all --enable-multiarch --disable-werror --with-arch-32=i686 --with-multilib-list=m32,m64,mx32 --with-tune=generic --enable-checking=release --build=i686-linux-gnu --host=i686-linux-gnu --target=i686-linux-gnu
Thread model: posix
gcc version 4.8.4 (Ubuntu 4.8.4-2ubuntu1~14.04.1) 
configure:4029: $? = 0
configure:4018: gcc -V >&5
gcc: error: unrecognized command line option '-V'
gcc: fatal error: no input files
compilation terminated.
configure:4029: $? = 4
configure:4018: gcc -qversion >&5
gcc: error: unrecognized command line option '-qversion'
gcc: fatal error: no input files
compilation terminated.
configure:4029: $? = 4
configure:4033: checking whether we are using the GNU C compiler
configure:4052: gcc -c   conftest.c >&5
configure:4052: $? = 0
configure:4061: result: yes
configure:4070: checking whether gcc accepts -g
configure:4090: gcc -c -g  conftest.c >&5
configure:4090: $? = 0
configure:4131: result: yes
configure:4148: checking for gcc option to accept ISO C89
configure:4211: gcc  -c -g -O2  conftest.c >&5
configure:4211: $? = 0
configure:4224: result: none needed
configure:4249: checking whether gcc understands -c and -o together
configure:4271: gcc -c conftest.c -o conftest2.o
configure:4274: $? = 0
configure:4271: gcc -c conftest.c -o conftest2.o
configure:4274: $? = 0
configure:4286: result: yes
configure:4305: checking dependency style of gcc
configure:4416: result: gcc3
configure:4481: checking for ar
configure:4497: found /usr/bin/ar
configure:4508: result: ar
configure:4534: checking the archiver (ar) interface
configure:4550: gcc -c -g -O2  conftest.c >&5
configure:4550: $? = 0
configure:4552: ar cru libconftest.a conftest.o >&5
configure:4555: $? = 0
configure:4583: result: ar
configure:4632: checking build system type
configure:4646: result: i686-pc-linux-gnu
configure:4666: checking host system type
configure:4679: result: i686-pc-linux-gnu
configure:4720: checking how to print strings
configure:4747: result: printf
configure:4768: checking for a sed that does not truncate output
configure:4832: result: /bin/sed
configure:4850: checking for grep that handles long lines and -e
configure:4908: result: /bin/grep
configure:4913: checking for egrep
configure:4975: result: /bin/grep -E
configure:4980: checking for fgrep
configure:5042: result: /bin/grep -F
configure:5077: checking for ld used by gcc
configure:5144: result: /usr/bin/ld
configure:5151: checking if the linker (/usr/bin/ld) is GNU ld
configure:5166: result: yes
configure:5178: checking for BSD- or MS-compatible name lister (nm)
configure:5227: result: /usr/bin/nm -B
configure:5357: checking the name lister (/usr/bin/nm -B) interface
configure:5364: gcc -c -g -O2  conftest.c >&5
configure:5367: /usr/bin/nm -B "conftest.o"
configure:5370: output
00000000 B some_variable
configure:5377: result: BSD nm
configure:5380: checking whether ln -s works
configure:5384: result: yes
configure:5392: checking the maximum length of command line arguments
configure:5522: result: 805306365
configure:5539: checking whether the shell understands some XSI constructs
configure:5549: result: yes
configure:5553: checking whether the shell understands "+="
configure:5559: result: yes
configure:5594: checking how to convert i686-pc-linux-gnu file names to i686-pc-linux-gnu format
configure:5634: result: func_convert_file_noop
configure:5641: checking how to convert i686-pc-linux-gnu file names to toolchain format
configure:5661: result: func_convert_file_noop
configure:5668: checking for /usr/bin/ld option to reload object files
configure:5675: result: -r
configure:5749: checking for objdump
configure:5765: found /usr/bin/objdump
configure:5776: result: objdump
configure:5808: checking how to recognize dependent libraries
configure:6010: result: pass_all
configure:6095: checking for dlltool
configure:6125: result: no
configure:6155: checking how to associate runtime and link libraries
configure:6182: result: printf %s\n
configure:6306: checking for archiver @FILE support
configure:6323: gcc -c -g -O2  conftest.c >&5
configure:6323: $? = 0
configure:6326: ar cru libconftest.a @conftest.lst >&5
configure:6329: $? = 0
configure:6334: ar cru libconftest.a @conftest.lst >&5
ar: conftest.o: No such file or directory
configure:6337: $? = 1
configure:6349: result: @
configure:6407: checking for strip
configure:6423: found /usr/bin/strip
configure:6434: result: strip
configure:6506: checking for ranlib
configure:6522: found /usr/bin/ranlib
configure:6533: result: ranlib
configure:6635: checking command to parse /usr/bin/nm -B output from gcc object
configure:6755: gcc -c -g -O2  conftest.c >&5
configure:6758: $? = 0
configure:6762: /usr/bin/nm -B conftest.o \| sed -n -e 's/^.*[ ]\([ABCDGIRSTW][ABCDGIRSTW]*\)[ ][ ]*\([_A-Za-z][_A-Za-z0-9]*\)$/\1 \2 \2/p' | sed '/ __gnu_lto/d' \> conftest.nm
configure:6765: $? = 0
configure:6831: gcc -o conftest -g -O2   conftest.c conftstm.o >&5
configure:6834: $? = 0
configure:6872: result: ok
configure:6909: checking for sysroot
configure:6939: result: no
configure:7195: checking for mt
configure:7211: found /bin/mt
configure:7222: result: mt
configure:7245: checking if mt is a manifest tool
configure:7251: mt '-?'
configure:7259: result: no
configure:7901: checking how to run the C preprocessor
configure:7932: gcc -E  conftest.c
configure:7932: $? = 0
configure:7946: gcc -E  conftest.c
conftest.c:11:28: fatal error: ac_nonexistent.h: No such file or directory
 #include <ac_nonexistent.h>
                            ^
compilation terminated.
configure:7946: $? = 1
configure: failed program was:
| /* confdefs.h */
| #define PACKAGE_NAME "MoteSim"
| #define PACKAGE_TARNAME "motesim"
| #define PACKAGE_VERSION "1.0.0"
| #define PACKAGE_STRING "MoteSim 1.0.0"
| #define PACKAGE_BUGREPORT "BUG-REPORT-ADDRESS"
| #define PACKAGE_URL ""
| #define PACKAGE "motesim"
| #define VERSION "1.0.0"
| /* end confdefs.h.  */
| #include <ac_nonexistent.h>
configure:7971: result: gcc -E
configure:7991: gcc -E  conftest.c
configure:7991: $? = 0
configure:8005: gcc -E  conftest.c
conftest.c:11:28: fatal error: ac_nonexistent.h: No such file or directory
 #include <ac_nonexistent.h>
                            ^
compilation terminated.
configure:8005: $? = 1
configure: failed program was:
| /* confdefs.h */
| #define PACKAGE_NAME "MoteSim"
| #define PACKAGE_TARNAME "motesim"
| #define PACKAGE_VERSION "1.0.0"
| #define PACKAGE_STRING "MoteSim 1.0.0"
| #define PACKAGE_BUGREPORT "BUG-REPORT-ADDRESS"
| #define PACKAGE_URL ""
| #define PACKAGE "motesim"
| #define VERSION "1.0.0"
| /* end confdefs.h.  */
| #include <ac_nonexistent.h>
configure:8034: checking for ANSI C header files
configure:8054: gcc -c -g -O2  conftest.c >&5
configure:8054: $? = 0
configure:8127: gcc -o conftest -g -O2   conftest.c  >&5
configure:8127: $? = 0
configure:8127: ./conftest
configure:8127: $? = 0
configure:8138: result: yes
configure:8151: checking for sys/types.h
configure:8151: gcc -c -g -O2  conftest.c >&5
configure:8151: $? = 0
configure:8151: result: yes
configure:8151: checking for sys/stat.h
configure:8151: gcc -c -g -O2  conftest.c >&5
configure:8151: $? = 0
configure:8151: result: yes
configure:8151: checking for stdlib.h
configure:8151: gcc -c -g -O2  conftest.c >&5
configure:8151: $? = 0
configure:8151: result: yes
configure:8151: checking for string.h
configure:8151: gcc -c -g -O2  conftest.c >&5
configure:8151: $? = 0
configure:8151: result: yes
configure:8151: checking for memory.h
configure:8151: gcc -c -g -O2  conftest.c >&5
configure:8151: $? = 0
configure:8151: result: yes
configure:8151: checking for strings.h
configure:8151: gcc -c -g -O2  conftest.c >&5
configure:8151: $? = 0
configure:8151: result: yes
configure:8151: checking for inttypes.h
configure:8151: gcc -c -g -O2  conftest.c >&5
configure:8151: $? = 0
configure:8151: result: yes
configure:8151: checking for stdint.h
configure:8151: gcc -c -g -O2  conftest.c >&5
configure:8151: $? = 0
configure:8151: result: yes
configure:8151: checking for unistd.h
configure:8151: gcc -c -g -O2  conftest.c >&5
configure:8151: $? = 0
configure:8151: result: yes
configure:8165: checking for dlfcn.h
configure:8165: gcc -c -g -O2  conftest.c >&5
configure:8165: $? = 0
configure:8165: result: yes
configure:8382: checking for objdir
configure:8397: result: .libs
configure:8668: checking if gcc supports -fno-rtti -fno-exceptions
configure:8686: gcc -c -g -O2  -fno-rtti -fno-exceptions conftest.c >&5
cc1: warning: command line option '-fno-rtti' is valid for C++/ObjC++ but not for C [enabled by default]
configure:8690: $? = 0
configure:8703: result: no
configure:9030: checking for gcc option to produce PIC
configure:9037: result: -fPIC -DPIC
configure:9045: checking if gcc PIC flag -fPIC -DPIC works
configure:9063: gcc -c -g -O2  -fPIC -DPIC -DPIC conftest.c >&5
configure:9067: $? = 0
configure:9080: result: yes
configure:9109: checking if gcc static flag -static works
configure:9137: result: yes
configure:9152: checking if gcc supports -c -o file.o
configure:9173: gcc -c -g -O2  -o out/conftest2.o conftest.c >&5
configure:9177: $? = 0
configure:9199: result: yes
configure:9207: checking if gcc supports -c -o file.o
configure:9254: result: yes
configure:9287: checking whether the gcc linker (/usr/bin/ld) supports shared libraries
configure:10444: result: yes
configure:10481: checking whether -lc should be explicitly linked in
configure:10489: gcc -c -g -O2  conftest.c >&5
configure:10492: $? = 0
configure:10507: gcc -shared  -fPIC -DPIC conftest.o  -v -Wl,-soname -Wl,conftest -o conftest 2\>\&1 \| /bin/grep  -lc  \>/dev/null 2\>\&1
configure:10510: $? = 0
configure:10524: result: no
configure:10684: checking dynamic linker characteristics
configure:11195: gcc -o conftest -g -O2   -Wl,-rpath -Wl,/foo conftest.c  >&5
configure:11195: $? = 0
configure:11429: result: GNU/Linux ld.so
configure:11536: checking how to hardcode library paths into programs
configure:11561: result: immediate
configure:12101: checking whether stripping libraries is possible
configure:12106: result: yes
configure:12141: checking if libtool supports shared libraries
configure:12143: result: yes
configure:12146: checking whether to build shared libraries
configure:12167: result: yes
configure:12170: checking whether to build static libraries
configure:12174: result: yes
configure:12197: checking how to run the C++ preprocessor
configure:12224: g++ -E  conftest.cpp
configure:12224: $? = 0
configure:12238: g++ -E  conftest.cpp
conftest.cpp:23:28: fatal error: ac_nonexistent.h: No such file or directory
 #include <ac_nonexistent.h>
                            ^
compilation terminated.
configure:12238: $? = 1
configure: failed program was:
| /* confdefs.h */
| #define PACKAGE_NAME "MoteSim"
| #define PACKAGE_TARNAME "motesim"
| #define PACKAGE_VERSION "1.0.0"
| #define PACKAGE_STRING "MoteSim 1.0.0"
| #define PACKAGE_BUGREPORT "BUG-REPORT-ADDRESS"
| #define PACKAGE_URL ""
| #define PACKAGE "motesim"
| #define VERSION "1.0.0"
| #define STDC_HEADERS 1
| #define HAVE_SYS_TYPES_H 1
| #define HAVE_SYS_STAT_H 1
| #define HAVE_STDLIB_H 1
| #define HAVE_STRING_H 1
| #define HAVE_MEMORY_H 1
| #define HAVE_STRINGS_H 1
| #define HAVE_INTTYPES_H 1
| #define HAVE_STDINT_H 1
| #define HAVE_UNISTD_H 1
| #define HAVE_DLFCN_H 1
| #define LT_OBJDIR ".libs/"
| /* end confdefs.h.  */
| #include <ac_nonexistent.h>
configure:12263: result: g++ -E
configure:12283: g++ -E  conftest.cpp
configure:12283: $? = 0
configure:12297: g++ -E  conftest.cpp
conftest.cpp:23:28: fatal error: ac_nonexistent.h: No such file or directory
 #include <ac_nonexistent.h>
                            ^
compilation terminated.
configure:12297: $? = 1
configure: failed program was:
| /* confdefs.h */
| #define PACKAGE_NAME "MoteSim"
| #define PACKAGE_TARNAME "motesim"
| #define PACKAGE_VERSION "1.0.0"
| #define PACKAGE_STRING "MoteSim 1.0.0"
| #define PACKAGE_BUGREPORT "BUG-REPORT-ADDRESS"
| #define PACKAGE_URL ""
| #define PACKAGE "motesim"
| #define VERSION "1.0.0"
| #define STDC_HEADERS 1
| #define HAVE_SYS_TYPES_H 1
| #define HAVE_SYS_STAT_H 1
| #define HAVE_STDLIB_H 1
| #define HAVE_STRING_H 1
| #define HAVE_MEMORY_H 1
| #define HAVE_STRINGS_H 1
| #define HAVE_INTTYPES_H 1
| #define HAVE_STDINT_H 1
| #define HAVE_UNISTD_H 1
| #define HAVE_DLFCN_H 1
| #define LT_OBJDIR ".libs/"
| /* end confdefs.h.  */
| #include <ac_nonexistent.h>
configure:12466: checking for ld used by g++
configure:12533: result: /usr/bin/ld
configure:12540: checking if the linker (/usr/bin/ld) is GNU ld
configure:12555: result: yes
configure:12610: checking whether the g++ linker (/usr/bin/ld) supports shared libraries
configure:13615: result: yes
configure:13651: g++ -c -g -O2  conftest.cpp >&5
configure:13654: $? = 0
configure:14174: checking for g++ option to produce PIC
configure:14181: result: -fPIC -DPIC
configure:14189: checking if g++ PIC flag -fPIC -DPIC works
configure:14207: g++ -c -g -O2  -fPIC -DPIC -DPIC conftest.cpp >&5
configure:14211: $? = 0
configure:14224: result: yes
configure:14247: checking if g++ static flag -static works
configure:14275: result: yes
configure:14287: checking if g++ supports -c -o file.o
configure:14308: g++ -c -g -O2  -o out/conftest2.o conftest.cpp >&5
configure:14312: $? = 0
configure:14334: result: yes
configure:14339: checking if g++ supports -c -o file.o
configure:14386: result: yes
configure:14416: checking whether the g++ linker (/usr/bin/ld) supports shared libraries
configure:14455: result: yes
configure:14596: checking dynamic linker characteristics
configure:15275: result: GNU/Linux ld.so
configure:15328: checking how to hardcode library paths into programs
configure:15353: result: immediate
configure:15415: checking for dlopen in -ldl
configure:15440: gcc -o conftest -g -O2   conftest.c -ldl   >&5
configure:15440: $? = 0
configure:15449: result: yes
configure:15460: checking for pthread_create in -lpthread
configure:15485: gcc -o conftest -g -O2   conftest.c -lpthread  -ldl  >&5
configure:15485: $? = 0
configure:15494: result: yes
configure:15505: checking for clock_gettime in -lrt
configure:15530: gcc -o conftest -g -O2   conftest.c -lrt  -lpthread -ldl  >&5
configure:15530: $? = 0
configure:15539: result: yes
configure:15550: checking for AdvLog_Init in -lAdvLog
configure:15575: gcc -o conftest -g -O2   conftest.c -lAdvLog  -lrt -lpthread -ldl  >&5
/usr/bin/ld: cannot find -lAdvLog
collect2: error: ld returned 1 exit status
configure:15575: $? = 1
configure: failed program was:
| /* confdefs.h */
| #define PACKAGE_NAME "MoteSim"
| #define PACKAGE_TARNAME "motesim"
| #define PACKAGE_VERSION "1.0.0"
| #define PACKAGE_STRING "MoteSim 1.0.0"
| #define PACKAGE_BUGREPORT "BUG-REPORT-ADDRESS"
| #define PACKAGE_URL ""
| #define PACKAGE "motesim"
| #define VERSION "1.0.0"
| #define STDC_HEADERS 1
| #define HAVE_SYS_TYPES_H 1
| #define HAVE_SYS_STAT_H 1
| #define HAVE_STDLIB_H 1
| #define HAVE_STRING_H 1
| #define HAVE_MEMORY_H 1
| #define HAVE_STRINGS_H 1
| #define HAVE_INTTYPES_H 1
| #define HAVE_STDINT_H 1
| #define HAVE_UNISTD_H 1
| #define HAVE_DLFCN_H 1
| #define LT_OBJDIR ".libs/"
| #define HAVE_LIBDL 1
| #define HAVE_LIBPTHREAD 1
| #define HAVE_LIBRT 1
| /* end confdefs.h.  */
| 
| /* Override any GCC internal prototype to avoid an error.
|    Use char because int might match the return type of a GCC
|    builtin and then its argument prototype would still apply.  */
| #ifdef __cplusplus
| extern "C"
| #endif
| char AdvLog_Init ();
| int
| main ()
| {
| return AdvLog_Init ();
|   ;
|   return 0;
| }
configure:15584: result: no
configure:15599: checking for stdlib.h
configure:15599: result: yes
configure:15599: checking for string.h
configure:15599: result: yes
configure:15599: checking for unistd.h
configure:15599: result: yes
configure:15613: checking for size_t
configure:15613: gcc -c -g -O2  conftest.c >&5
configure:15613: $? = 0
configure:15613: gcc -c -g -O2  conftest.c >&5
conftest.c: In function 'main':
conftest.c:65:21: error: expected expression before ')' token
 if (sizeof ((size_t)))
                     ^
configure:15613: $? = 1
configure: failed program was:
| /* confdefs.h */
| #define PACKAGE_NAME "MoteSim"
| #define PACKAGE_TARNAME "motesim"
| #define PACKAGE_VERSION "1.0.0"
| #define PACKAGE_STRING "MoteSim 1.0.0"
| #define PACKAGE_BUGREPORT "BUG-REPORT-ADDRESS"
| #define PACKAGE_URL ""
| #define PACKAGE "motesim"
| #define VERSION "1.0.0"
| #define STDC_HEADERS 1
| #define HAVE_SYS_TYPES_H 1
| #define HAVE_SYS_STAT_H 1
| #define HAVE_STDLIB_H 1
| #define HAVE_STRING_H 1
| #define HAVE_MEMORY_H 1
| #define HAVE_STRINGS_H 1
| #define HAVE_INTTYPES_H 1
| #define HAVE_STDINT_H 1
| #define HAVE_UNISTD_H 1
| #define HAVE_DLFCN_H 1
| #define LT_OBJDIR ".libs/"
| #define HAVE_LIBDL 1
| #define HAVE_LIBPTHREAD 1
| #define HAVE_LIBRT 1
| #define HAVE_STDLIB_H 1
| #define HAVE_STRING_H 1
| #define HAVE_UNISTD_H 1
| /* end confdefs.h.  */
| #include <stdio.h>
| #ifdef HAVE_SYS_TYPES_H
| # include <sys/types.h>
| #endif
| #ifdef HAVE_SYS_STAT_H
| # include <sys/stat.h>
| #endif
| #ifdef STDC_HEADERS
| # include <stdlib.h>
| # include <stddef.h>
| #else
| # ifdef HAVE_STDLIB_H
| #  include <stdlib.h>
| # endif
| #endif
| #ifdef HAVE_STRING_H
| # if !defined STDC_HEADERS && defined HAVE_MEMORY_H
| #  include <memory.h>
| # endif
| # include <string.h>
| #endif
| #ifdef HAVE_STRINGS_H
| # include <strings.h>
| #endif
| #ifdef HAVE_INTTYPES_H
| # include <inttypes.h>
| #endif
| #ifdef HAVE_STDINT_H
| # include <stdint.h>
| #endif
| #ifdef HAVE_UNISTD_H
| # include <unistd.h>
| #endif
| int
| main ()
| {
| if (sizeof ((size_t)))
| 	    return 0;
|   ;
|   return 0;
| }
configure:15613: result: yes
configure:15624: checking for ssize_t
configure:15624: gcc -c -g -O2  conftest.c >&5
configure:15624: $? = 0
configure:15624: gcc -c -g -O2  conftest.c >&5
conftest.c: In function 'main':
conftest.c:65:22: error: expected expression before ')' token
 if (sizeof ((ssize_t)))
                      ^
configure:15624: $? = 1
configure: failed program was:
| /* confdefs.h */
| #define PACKAGE_NAME "MoteSim"
| #define PACKAGE_TARNAME "motesim"
| #define PACKAGE_VERSION "1.0.0"
| #define PACKAGE_STRING "MoteSim 1.0.0"
| #define PACKAGE_BUGREPORT "BUG-REPORT-ADDRESS"
| #define PACKAGE_URL ""
| #define PACKAGE "motesim"
| #define VERSION "1.0.0"
| #define STDC_HEADERS 1
| #define HAVE_SYS_TYPES_H 1
| #define HAVE_SYS_STAT_H 1
| #define HAVE_STDLIB_H 1
| #define HAVE_STRING_H 1
| #define HAVE_MEMORY_H 1
| #define HAVE_STRINGS_H 1
| #define HAVE_INTTYPES_H 1
| #define HAVE_STDINT_H 1
| #define HAVE_UNISTD_H 1
| #define HAVE_DLFCN_H 1
| #define LT_OBJDIR ".libs/"
| #define HAVE_LIBDL 1
| #define HAVE_LIBPTHREAD 1
| #define HAVE_LIBRT 1
| #define HAVE_STDLIB_H 1
| #define HAVE_STRING_H 1
| #define HAVE_UNISTD_H 1
| /* end confdefs.h.  */
| #include <stdio.h>
| #ifdef HAVE_SYS_TYPES_H
| # include <sys/types.h>
| #endif
| #ifdef HAVE_SYS_STAT_H
| # include <sys/stat.h>
| #endif
| #ifdef STDC_HEADERS
| # include <stdlib.h>
| # include <stddef.h>
| #else
| # ifdef HAVE_STDLIB_H
| #  include <stdlib.h>
| # endif
| #endif
| #ifdef HAVE_STRING_H
| # if !defined STDC_HEADERS && defined HAVE_MEMORY_H
| #  include <memory.h>
| # endif
| # include <string.h>
| #endif
| #ifdef HAVE_STRINGS_H
| # include <strings.h>
| #endif
| #ifdef HAVE_INTTYPES_H
| # include <inttypes.h>
| #endif
| #ifdef HAVE_STDINT_H
| # include <stdint.h>
| #endif
| #ifdef HAVE_UNISTD_H
| # include <unistd.h>
| #endif
| int
| main ()
| {
| if (sizeof ((ssize_t)))
| 	    return 0;
|   ;
|   return 0;
| }
configure:15624: result: yes
configure:15639: checking for stdlib.h
configure:15639: result: yes
configure:15649: checking for GNU libc compatible malloc
configure:15673: gcc -o conftest -g -O2   conftest.c -lrt -lpthread -ldl  >&5
configure:15673: $? = 0
configure:15673: ./conftest
configure:15673: $? = 0
configure:15683: result: yes
configure:15706: checking for stdlib.h
configure:15706: result: yes
configure:15716: checking for GNU libc compatible realloc
configure:15740: gcc -o conftest -g -O2   conftest.c -lrt -lpthread -ldl  >&5
configure:15740: $? = 0
configure:15740: ./conftest
configure:15740: $? = 0
configure:15750: result: yes
configure:15774: checking for memset
configure:15774: gcc -o conftest -g -O2   conftest.c -lrt -lpthread -ldl  >&5
conftest.c:56:6: warning: conflicting types for built-in function 'memset' [enabled by default]
 char memset ();
      ^
configure:15774: $? = 0
configure:15774: result: yes
configure:15774: checking for strchr
configure:15774: gcc -o conftest -g -O2   conftest.c -lrt -lpthread -ldl  >&5
conftest.c:57:6: warning: conflicting types for built-in function 'strchr' [enabled by default]
 char strchr ();
      ^
configure:15774: $? = 0
configure:15774: result: yes
configure:15774: checking for strdup
configure:15774: gcc -o conftest -g -O2   conftest.c -lrt -lpthread -ldl  >&5
conftest.c:58:6: warning: conflicting types for built-in function 'strdup' [enabled by default]
 char strdup ();
      ^
configure:15774: $? = 0
configure:15774: result: yes
configure:15774: checking for strpbrk
configure:15774: gcc -o conftest -g -O2   conftest.c -lrt -lpthread -ldl  >&5
conftest.c:59:6: warning: conflicting types for built-in function 'strpbrk' [enabled by default]
 char strpbrk ();
      ^
configure:15774: $? = 0
configure:15774: result: yes
configure:15895: checking that generated files are newer than configure
configure:15901: result: done
configure:15928: creating ./config.status

## ---------------- ##
## Cache variables. ##
## ---------------- ##

ac_cv_build=i686-pc-linux-gnu
ac_cv_c_compiler_gnu=yes
ac_cv_cxx_compiler_gnu=yes
ac_cv_env_CCC_set=
ac_cv_env_CCC_value=
ac_cv_env_CC_set=
ac_cv_env_CC_value=
ac_cv_env_CFLAGS_set=
ac_cv_env_CFLAGS_value=
ac_cv_env_CPPFLAGS_set=
ac_cv_env_CPPFLAGS_value=
ac_cv_env_CPP_set=
ac_cv_env_CPP_value=
ac_cv_env_CXXCPP_set=
ac_cv_env_CXXCPP_value=
ac_cv_env_CXXFLAGS_set=
ac_cv_env_CXXFLAGS_value=
ac_cv_env_CXX_set=
ac_cv_env_CXX_value=
ac_cv_env_LDFLAGS_set=
ac_cv_env_LDFLAGS_value=
ac_cv_env_LIBS_set=
ac_cv_env_LIBS_value=
ac_cv_env_build_alias_set=
ac_cv_env_build_alias_value=
ac_cv_env_host_alias_set=
ac_cv_env_host_alias_value=
ac_cv_env_target_alias_set=
ac_cv_env_target_alias_value=
ac_cv_func_malloc_0_nonnull=yes
ac_cv_func_memset=yes
ac_cv_func_realloc_0_nonnull=yes
ac_cv_func_strchr=yes
ac_cv_func_strdup=yes
ac_cv_func_strpbrk=yes
ac_cv_header_dlfcn_h=yes
ac_cv_header_inttypes_h=yes
ac_cv_header_memory_h=yes
ac_cv_header_stdc=yes
ac_cv_header_stdint_h=yes
ac_cv_header_stdlib_h=yes
ac_cv_header_string_h=yes
ac_cv_header_strings_h=yes
ac_cv_header_sys_stat_h=yes
ac_cv_header_sys_types_h=yes
ac_cv_header_unistd_h=yes
ac_cv_host=i686-pc-linux-gnu
ac_cv_lib_AdvLog_AdvLog_Init=no
ac_cv_lib_dl_dlopen=yes
ac_cv_lib_pthread_pthread_create=yes
ac_cv_lib_rt_clock_gettime=yes
ac_cv_objext=o
ac_cv_path_EGREP='/bin/grep -E'
ac_cv_path_FGREP='/bin/grep -F'
ac_cv_path_GREP=/bin/grep
ac_cv_path_SED=/bin/sed
ac_cv_path_install='/usr/bin/install -c'
ac_cv_path_mkdir=/bin/mkdir
ac_cv_prog_AWK=mawk
ac_cv_prog_CPP='gcc -E'
ac_cv_prog_CXXCPP='g++ -E'
ac_cv_prog_ac_ct_AR=ar
ac_cv_prog_ac_ct_CC=gcc
ac_cv_prog_ac_ct_CXX=g++
ac_cv_prog_ac_ct_MANIFEST_TOOL=mt
ac_cv_prog_ac_ct_OBJDUMP=objdump
ac_cv_prog_ac_ct_RANLIB=ranlib
ac_cv_prog_ac_ct_STRIP=strip
ac_cv_prog_cc_c89=
ac_cv_prog_cc_g=yes
ac_cv_prog_cxx_g=yes
ac_cv_prog_make_make_set=yes
ac_cv_type_size_t=yes
ac_cv_type_ssize_t=yes
am_cv_CC_dependencies_compiler_type=gcc3
am_cv_CXX_dependencies_compiler_type=gcc3
am_cv_ar_interface=ar
am_cv_make_support_nested_variables=yes
am_cv_prog_cc_c_o=yes
lt_cv_ar_at_file=@
lt_cv_archive_cmds_need_lc=no
lt_cv_deplibs_check_method=pass_all
lt_cv_file_magic_cmd='$MAGIC_CMD'
lt_cv_file_magic_test_file=
lt_cv_ld_reload_flag=-r
lt_cv_nm_interface='BSD nm'
lt_cv_objdir=.libs
lt_cv_path_LD=/usr/bin/ld
lt_cv_path_LDCXX=/usr/bin/ld
lt_cv_path_NM='/usr/bin/nm -B'
lt_cv_path_mainfest_tool=no
lt_cv_prog_compiler_c_o=yes
lt_cv_prog_compiler_c_o_CXX=yes
lt_cv_prog_compiler_pic='-fPIC -DPIC'
lt_cv_prog_compiler_pic_CXX='-fPIC -DPIC'
lt_cv_prog_compiler_pic_works=yes
lt_cv_prog_compiler_pic_works_CXX=yes
lt_cv_prog_compiler_rtti_exceptions=no
lt_cv_prog_compiler_static_works=yes
lt_cv_prog_compiler_static_works_CXX=yes
lt_cv_prog_gnu_ld=yes
lt_cv_prog_gnu_ldcxx=yes
lt_cv_sharedlib_from_linklib_cmd='printf %s\n'
lt_cv_shlibpath_overrides_runpath=no
lt_cv_sys_global_symbol_pipe='sed -n -e '\''s/^.*[	 ]\([ABCDGIRSTW][ABCDGIRSTW]*\)[	 ][	 ]*\([_A-Za-z][_A-Za-z0-9]*\)$/\1 \2 \2/p'\'' | sed '\''/ __gnu_lto/d'\'''
lt_cv_sys_global_symbol_to_c_name_address='sed -n -e '\''s/^: \([^ ]*\)[ ]*$/  {\"\1\", (void *) 0},/p'\'' -e '\''s/^[ABCDGIRSTW]* \([^ ]*\) \([^ ]*\)$/  {"\2", (void *) \&\2},/p'\'''
lt_cv_sys_global_symbol_to_c_name_address_lib_prefix='sed -n -e '\''s/^: \([^ ]*\)[ ]*$/  {\"\1\", (void *) 0},/p'\'' -e '\''s/^[ABCDGIRSTW]* \([^ ]*\) \(lib[^ ]*\)$/  {"\2", (void *) \&\2},/p'\'' -e '\''s/^[ABCDGIRSTW]* \([^ ]*\) \([^ ]*\)$/  {"lib\2", (void *) \&\2},/p'\'''
lt_cv_sys_global_symbol_to_cdecl='sed -n -e '\''s/^T .* \(.*\)$/extern int \1();/p'\'' -e '\''s/^[ABCDGIRSTW]* .* \(.*\)$/extern char \1;/p'\'''
lt_cv_sys_max_cmd_len=805306365
lt_cv_to_host_file_cmd=func_convert_file_noop
lt_cv_to_tool_file_cmd=func_convert_file_noop

## ----------------- ##
## Output variables. ##
## ----------------- ##

ACLOCAL='aclocal-1.14'
AMDEPBACKSLASH='\'
AMDEP_FALSE='#'
AMDEP_TRUE=''
AMTAR='$${TAR-tar}'
AM_BACKSLASH='\'
AM_DEFAULT_V='$(AM_DEFAULT_VERBOSITY)'
AM_DEFAULT_VERBOSITY='1'
AM_V='$(V)'
AR='ar'
AUTOCONF='autoconf'
AUTOHEADER='autoheader'
AUTOMAKE='automake-1.14'
AWK='mawk'
CC='gcc'
CCDEPMODE='depmode=gcc3'
CFLAGS='-g -O2'
CPP='gcc -E'
CPPFLAGS=''
CXX='g++'
CXXCPP='g++ -E'
CXXDEPMODE='depmode=gcc3'
CXXFLAGS='-g -O2'
CYGPATH_W='echo'
DEFS='-DHAVE_CONFIG_H'
DEPDIR='.deps'
DLLTOOL='false'
DSYMUTIL=''
DUMPBIN=''
ECHO_C=''
ECHO_N='-n'
ECHO_T=''
EGREP='/bin/grep -E'
EXEEXT=''
FGREP='/bin/grep -F'
GREP='/bin/grep'
INSTALL_DATA='${INSTALL} -m 644'
INSTALL_PROGRAM='${INSTALL}'
INSTALL_SCRIPT='${INSTALL}'
INSTALL_STRIP_PROGRAM='$(install_sh) -c -s'
LD='/usr/bin/ld'
LDFLAGS=''
LIBOBJS=''
LIBS='-lrt -lpthread -ldl '
LIBTOOL='$(SHELL) $(top_builddir)/libtool'
LIB_VERSION='1:0:0'
LIPO=''
LN_S='ln -s'
LTLIBOBJS=''
MAKEINFO='makeinfo'
MANIFEST_TOOL=':'
MKDIR_P='/bin/mkdir -p'
NM='/usr/bin/nm -B'
NMEDIT=''
OBJDUMP='objdump'
OBJEXT='o'
OTOOL64=''
OTOOL=''
PACKAGE='motesim'
PACKAGE_BUGREPORT='BUG-REPORT-ADDRESS'
PACKAGE_NAME='MoteSim'
PACKAGE_STRING='MoteSim 1.0.0'
PACKAGE_TARNAME='motesim'
PACKAGE_URL=''
PACKAGE_VERSION='1.0.0'
PATH_SEPARATOR=':'
RANLIB='ranlib'
SED='/bin/sed'
SET_MAKE=''
SHELL='/bin/sh'
STRIP='strip'
VERSION='1.0.0'
ac_ct_AR='ar'
ac_ct_CC='gcc'
ac_ct_CXX='g++'
ac_ct_DUMPBIN=''
am__EXEEXT_FALSE=''
am__EXEEXT_TRUE='#'
am__fastdepCC_FALSE='#'
am__fastdepCC_TRUE=''
am__fastdepCXX_FALSE='#'
am__fastdepCXX_TRUE=''
am__include='include'
am__isrc=''
am__leading_dot='.'
am__nodep='_no'
am__quote=''
am__tar='$${TAR-tar} chof - "$$tardir"'
am__untar='$${TAR-tar} xf -'
bindir='${exec_prefix}/bin'
build='i686-pc-linux-gnu'
build_alias=''
build_cpu='i686'
build_os='linux-gnu'
build_vendor='pc'
datadir='${datarootdir}'
datarootdir='${prefix}/share'
docdir='${datarootdir}/doc/${PACKAGE_TARNAME}'
dvidir='${docdir}'
exec_prefix='${prefix}'
host='i686-pc-linux-gnu'
host_alias=''
host_cpu='i686'
host_os='linux-gnu'
host_vendor='pc'
htmldir='${docdir}'
includedir='${prefix}/include'
infodir='${datarootdir}/info'
install_sh='${SHELL} /home/ivan/WISE_IOT/NetDevice/MoteSim/install-sh'
libdir='${exec_prefix}/lib'
libexecdir='${exec_prefix}/libexec'
localedir='${datarootdir}/locale'
localstatedir='${prefix}/var'
mandir='${datarootdir}/man'
mkdir_p='$(MKDIR_P)'
oldincludedir='/usr/include'
pdfdir='${docdir}'
prefix='/usr'
program_transform_name='s,x,x,'
psdir='${docdir}'
sbindir='${exec_prefix}/sbin'
sharedstatedir='${prefix}/com'
sysconfdir='${prefix}/etc'
target_alias=''

## ----------- ##
## confdefs.h. ##
## ----------- ##

/* confdefs.h */
#define PACKAGE_NAME "MoteSim"
#define PACKAGE_TARNAME "motesim"
#define PACKAGE_VERSION "1.0.0"
#define PACKAGE_STRING "MoteSim 1.0.0"
#define PACKAGE_BUGREPORT "BUG-REPORT-ADDRESS"
#define PACKAGE_URL ""
#define PACKAGE "motesim"
#define VERSION "1.0.0"
#define STDC_HEADERS 1
#define HAVE_SYS_TYPES_H 1
#define HAVE_SYS_STAT_H 1
#define HAVE_STDLIB_H 1
#define HAVE_STRING_H 1
#define HAVE_MEMORY_H 1
#define HAVE_STRINGS_H 1
#define HAVE_INTTYPES_H 1
#define HAVE_STDINT_H 1
#define HAVE_UNISTD_H 1
#define HAVE_DLFCN_H 1
#define LT_OBJDIR ".libs/"
#define HAVE_LIBDL 1
#define HAVE_LIBPTHREAD 1
#define HAVE_LIBRT 1
#define HAVE_STDLIB_H 1
#define HAVE_STRING_H 1
#define HAVE_UNISTD_H 1
#define HAVE_STDLIB_H 1
#define HAVE_MALLOC 1
#define HAVE_STDLIB_H 1
#define HAVE_REALLOC 1
#define HAVE_MEMSET 1
#define HAVE_STRCHR 1
#define HAVE_STRDUP 1
#define HAVE_STRPBRK 1

configure: exit 0

## ---------------------- ##
## Running config.status. ##
## ---------------------- ##

This file was extended by MoteSim config.status 1.0.0, which was
generated by GNU Autoconf 2.69.  Invocation command line was

  CONFIG_FILES    = 
  CONFIG_HEADERS  = 
  CONFIG_LINKS    = 
  CONFIG_COMMANDS = 
  $ ./config.status 

on ivan-VirtualBox

config.status:1162: creating Makefile
config.status:1162: creating libs/Makefile
config.status:1162: creating src/Makefile
config.status:1162: creating data/Makefile
config.status:1162: creating include/Makefile
config.status:1162: creating config.h
config.status:1343: config.h is unchanged
config.status:1391: executing depfiles commands
config.status:1391: executing libtool commands

## ---------------------- ##
## Running config.status. ##
## ---------------------- ##

This file was extended by MoteSim config.status 1.0.0, which was
generated by GNU Autoconf 2.69.  Invocation command line was

  CONFIG_FILES    = 
  CONFIG_HEADERS  = 
  CONFIG_LINKS    = 
  CONFIG_COMMANDS = 
  $ ./config.status config.h

on ivan-VirtualBox

config.status:1162: creating config.h
config.status:1343: config.h is unchanged
