This file contains any messages produced by compilers while
running configure, to aid debugging if configure makes a mistake.

It was created by DustWsnDrv configure 1.0.0, which was
generated by GNU Autoconf 2.69.  Invocation command line was

  $ ./configure --disable-option-checking --prefix=/usr --cache-file=/dev/null --srcdir=. --no-create --no-recursion

## --------- ##
## Platform. ##
## --------- ##

hostname = ivan-VirtualBox
uname -m = i686
uname -r = 4.2.0-27-generic
uname -s = Linux
uname -v = #32~14.04.1-Ubuntu SMP Fri Jan 22 15:32:27 UTC 2016

/usr/bin/uname -p = unknown
/bin/uname -X     = unknown

/bin/arch              = unknown
/usr/bin/arch -k       = unknown
/usr/convex/getsysinfo = unknown
/usr/bin/hostinfo      = unknown
/bin/machine           = unknown
/usr/bin/oslevel       = unknown
/bin/universe          = unknown

PATH: /usr/local/sbin
PATH: /usr/local/bin
PATH: /usr/sbin
PATH: /usr/bin
PATH: /sbin
PATH: /bin


## ----------- ##
## Core tests. ##
## ----------- ##

configure:2444: checking for a BSD-compatible install
configure:2512: result: /usr/bin/install -c
configure:2523: checking whether build environment is sane
configure:2578: result: yes
configure:2616: WARNING: 'missing' script is too old or missing
configure:2729: checking for a thread-safe mkdir -p
configure:2768: result: /bin/mkdir -p
configure:2775: checking for gawk
configure:2805: result: no
configure:2775: checking for mawk
configure:2791: found /usr/bin/mawk
configure:2802: result: mawk
configure:2813: checking whether make sets $(MAKE)
configure:2835: result: yes
configure:2864: checking whether make supports nested variables
configure:2881: result: yes
configure:3023: checking for style of include used by make
configure:3051: result: GNU
configure:3122: checking for gcc
configure:3138: found /usr/bin/gcc
configure:3149: result: gcc
configure:3378: checking for C compiler version
configure:3387: gcc --version >&5
gcc (Ubuntu 4.8.4-2ubuntu1~14.04.1) 4.8.4
Copyright (C) 2013 Free Software Foundation, Inc.
This is free software; see the source for copying conditions.  There is NO
warranty; not even for MERCHANTABILITY or FITNESS FOR A PARTICULAR PURPOSE.

configure:3398: $? = 0
configure:3387: gcc -v >&5
Using built-in specs.
COLLECT_GCC=gcc
COLLECT_LTO_WRAPPER=/usr/lib/gcc/i686-linux-gnu/4.8/lto-wrapper
Target: i686-linux-gnu
Configured with: ../src/configure -v --with-pkgversion='Ubuntu 4.8.4-2ubuntu1~14.04.1' --with-bugurl=file:///usr/share/doc/gcc-4.8/README.Bugs --enable-languages=c,c++,java,go,d,fortran,objc,obj-c++ --prefix=/usr --program-suffix=-4.8 --enable-shared --enable-linker-build-id --libexecdir=/usr/lib --without-included-gettext --enable-threads=posix --with-gxx-include-dir=/usr/include/c++/4.8 --libdir=/usr/lib --enable-nls --with-sysroot=/ --enable-clocale=gnu --enable-libstdcxx-debug --enable-libstdcxx-time=yes --enable-gnu-unique-object --disable-libmudflap --enable-plugin --with-system-zlib --disable-browser-plugin --enable-java-awt=gtk --enable-gtk-cairo --with-java-home=/usr/lib/jvm/java-1.5.0-gcj-4.8-i386/jre --enable-java-home --with-jvm-root-dir=/usr/lib/jvm/java-1.5.0-gcj-4.8-i386 --with-jvm-jar-dir=/usr/lib/jvm-exports/java-1.5.0-gcj-4.8-i386 --with-arch-directory=i386 --with-ecj-jar=/usr/share/java/eclipse-ecj.jar --enable-objc-gc --enable-targets=all --enable-multiarch --disable-werror --with-arch-32=i686 --with-multilib-list=m32,m64,mx32 --with-tune=generic --enable-checking=release --build=i686-linux-gnu --host=i686-linux-gnu --target=i686-linux-gnu
Thread model: posix
gcc version 4.8.4 (Ubuntu 4.8.4-2ubuntu1~14.04.1) 
configure:3398: $? = 0
configure:3387: gcc -V >&5
gcc: error: unrecognized command line option '-V'
gcc: fatal error: no input files
compilation terminated.
configure:3398: $? = 4
configure:3387: gcc -qversion >&5
gcc: error: unrecognized command line option '-qversion'
gcc: fatal error: no input files
compilation terminated.
configure:3398: $? = 4
configure:3418: checking whether the C compiler works
configure:3440: gcc    conftest.c  >&5
configure:3444: $? = 0
configure:3492: result: yes
configure:3495: checking for C compiler default output file name
configure:3497: result: a.out
configure:3503: checking for suffix of executables
configure:3510: gcc -o conftest    conftest.c  >&5
configure:3514: $? = 0
configure:3536: result: 
configure:3558: checking whether we are cross compiling
configure:3566: gcc -o conftest    conftest.c  >&5
configure:3570: $? = 0
configure:3577: ./conftest
configure:3581: $? = 0
configure:3596: result: no
configure:3601: checking for suffix of object files
configure:3623: gcc -c   conftest.c >&5
configure:3627: $? = 0
configure:3648: result: o
configure:3652: checking whether we are using the GNU C compiler
configure:3671: gcc -c   conftest.c >&5
configure:3671: $? = 0
configure:3680: result: yes
configure:3689: checking whether gcc accepts -g
configure:3709: gcc -c -g  conftest.c >&5
configure:3709: $? = 0
configure:3750: result: yes
configure:3767: checking for gcc option to accept ISO C89
configure:3830: gcc  -c -g -O2  conftest.c >&5
configure:3830: $? = 0
configure:3843: result: none needed
configure:3868: checking whether gcc understands -c and -o together
configure:3890: gcc -c conftest.c -o conftest2.o
configure:3893: $? = 0
configure:3890: gcc -c conftest.c -o conftest2.o
configure:3893: $? = 0
configure:3905: result: yes
configure:3924: checking dependency style of gcc
configure:4035: result: gcc3
configure:4100: checking for ar
configure:4116: found /usr/bin/ar
configure:4127: result: ar
configure:4153: checking the archiver (ar) interface
configure:4169: gcc -c -g -O2  conftest.c >&5
configure:4169: $? = 0
configure:4171: ar cru libconftest.a conftest.o >&5
configure:4174: $? = 0
configure:4202: result: ar
configure:4251: checking build system type
configure:4265: result: i686-pc-linux-gnu
configure:4285: checking host system type
configure:4298: result: i686-pc-linux-gnu
configure:4339: checking how to print strings
configure:4366: result: printf
configure:4387: checking for a sed that does not truncate output
configure:4451: result: /bin/sed
configure:4469: checking for grep that handles long lines and -e
configure:4527: result: /bin/grep
configure:4532: checking for egrep
configure:4594: result: /bin/grep -E
configure:4599: checking for fgrep
configure:4661: result: /bin/grep -F
configure:4696: checking for ld used by gcc
configure:4763: result: /usr/bin/ld
configure:4770: checking if the linker (/usr/bin/ld) is GNU ld
configure:4785: result: yes
configure:4797: checking for BSD- or MS-compatible name lister (nm)
configure:4846: result: /usr/bin/nm -B
configure:4976: checking the name lister (/usr/bin/nm -B) interface
configure:4983: gcc -c -g -O2  conftest.c >&5
configure:4986: /usr/bin/nm -B "conftest.o"
configure:4989: output
00000000 B some_variable
configure:4996: result: BSD nm
configure:4999: checking whether ln -s works
configure:5003: result: yes
configure:5011: checking the maximum length of command line arguments
configure:5141: result: 805306365
configure:5158: checking whether the shell understands some XSI constructs
configure:5168: result: yes
configure:5172: checking whether the shell understands "+="
configure:5178: result: yes
configure:5213: checking how to convert i686-pc-linux-gnu file names to i686-pc-linux-gnu format
configure:5253: result: func_convert_file_noop
configure:5260: checking how to convert i686-pc-linux-gnu file names to toolchain format
configure:5280: result: func_convert_file_noop
configure:5287: checking for /usr/bin/ld option to reload object files
configure:5294: result: -r
configure:5368: checking for objdump
configure:5384: found /usr/bin/objdump
configure:5395: result: objdump
configure:5427: checking how to recognize dependent libraries
configure:5629: result: pass_all
configure:5714: checking for dlltool
configure:5744: result: no
configure:5774: checking how to associate runtime and link libraries
configure:5801: result: printf %s\n
configure:5925: checking for archiver @FILE support
configure:5942: gcc -c -g -O2  conftest.c >&5
configure:5942: $? = 0
configure:5945: ar cru libconftest.a @conftest.lst >&5
configure:5948: $? = 0
configure:5953: ar cru libconftest.a @conftest.lst >&5
ar: conftest.o: No such file or directory
configure:5956: $? = 1
configure:5968: result: @
configure:6026: checking for strip
configure:6042: found /usr/bin/strip
configure:6053: result: strip
configure:6125: checking for ranlib
configure:6141: found /usr/bin/ranlib
configure:6152: result: ranlib
configure:6254: checking command to parse /usr/bin/nm -B output from gcc object
configure:6374: gcc -c -g -O2  conftest.c >&5
configure:6377: $? = 0
configure:6381: /usr/bin/nm -B conftest.o \| sed -n -e 's/^.*[ ]\([ABCDGIRSTW][ABCDGIRSTW]*\)[ ][ ]*\([_A-Za-z][_A-Za-z0-9]*\)$/\1 \2 \2/p' | sed '/ __gnu_lto/d' \> conftest.nm
configure:6384: $? = 0
configure:6450: gcc -o conftest -g -O2   conftest.c conftstm.o >&5
configure:6453: $? = 0
configure:6491: result: ok
configure:6528: checking for sysroot
configure:6558: result: no
configure:6814: checking for mt
configure:6830: found /bin/mt
configure:6841: result: mt
configure:6864: checking if mt is a manifest tool
configure:6870: mt '-?'
configure:6878: result: no
configure:7520: checking how to run the C preprocessor
configure:7551: gcc -E  conftest.c
configure:7551: $? = 0
configure:7565: gcc -E  conftest.c
conftest.c:11:28: fatal error: ac_nonexistent.h: No such file or directory
 #include <ac_nonexistent.h>
                            ^
compilation terminated.
configure:7565: $? = 1
configure: failed program was:
| /* confdefs.h */
| #define PACKAGE_NAME "DustWsnDrv"
| #define PACKAGE_TARNAME "dustwsndrv"
| #define PACKAGE_VERSION "1.0.0"
| #define PACKAGE_STRING "DustWsnDrv 1.0.0"
| #define PACKAGE_BUGREPORT "BUG-REPORT-ADDRESS"
| #define PACKAGE_URL ""
| #define PACKAGE "dustwsndrv"
| #define VERSION "1.0.0"
| /* end confdefs.h.  */
| #include <ac_nonexistent.h>
configure:7590: result: gcc -E
configure:7610: gcc -E  conftest.c
configure:7610: $? = 0
configure:7624: gcc -E  conftest.c
conftest.c:11:28: fatal error: ac_nonexistent.h: No such file or directory
 #include <ac_nonexistent.h>
                            ^
compilation terminated.
configure:7624: $? = 1
configure: failed program was:
| /* confdefs.h */
| #define PACKAGE_NAME "DustWsnDrv"
| #define PACKAGE_TARNAME "dustwsndrv"
| #define PACKAGE_VERSION "1.0.0"
| #define PACKAGE_STRING "DustWsnDrv 1.0.0"
| #define PACKAGE_BUGREPORT "BUG-REPORT-ADDRESS"
| #define PACKAGE_URL ""
| #define PACKAGE "dustwsndrv"
| #define VERSION "1.0.0"
| /* end confdefs.h.  */
| #include <ac_nonexistent.h>
configure:7653: checking for ANSI C header files
configure:7673: gcc -c -g -O2  conftest.c >&5
configure:7673: $? = 0
configure:7746: gcc -o conftest -g -O2   conftest.c  >&5
configure:7746: $? = 0
configure:7746: ./conftest
configure:7746: $? = 0
configure:7757: result: yes
configure:7770: checking for sys/types.h
configure:7770: gcc -c -g -O2  conftest.c >&5
configure:7770: $? = 0
configure:7770: result: yes
configure:7770: checking for sys/stat.h
configure:7770: gcc -c -g -O2  conftest.c >&5
configure:7770: $? = 0
configure:7770: result: yes
configure:7770: checking for stdlib.h
configure:7770: gcc -c -g -O2  conftest.c >&5
configure:7770: $? = 0
configure:7770: result: yes
configure:7770: checking for string.h
configure:7770: gcc -c -g -O2  conftest.c >&5
configure:7770: $? = 0
configure:7770: result: yes
configure:7770: checking for memory.h
configure:7770: gcc -c -g -O2  conftest.c >&5
configure:7770: $? = 0
configure:7770: result: yes
configure:7770: checking for strings.h
configure:7770: gcc -c -g -O2  conftest.c >&5
configure:7770: $? = 0
configure:7770: result: yes
configure:7770: checking for inttypes.h
configure:7770: gcc -c -g -O2  conftest.c >&5
configure:7770: $? = 0
configure:7770: result: yes
configure:7770: checking for stdint.h
configure:7770: gcc -c -g -O2  conftest.c >&5
configure:7770: $? = 0
configure:7770: result: yes
configure:7770: checking for unistd.h
configure:7770: gcc -c -g -O2  conftest.c >&5
configure:7770: $? = 0
configure:7770: result: yes
configure:7784: checking for dlfcn.h
configure:7784: gcc -c -g -O2  conftest.c >&5
configure:7784: $? = 0
configure:7784: result: yes
configure:7990: checking for objdir
configure:8005: result: .libs
configure:8276: checking if gcc supports -fno-rtti -fno-exceptions
configure:8294: gcc -c -g -O2  -fno-rtti -fno-exceptions conftest.c >&5
cc1: warning: command line option '-fno-rtti' is valid for C++/ObjC++ but not for C [enabled by default]
configure:8298: $? = 0
configure:8311: result: no
configure:8638: checking for gcc option to produce PIC
configure:8645: result: -fPIC -DPIC
configure:8653: checking if gcc PIC flag -fPIC -DPIC works
configure:8671: gcc -c -g -O2  -fPIC -DPIC -DPIC conftest.c >&5
configure:8675: $? = 0
configure:8688: result: yes
configure:8717: checking if gcc static flag -static works
configure:8745: result: yes
configure:8760: checking if gcc supports -c -o file.o
configure:8781: gcc -c -g -O2  -o out/conftest2.o conftest.c >&5
configure:8785: $? = 0
configure:8807: result: yes
configure:8815: checking if gcc supports -c -o file.o
configure:8862: result: yes
configure:8895: checking whether the gcc linker (/usr/bin/ld) supports shared libraries
configure:10052: result: yes
configure:10089: checking whether -lc should be explicitly linked in
configure:10097: gcc -c -g -O2  conftest.c >&5
configure:10100: $? = 0
configure:10115: gcc -shared  -fPIC -DPIC conftest.o  -v -Wl,-soname -Wl,conftest -o conftest 2\>\&1 \| /bin/grep  -lc  \>/dev/null 2\>\&1
configure:10118: $? = 0
configure:10132: result: no
configure:10292: checking dynamic linker characteristics
configure:10803: gcc -o conftest -g -O2   -Wl,-rpath -Wl,/foo conftest.c  >&5
configure:10803: $? = 0
configure:11037: result: GNU/Linux ld.so
configure:11144: checking how to hardcode library paths into programs
configure:11169: result: immediate
configure:11709: checking whether stripping libraries is possible
configure:11714: result: yes
configure:11749: checking if libtool supports shared libraries
configure:11751: result: yes
configure:11754: checking whether to build shared libraries
configure:11775: result: yes
configure:11778: checking whether to build static libraries
configure:11782: result: yes
configure:11869: checking for gcc
configure:11896: result: gcc
configure:12125: checking for C compiler version
configure:12134: gcc --version >&5
gcc (Ubuntu 4.8.4-2ubuntu1~14.04.1) 4.8.4
Copyright (C) 2013 Free Software Foundation, Inc.
This is free software; see the source for copying conditions.  There is NO
warranty; not even for MERCHANTABILITY or FITNESS FOR A PARTICULAR PURPOSE.

configure:12145: $? = 0
configure:12134: gcc -v >&5
Using built-in specs.
COLLECT_GCC=gcc
COLLECT_LTO_WRAPPER=/usr/lib/gcc/i686-linux-gnu/4.8/lto-wrapper
Target: i686-linux-gnu
Configured with: ../src/configure -v --with-pkgversion='Ubuntu 4.8.4-2ubuntu1~14.04.1' --with-bugurl=file:///usr/share/doc/gcc-4.8/README.Bugs --enable-languages=c,c++,java,go,d,fortran,objc,obj-c++ --prefix=/usr --program-suffix=-4.8 --enable-shared --enable-linker-build-id --libexecdir=/usr/lib --without-included-gettext --enable-threads=posix --with-gxx-include-dir=/usr/include/c++/4.8 --libdir=/usr/lib --enable-nls --with-sysroot=/ --enable-clocale=gnu --enable-libstdcxx-debug --enable-libstdcxx-time=yes --enable-gnu-unique-object --disable-libmudflap --enable-plugin --with-system-zlib --disable-browser-plugin --enable-java-awt=gtk --enable-gtk-cairo --with-java-home=/usr/lib/jvm/java-1.5.0-gcj-4.8-i386/jre --enable-java-home --with-jvm-root-dir=/usr/lib/jvm/java-1.5.0-gcj-4.8-i386 --with-jvm-jar-dir=/usr/lib/jvm-exports/java-1.5.0-gcj-4.8-i386 --with-arch-directory=i386 --with-ecj-jar=/usr/share/java/eclipse-ecj.jar --enable-objc-gc --enable-targets=all --enable-multiarch --disable-werror --with-arch-32=i686 --with-multilib-list=m32,m64,mx32 --with-tune=generic --enable-checking=release --build=i686-linux-gnu --host=i686-linux-gnu --target=i686-linux-gnu
Thread model: posix
gcc version 4.8.4 (Ubuntu 4.8.4-2ubuntu1~14.04.1) 
configure:12145: $? = 0
configure:12134: gcc -V >&5
gcc: error: unrecognized command line option '-V'
gcc: fatal error: no input files
compilation terminated.
configure:12145: $? = 4
configure:12134: gcc -qversion >&5
gcc: error: unrecognized command line option '-qversion'
gcc: fatal error: no input files
compilation terminated.
configure:12145: $? = 4
configure:12149: checking whether we are using the GNU C compiler
configure:12177: result: yes
configure:12186: checking whether gcc accepts -g
configure:12247: result: yes
configure:12264: checking for gcc option to accept ISO C89
configure:12340: result: none needed
configure:12365: checking whether gcc understands -c and -o together
configure:12402: result: yes
configure:12421: checking dependency style of gcc
configure:12532: result: gcc3
configure:12551: checking for dlopen in -ldl
configure:12576: gcc -o conftest -g -O2   conftest.c -ldl   >&5
configure:12576: $? = 0
configure:12585: result: yes
configure:12597: checking for pthread_create in -lpthread
configure:12622: gcc -o conftest -g -O2   conftest.c -lpthread  -ldl  >&5
configure:12622: $? = 0
configure:12631: result: yes
configure:12643: checking for clock_gettime in -lrt
configure:12668: gcc -o conftest -g -O2   conftest.c -lrt  -lpthread -ldl  >&5
configure:12668: $? = 0
configure:12677: result: yes
configure:12693: checking fcntl.h usability
configure:12693: gcc -c -g -O2  conftest.c >&5
configure:12693: $? = 0
configure:12693: result: yes
configure:12693: checking fcntl.h presence
configure:12693: gcc -E  conftest.c
configure:12693: $? = 0
configure:12693: result: yes
configure:12693: checking for fcntl.h
configure:12693: result: yes
configure:12693: checking limits.h usability
configure:12693: gcc -c -g -O2  conftest.c >&5
configure:12693: $? = 0
configure:12693: result: yes
configure:12693: checking limits.h presence
configure:12693: gcc -E  conftest.c
configure:12693: $? = 0
configure:12693: result: yes
configure:12693: checking for limits.h
configure:12693: result: yes
configure:12693: checking netinet/in.h usability
configure:12693: gcc -c -g -O2  conftest.c >&5
configure:12693: $? = 0
configure:12693: result: yes
configure:12693: checking netinet/in.h presence
configure:12693: gcc -E  conftest.c
configure:12693: $? = 0
configure:12693: result: yes
configure:12693: checking for netinet/in.h
configure:12693: result: yes
configure:12693: checking for stdint.h
configure:12693: result: yes
configure:12693: checking for stdlib.h
configure:12693: result: yes
configure:12693: checking for string.h
configure:12693: result: yes
configure:12693: checking sys/ioctl.h usability
configure:12693: gcc -c -g -O2  conftest.c >&5
configure:12693: $? = 0
configure:12693: result: yes
configure:12693: checking sys/ioctl.h presence
configure:12693: gcc -E  conftest.c
configure:12693: $? = 0
configure:12693: result: yes
configure:12693: checking for sys/ioctl.h
configure:12693: result: yes
configure:12693: checking sys/socket.h usability
configure:12693: gcc -c -g -O2  conftest.c >&5
configure:12693: $? = 0
configure:12693: result: yes
configure:12693: checking sys/socket.h presence
configure:12693: gcc -E  conftest.c
configure:12693: $? = 0
configure:12693: result: yes
configure:12693: checking for sys/socket.h
configure:12693: result: yes
configure:12693: checking sys/time.h usability
configure:12693: gcc -c -g -O2  conftest.c >&5
configure:12693: $? = 0
configure:12693: result: yes
configure:12693: checking sys/time.h presence
configure:12693: gcc -E  conftest.c
configure:12693: $? = 0
configure:12693: result: yes
configure:12693: checking for sys/time.h
configure:12693: result: yes
configure:12693: checking termios.h usability
configure:12693: gcc -c -g -O2  conftest.c >&5
configure:12693: $? = 0
configure:12693: result: yes
configure:12693: checking termios.h presence
configure:12693: gcc -E  conftest.c
configure:12693: $? = 0
configure:12693: result: yes
configure:12693: checking for termios.h
configure:12693: result: yes
configure:12693: checking for unistd.h
configure:12693: result: yes
configure:12693: checking wchar.h usability
configure:12693: gcc -c -g -O2  conftest.c >&5
configure:12693: $? = 0
configure:12693: result: yes
configure:12693: checking wchar.h presence
configure:12693: gcc -E  conftest.c
configure:12693: $? = 0
configure:12693: result: yes
configure:12693: checking for wchar.h
configure:12693: result: yes
configure:12705: checking for stdbool.h that conforms to C99
configure:12772: gcc -c -g -O2  conftest.c >&5
configure:12772: $? = 0
configure:12779: result: yes
configure:12781: checking for _Bool
configure:12781: gcc -c -g -O2  conftest.c >&5
configure:12781: $? = 0
configure:12781: gcc -c -g -O2  conftest.c >&5
conftest.c: In function 'main':
conftest.c:74:20: error: expected expression before ')' token
 if (sizeof ((_Bool)))
                    ^
configure:12781: $? = 1
configure: failed program was:
| /* confdefs.h */
| #define PACKAGE_NAME "DustWsnDrv"
| #define PACKAGE_TARNAME "dustwsndrv"
| #define PACKAGE_VERSION "1.0.0"
| #define PACKAGE_STRING "DustWsnDrv 1.0.0"
| #define PACKAGE_BUGREPORT "BUG-REPORT-ADDRESS"
| #define PACKAGE_URL ""
| #define PACKAGE "dustwsndrv"
| #define VERSION "1.0.0"
| #define STDC_HEADERS 1
| #define HAVE_SYS_TYPES_H 1
| #define HAVE_SYS_STAT_H 1
| #define HAVE_STDLIB_H 1
| #define HAVE_STRING_H 1
| #define HAVE_MEMORY_H 1
| #define HAVE_STRINGS_H 1
| #define HAVE_INTTYPES_H 1
| #define HAVE_STDINT_H 1
| #define HAVE_UNISTD_H 1
| #define HAVE_DLFCN_H 1
| #define LT_OBJDIR ".libs/"
| #define HAVE_LIBDL 1
| #define HAVE_LIBPTHREAD 1
| #define HAVE_LIBRT 1
| #define HAVE_FCNTL_H 1
| #define HAVE_LIMITS_H 1
| #define HAVE_NETINET_IN_H 1
| #define HAVE_STDINT_H 1
| #define HAVE_STDLIB_H 1
| #define HAVE_STRING_H 1
| #define HAVE_SYS_IOCTL_H 1
| #define HAVE_SYS_SOCKET_H 1
| #define HAVE_SYS_TIME_H 1
| #define HAVE_TERMIOS_H 1
| #define HAVE_UNISTD_H 1
| #define HAVE_WCHAR_H 1
| /* end confdefs.h.  */
| #include <stdio.h>
| #ifdef HAVE_SYS_TYPES_H
| # include <sys/types.h>
| #endif
| #ifdef HAVE_SYS_STAT_H
| # include <sys/stat.h>
| #endif
| #ifdef STDC_HEADERS
| # include <stdlib.h>
| # include <stddef.h>
| #else
| # ifdef HAVE_STDLIB_H
| #  include <stdlib.h>
| # endif
| #endif
| #ifdef HAVE_STRING_H
| # if !defined STDC_HEADERS && defined HAVE_MEMORY_H
| #  include <memory.h>
| # endif
| # include <string.h>
| #endif
| #ifdef HAVE_STRINGS_H
| # include <strings.h>
| #endif
| #ifdef HAVE_INTTYPES_H
| # include <inttypes.h>
| #endif
| #ifdef HAVE_STDINT_H
| # include <stdint.h>
| #endif
| #ifdef HAVE_UNISTD_H
| # include <unistd.h>
| #endif
| int
| main ()
| {
| if (sizeof ((_Bool)))
| 	    return 0;
|   ;
|   return 0;
| }
configure:12781: result: yes
configure:12798: checking for int32_t
configure:12798: gcc -c -g -O2  conftest.c >&5
configure:12798: $? = 0
configure:12798: gcc -c -g -O2  conftest.c >&5
conftest.c: In function 'main':
conftest.c:78:53: warning: integer overflow in expression [-Woverflow]
    < (int32_t) (((((int32_t) 1 << N) << N) - 1) * 2 + 2))];
                                                     ^
conftest.c:77:12: error: storage size of 'test_array' isn't constant
 static int test_array [1 - 2 * !((int32_t) (((((int32_t) 1 << N) << N) - 1) * 2 + 1)
            ^
configure:12798: $? = 1
configure: failed program was:
| /* confdefs.h */
| #define PACKAGE_NAME "DustWsnDrv"
| #define PACKAGE_TARNAME "dustwsndrv"
| #define PACKAGE_VERSION "1.0.0"
| #define PACKAGE_STRING "DustWsnDrv 1.0.0"
| #define PACKAGE_BUGREPORT "BUG-REPORT-ADDRESS"
| #define PACKAGE_URL ""
| #define PACKAGE "dustwsndrv"
| #define VERSION "1.0.0"
| #define STDC_HEADERS 1
| #define HAVE_SYS_TYPES_H 1
| #define HAVE_SYS_STAT_H 1
| #define HAVE_STDLIB_H 1
| #define HAVE_STRING_H 1
| #define HAVE_MEMORY_H 1
| #define HAVE_STRINGS_H 1
| #define HAVE_INTTYPES_H 1
| #define HAVE_STDINT_H 1
| #define HAVE_UNISTD_H 1
| #define HAVE_DLFCN_H 1
| #define LT_OBJDIR ".libs/"
| #define HAVE_LIBDL 1
| #define HAVE_LIBPTHREAD 1
| #define HAVE_LIBRT 1
| #define HAVE_FCNTL_H 1
| #define HAVE_LIMITS_H 1
| #define HAVE_NETINET_IN_H 1
| #define HAVE_STDINT_H 1
| #define HAVE_STDLIB_H 1
| #define HAVE_STRING_H 1
| #define HAVE_SYS_IOCTL_H 1
| #define HAVE_SYS_SOCKET_H 1
| #define HAVE_SYS_TIME_H 1
| #define HAVE_TERMIOS_H 1
| #define HAVE_UNISTD_H 1
| #define HAVE_WCHAR_H 1
| #define HAVE__BOOL 1
| #define HAVE_STDBOOL_H 1
| /* end confdefs.h.  */
| #include <stdio.h>
| #ifdef HAVE_SYS_TYPES_H
| # include <sys/types.h>
| #endif
| #ifdef HAVE_SYS_STAT_H
| # include <sys/stat.h>
| #endif
| #ifdef STDC_HEADERS
| # include <stdlib.h>
| # include <stddef.h>
| #else
| # ifdef HAVE_STDLIB_H
| #  include <stdlib.h>
| # endif
| #endif
| #ifdef HAVE_STRING_H
| # if !defined STDC_HEADERS && defined HAVE_MEMORY_H
| #  include <memory.h>
| # endif
| # include <string.h>
| #endif
| #ifdef HAVE_STRINGS_H
| # include <strings.h>
| #endif
| #ifdef HAVE_INTTYPES_H
| # include <inttypes.h>
| #endif
| #ifdef HAVE_STDINT_H
| # include <stdint.h>
| #endif
| #ifdef HAVE_UNISTD_H
| # include <unistd.h>
| #endif
| 	        enum { N = 32 / 2 - 1 };
| int
| main ()
| {
| static int test_array [1 - 2 * !((int32_t) (((((int32_t) 1 << N) << N) - 1) * 2 + 1)
| 		 < (int32_t) (((((int32_t) 1 << N) << N) - 1) * 2 + 2))];
| test_array [0] = 0;
| return test_array [0];
| 
|   ;
|   return 0;
| }
configure:12798: result: yes
configure:12809: checking for int8_t
configure:12809: gcc -c -g -O2  conftest.c >&5
configure:12809: $? = 0
configure:12809: gcc -c -g -O2  conftest.c >&5
conftest.c: In function 'main':
conftest.c:77:12: error: size of array 'test_array' is negative
 static int test_array [1 - 2 * !((int8_t) (((((int8_t) 1 << N) << N) - 1) * 2 + 1)
            ^
configure:12809: $? = 1
configure: failed program was:
| /* confdefs.h */
| #define PACKAGE_NAME "DustWsnDrv"
| #define PACKAGE_TARNAME "dustwsndrv"
| #define PACKAGE_VERSION "1.0.0"
| #define PACKAGE_STRING "DustWsnDrv 1.0.0"
| #define PACKAGE_BUGREPORT "BUG-REPORT-ADDRESS"
| #define PACKAGE_URL ""
| #define PACKAGE "dustwsndrv"
| #define VERSION "1.0.0"
| #define STDC_HEADERS 1
| #define HAVE_SYS_TYPES_H 1
| #define HAVE_SYS_STAT_H 1
| #define HAVE_STDLIB_H 1
| #define HAVE_STRING_H 1
| #define HAVE_MEMORY_H 1
| #define HAVE_STRINGS_H 1
| #define HAVE_INTTYPES_H 1
| #define HAVE_STDINT_H 1
| #define HAVE_UNISTD_H 1
| #define HAVE_DLFCN_H 1
| #define LT_OBJDIR ".libs/"
| #define HAVE_LIBDL 1
| #define HAVE_LIBPTHREAD 1
| #define HAVE_LIBRT 1
| #define HAVE_FCNTL_H 1
| #define HAVE_LIMITS_H 1
| #define HAVE_NETINET_IN_H 1
| #define HAVE_STDINT_H 1
| #define HAVE_STDLIB_H 1
| #define HAVE_STRING_H 1
| #define HAVE_SYS_IOCTL_H 1
| #define HAVE_SYS_SOCKET_H 1
| #define HAVE_SYS_TIME_H 1
| #define HAVE_TERMIOS_H 1
| #define HAVE_UNISTD_H 1
| #define HAVE_WCHAR_H 1
| #define HAVE__BOOL 1
| #define HAVE_STDBOOL_H 1
| /* end confdefs.h.  */
| #include <stdio.h>
| #ifdef HAVE_SYS_TYPES_H
| # include <sys/types.h>
| #endif
| #ifdef HAVE_SYS_STAT_H
| # include <sys/stat.h>
| #endif
| #ifdef STDC_HEADERS
| # include <stdlib.h>
| # include <stddef.h>
| #else
| # ifdef HAVE_STDLIB_H
| #  include <stdlib.h>
| # endif
| #endif
| #ifdef HAVE_STRING_H
| # if !defined STDC_HEADERS && defined HAVE_MEMORY_H
| #  include <memory.h>
| # endif
| # include <string.h>
| #endif
| #ifdef HAVE_STRINGS_H
| # include <strings.h>
| #endif
| #ifdef HAVE_INTTYPES_H
| # include <inttypes.h>
| #endif
| #ifdef HAVE_STDINT_H
| # include <stdint.h>
| #endif
| #ifdef HAVE_UNISTD_H
| # include <unistd.h>
| #endif
| 	        enum { N = 8 / 2 - 1 };
| int
| main ()
| {
| static int test_array [1 - 2 * !((int8_t) (((((int8_t) 1 << N) << N) - 1) * 2 + 1)
| 		 < (int8_t) (((((int8_t) 1 << N) << N) - 1) * 2 + 2))];
| test_array [0] = 0;
| return test_array [0];
| 
|   ;
|   return 0;
| }
configure:12809: result: yes
configure:12820: checking for mode_t
configure:12820: gcc -c -g -O2  conftest.c >&5
configure:12820: $? = 0
configure:12820: gcc -c -g -O2  conftest.c >&5
conftest.c: In function 'main':
conftest.c:76:21: error: expected expression before ')' token
 if (sizeof ((mode_t)))
                     ^
configure:12820: $? = 1
configure: failed program was:
| /* confdefs.h */
| #define PACKAGE_NAME "DustWsnDrv"
| #define PACKAGE_TARNAME "dustwsndrv"
| #define PACKAGE_VERSION "1.0.0"
| #define PACKAGE_STRING "DustWsnDrv 1.0.0"
| #define PACKAGE_BUGREPORT "BUG-REPORT-ADDRESS"
| #define PACKAGE_URL ""
| #define PACKAGE "dustwsndrv"
| #define VERSION "1.0.0"
| #define STDC_HEADERS 1
| #define HAVE_SYS_TYPES_H 1
| #define HAVE_SYS_STAT_H 1
| #define HAVE_STDLIB_H 1
| #define HAVE_STRING_H 1
| #define HAVE_MEMORY_H 1
| #define HAVE_STRINGS_H 1
| #define HAVE_INTTYPES_H 1
| #define HAVE_STDINT_H 1
| #define HAVE_UNISTD_H 1
| #define HAVE_DLFCN_H 1
| #define LT_OBJDIR ".libs/"
| #define HAVE_LIBDL 1
| #define HAVE_LIBPTHREAD 1
| #define HAVE_LIBRT 1
| #define HAVE_FCNTL_H 1
| #define HAVE_LIMITS_H 1
| #define HAVE_NETINET_IN_H 1
| #define HAVE_STDINT_H 1
| #define HAVE_STDLIB_H 1
| #define HAVE_STRING_H 1
| #define HAVE_SYS_IOCTL_H 1
| #define HAVE_SYS_SOCKET_H 1
| #define HAVE_SYS_TIME_H 1
| #define HAVE_TERMIOS_H 1
| #define HAVE_UNISTD_H 1
| #define HAVE_WCHAR_H 1
| #define HAVE__BOOL 1
| #define HAVE_STDBOOL_H 1
| /* end confdefs.h.  */
| #include <stdio.h>
| #ifdef HAVE_SYS_TYPES_H
| # include <sys/types.h>
| #endif
| #ifdef HAVE_SYS_STAT_H
| # include <sys/stat.h>
| #endif
| #ifdef STDC_HEADERS
| # include <stdlib.h>
| # include <stddef.h>
| #else
| # ifdef HAVE_STDLIB_H
| #  include <stdlib.h>
| # endif
| #endif
| #ifdef HAVE_STRING_H
| # if !defined STDC_HEADERS && defined HAVE_MEMORY_H
| #  include <memory.h>
| # endif
| # include <string.h>
| #endif
| #ifdef HAVE_STRINGS_H
| # include <strings.h>
| #endif
| #ifdef HAVE_INTTYPES_H
| # include <inttypes.h>
| #endif
| #ifdef HAVE_STDINT_H
| # include <stdint.h>
| #endif
| #ifdef HAVE_UNISTD_H
| # include <unistd.h>
| #endif
| int
| main ()
| {
| if (sizeof ((mode_t)))
| 	    return 0;
|   ;
|   return 0;
| }
configure:12820: result: yes
configure:12831: checking for pid_t
configure:12831: gcc -c -g -O2  conftest.c >&5
configure:12831: $? = 0
configure:12831: gcc -c -g -O2  conftest.c >&5
conftest.c: In function 'main':
conftest.c:76:20: error: expected expression before ')' token
 if (sizeof ((pid_t)))
                    ^
configure:12831: $? = 1
configure: failed program was:
| /* confdefs.h */
| #define PACKAGE_NAME "DustWsnDrv"
| #define PACKAGE_TARNAME "dustwsndrv"
| #define PACKAGE_VERSION "1.0.0"
| #define PACKAGE_STRING "DustWsnDrv 1.0.0"
| #define PACKAGE_BUGREPORT "BUG-REPORT-ADDRESS"
| #define PACKAGE_URL ""
| #define PACKAGE "dustwsndrv"
| #define VERSION "1.0.0"
| #define STDC_HEADERS 1
| #define HAVE_SYS_TYPES_H 1
| #define HAVE_SYS_STAT_H 1
| #define HAVE_STDLIB_H 1
| #define HAVE_STRING_H 1
| #define HAVE_MEMORY_H 1
| #define HAVE_STRINGS_H 1
| #define HAVE_INTTYPES_H 1
| #define HAVE_STDINT_H 1
| #define HAVE_UNISTD_H 1
| #define HAVE_DLFCN_H 1
| #define LT_OBJDIR ".libs/"
| #define HAVE_LIBDL 1
| #define HAVE_LIBPTHREAD 1
| #define HAVE_LIBRT 1
| #define HAVE_FCNTL_H 1
| #define HAVE_LIMITS_H 1
| #define HAVE_NETINET_IN_H 1
| #define HAVE_STDINT_H 1
| #define HAVE_STDLIB_H 1
| #define HAVE_STRING_H 1
| #define HAVE_SYS_IOCTL_H 1
| #define HAVE_SYS_SOCKET_H 1
| #define HAVE_SYS_TIME_H 1
| #define HAVE_TERMIOS_H 1
| #define HAVE_UNISTD_H 1
| #define HAVE_WCHAR_H 1
| #define HAVE__BOOL 1
| #define HAVE_STDBOOL_H 1
| /* end confdefs.h.  */
| #include <stdio.h>
| #ifdef HAVE_SYS_TYPES_H
| # include <sys/types.h>
| #endif
| #ifdef HAVE_SYS_STAT_H
| # include <sys/stat.h>
| #endif
| #ifdef STDC_HEADERS
| # include <stdlib.h>
| # include <stddef.h>
| #else
| # ifdef HAVE_STDLIB_H
| #  include <stdlib.h>
| # endif
| #endif
| #ifdef HAVE_STRING_H
| # if !defined STDC_HEADERS && defined HAVE_MEMORY_H
| #  include <memory.h>
| # endif
| # include <string.h>
| #endif
| #ifdef HAVE_STRINGS_H
| # include <strings.h>
| #endif
| #ifdef HAVE_INTTYPES_H
| # include <inttypes.h>
| #endif
| #ifdef HAVE_STDINT_H
| # include <stdint.h>
| #endif
| #ifdef HAVE_UNISTD_H
| # include <unistd.h>
| #endif
| int
| main ()
| {
| if (sizeof ((pid_t)))
| 	    return 0;
|   ;
|   return 0;
| }
configure:12831: result: yes
configure:12842: checking for size_t
configure:12842: gcc -c -g -O2  conftest.c >&5
configure:12842: $? = 0
configure:12842: gcc -c -g -O2  conftest.c >&5
conftest.c: In function 'main':
conftest.c:76:21: error: expected expression before ')' token
 if (sizeof ((size_t)))
                     ^
configure:12842: $? = 1
configure: failed program was:
| /* confdefs.h */
| #define PACKAGE_NAME "DustWsnDrv"
| #define PACKAGE_TARNAME "dustwsndrv"
| #define PACKAGE_VERSION "1.0.0"
| #define PACKAGE_STRING "DustWsnDrv 1.0.0"
| #define PACKAGE_BUGREPORT "BUG-REPORT-ADDRESS"
| #define PACKAGE_URL ""
| #define PACKAGE "dustwsndrv"
| #define VERSION "1.0.0"
| #define STDC_HEADERS 1
| #define HAVE_SYS_TYPES_H 1
| #define HAVE_SYS_STAT_H 1
| #define HAVE_STDLIB_H 1
| #define HAVE_STRING_H 1
| #define HAVE_MEMORY_H 1
| #define HAVE_STRINGS_H 1
| #define HAVE_INTTYPES_H 1
| #define HAVE_STDINT_H 1
| #define HAVE_UNISTD_H 1
| #define HAVE_DLFCN_H 1
| #define LT_OBJDIR ".libs/"
| #define HAVE_LIBDL 1
| #define HAVE_LIBPTHREAD 1
| #define HAVE_LIBRT 1
| #define HAVE_FCNTL_H 1
| #define HAVE_LIMITS_H 1
| #define HAVE_NETINET_IN_H 1
| #define HAVE_STDINT_H 1
| #define HAVE_STDLIB_H 1
| #define HAVE_STRING_H 1
| #define HAVE_SYS_IOCTL_H 1
| #define HAVE_SYS_SOCKET_H 1
| #define HAVE_SYS_TIME_H 1
| #define HAVE_TERMIOS_H 1
| #define HAVE_UNISTD_H 1
| #define HAVE_WCHAR_H 1
| #define HAVE__BOOL 1
| #define HAVE_STDBOOL_H 1
| /* end confdefs.h.  */
| #include <stdio.h>
| #ifdef HAVE_SYS_TYPES_H
| # include <sys/types.h>
| #endif
| #ifdef HAVE_SYS_STAT_H
| # include <sys/stat.h>
| #endif
| #ifdef STDC_HEADERS
| # include <stdlib.h>
| # include <stddef.h>
| #else
| # ifdef HAVE_STDLIB_H
| #  include <stdlib.h>
| # endif
| #endif
| #ifdef HAVE_STRING_H
| # if !defined STDC_HEADERS && defined HAVE_MEMORY_H
| #  include <memory.h>
| # endif
| # include <string.h>
| #endif
| #ifdef HAVE_STRINGS_H
| # include <strings.h>
| #endif
| #ifdef HAVE_INTTYPES_H
| # include <inttypes.h>
| #endif
| #ifdef HAVE_STDINT_H
| # include <stdint.h>
| #endif
| #ifdef HAVE_UNISTD_H
| # include <unistd.h>
| #endif
| int
| main ()
| {
| if (sizeof ((size_t)))
| 	    return 0;
|   ;
|   return 0;
| }
configure:12842: result: yes
configure:12853: checking for uint16_t
configure:12853: gcc -c -g -O2  conftest.c >&5
configure:12853: $? = 0
configure:12853: result: yes
configure:12865: checking for uint32_t
configure:12865: gcc -c -g -O2  conftest.c >&5
configure:12865: $? = 0
configure:12865: result: yes
configure:12879: checking for uint8_t
configure:12879: gcc -c -g -O2  conftest.c >&5
configure:12879: $? = 0
configure:12879: result: yes
configure:12897: checking vfork.h usability
configure:12897: gcc -c -g -O2  conftest.c >&5
conftest.c:73:19: fatal error: vfork.h: No such file or directory
 #include <vfork.h>
                   ^
compilation terminated.
configure:12897: $? = 1
configure: failed program was:
| /* confdefs.h */
| #define PACKAGE_NAME "DustWsnDrv"
| #define PACKAGE_TARNAME "dustwsndrv"
| #define PACKAGE_VERSION "1.0.0"
| #define PACKAGE_STRING "DustWsnDrv 1.0.0"
| #define PACKAGE_BUGREPORT "BUG-REPORT-ADDRESS"
| #define PACKAGE_URL ""
| #define PACKAGE "dustwsndrv"
| #define VERSION "1.0.0"
| #define STDC_HEADERS 1
| #define HAVE_SYS_TYPES_H 1
| #define HAVE_SYS_STAT_H 1
| #define HAVE_STDLIB_H 1
| #define HAVE_STRING_H 1
| #define HAVE_MEMORY_H 1
| #define HAVE_STRINGS_H 1
| #define HAVE_INTTYPES_H 1
| #define HAVE_STDINT_H 1
| #define HAVE_UNISTD_H 1
| #define HAVE_DLFCN_H 1
| #define LT_OBJDIR ".libs/"
| #define HAVE_LIBDL 1
| #define HAVE_LIBPTHREAD 1
| #define HAVE_LIBRT 1
| #define HAVE_FCNTL_H 1
| #define HAVE_LIMITS_H 1
| #define HAVE_NETINET_IN_H 1
| #define HAVE_STDINT_H 1
| #define HAVE_STDLIB_H 1
| #define HAVE_STRING_H 1
| #define HAVE_SYS_IOCTL_H 1
| #define HAVE_SYS_SOCKET_H 1
| #define HAVE_SYS_TIME_H 1
| #define HAVE_TERMIOS_H 1
| #define HAVE_UNISTD_H 1
| #define HAVE_WCHAR_H 1
| #define HAVE__BOOL 1
| #define HAVE_STDBOOL_H 1
| /* end confdefs.h.  */
| #include <stdio.h>
| #ifdef HAVE_SYS_TYPES_H
| # include <sys/types.h>
| #endif
| #ifdef HAVE_SYS_STAT_H
| # include <sys/stat.h>
| #endif
| #ifdef STDC_HEADERS
| # include <stdlib.h>
| # include <stddef.h>
| #else
| # ifdef HAVE_STDLIB_H
| #  include <stdlib.h>
| # endif
| #endif
| #ifdef HAVE_STRING_H
| # if !defined STDC_HEADERS && defined HAVE_MEMORY_H
| #  include <memory.h>
| # endif
| # include <string.h>
| #endif
| #ifdef HAVE_STRINGS_H
| # include <strings.h>
| #endif
| #ifdef HAVE_INTTYPES_H
| # include <inttypes.h>
| #endif
| #ifdef HAVE_STDINT_H
| # include <stdint.h>
| #endif
| #ifdef HAVE_UNISTD_H
| # include <unistd.h>
| #endif
| #include <vfork.h>
configure:12897: result: no
configure:12897: checking vfork.h presence
configure:12897: gcc -E  conftest.c
conftest.c:40:19: fatal error: vfork.h: No such file or directory
 #include <vfork.h>
                   ^
compilation terminated.
configure:12897: $? = 1
configure: failed program was:
| /* confdefs.h */
| #define PACKAGE_NAME "DustWsnDrv"
| #define PACKAGE_TARNAME "dustwsndrv"
| #define PACKAGE_VERSION "1.0.0"
| #define PACKAGE_STRING "DustWsnDrv 1.0.0"
| #define PACKAGE_BUGREPORT "BUG-REPORT-ADDRESS"
| #define PACKAGE_URL ""
| #define PACKAGE "dustwsndrv"
| #define VERSION "1.0.0"
| #define STDC_HEADERS 1
| #define HAVE_SYS_TYPES_H 1
| #define HAVE_SYS_STAT_H 1
| #define HAVE_STDLIB_H 1
| #define HAVE_STRING_H 1
| #define HAVE_MEMORY_H 1
| #define HAVE_STRINGS_H 1
| #define HAVE_INTTYPES_H 1
| #define HAVE_STDINT_H 1
| #define HAVE_UNISTD_H 1
| #define HAVE_DLFCN_H 1
| #define LT_OBJDIR ".libs/"
| #define HAVE_LIBDL 1
| #define HAVE_LIBPTHREAD 1
| #define HAVE_LIBRT 1
| #define HAVE_FCNTL_H 1
| #define HAVE_LIMITS_H 1
| #define HAVE_NETINET_IN_H 1
| #define HAVE_STDINT_H 1
| #define HAVE_STDLIB_H 1
| #define HAVE_STRING_H 1
| #define HAVE_SYS_IOCTL_H 1
| #define HAVE_SYS_SOCKET_H 1
| #define HAVE_SYS_TIME_H 1
| #define HAVE_TERMIOS_H 1
| #define HAVE_UNISTD_H 1
| #define HAVE_WCHAR_H 1
| #define HAVE__BOOL 1
| #define HAVE_STDBOOL_H 1
| /* end confdefs.h.  */
| #include <vfork.h>
configure:12897: result: no
configure:12897: checking for vfork.h
configure:12897: result: no
configure:12910: checking for fork
configure:12910: gcc -o conftest -g -O2   conftest.c -lrt -lpthread -ldl  >&5
conftest.c:63:6: warning: conflicting types for built-in function 'fork' [enabled by default]
 char fork ();
      ^
configure:12910: $? = 0
configure:12910: result: yes
configure:12910: checking for vfork
configure:12910: gcc -o conftest -g -O2   conftest.c -lrt -lpthread -ldl  >&5
configure:12910: $? = 0
configure:12910: result: yes
configure:12920: checking for working fork
configure:12942: gcc -o conftest -g -O2   conftest.c -lrt -lpthread -ldl  >&5
configure:12942: $? = 0
configure:12942: ./conftest
configure:12942: $? = 0
configure:12952: result: yes
configure:12973: checking for working vfork
configure:13083: result: yes
configure:13110: checking for stdlib.h
configure:13110: result: yes
configure:13120: checking for GNU libc compatible malloc
configure:13144: gcc -o conftest -g -O2   conftest.c -lrt -lpthread -ldl  >&5
configure:13144: $? = 0
configure:13144: ./conftest
configure:13144: $? = 0
configure:13154: result: yes
configure:13178: checking for clock_gettime
configure:13178: gcc -o conftest -g -O2   conftest.c -lrt -lpthread -ldl  >&5
configure:13178: $? = 0
configure:13178: result: yes
configure:13178: checking for gettimeofday
configure:13178: gcc -o conftest -g -O2   conftest.c -lrt -lpthread -ldl  >&5
configure:13178: $? = 0
configure:13178: result: yes
configure:13178: checking for inet_ntoa
configure:13178: gcc -o conftest -g -O2   conftest.c -lrt -lpthread -ldl  >&5
configure:13178: $? = 0
configure:13178: result: yes
configure:13178: checking for memmove
configure:13178: gcc -o conftest -g -O2   conftest.c -lrt -lpthread -ldl  >&5
conftest.c:72:6: warning: conflicting types for built-in function 'memmove' [enabled by default]
 char memmove ();
      ^
configure:13178: $? = 0
configure:13178: result: yes
configure:13178: checking for memset
configure:13178: gcc -o conftest -g -O2   conftest.c -lrt -lpthread -ldl  >&5
conftest.c:73:6: warning: conflicting types for built-in function 'memset' [enabled by default]
 char memset ();
      ^
configure:13178: $? = 0
configure:13178: result: yes
configure:13178: checking for mkdir
configure:13178: gcc -o conftest -g -O2   conftest.c -lrt -lpthread -ldl  >&5
configure:13178: $? = 0
configure:13178: result: yes
configure:13178: checking for socket
configure:13178: gcc -o conftest -g -O2   conftest.c -lrt -lpthread -ldl  >&5
configure:13178: $? = 0
configure:13178: result: yes
configure:13178: checking for strcasecmp
configure:13178: gcc -o conftest -g -O2   conftest.c -lrt -lpthread -ldl  >&5
conftest.c:76:6: warning: conflicting types for built-in function 'strcasecmp' [enabled by default]
 char strcasecmp ();
      ^
configure:13178: $? = 0
configure:13178: result: yes
configure:13178: checking for strchr
configure:13178: gcc -o conftest -g -O2   conftest.c -lrt -lpthread -ldl  >&5
conftest.c:77:6: warning: conflicting types for built-in function 'strchr' [enabled by default]
 char strchr ();
      ^
configure:13178: $? = 0
configure:13178: result: yes
configure:13178: checking for strdup
configure:13178: gcc -o conftest -g -O2   conftest.c -lrt -lpthread -ldl  >&5
conftest.c:78:6: warning: conflicting types for built-in function 'strdup' [enabled by default]
 char strdup ();
      ^
configure:13178: $? = 0
configure:13178: result: yes
configure:13178: checking for strrchr
configure:13178: gcc -o conftest -g -O2   conftest.c -lrt -lpthread -ldl  >&5
conftest.c:79:6: warning: conflicting types for built-in function 'strrchr' [enabled by default]
 char strrchr ();
      ^
configure:13178: $? = 0
configure:13178: result: yes
configure:13178: checking for strstr
configure:13178: gcc -o conftest -g -O2   conftest.c -lrt -lpthread -ldl  >&5
conftest.c:80:6: warning: conflicting types for built-in function 'strstr' [enabled by default]
 char strstr ();
      ^
configure:13178: $? = 0
configure:13178: result: yes
configure:13178: checking for strtol
configure:13178: gcc -o conftest -g -O2   conftest.c -lrt -lpthread -ldl  >&5
configure:13178: $? = 0
configure:13178: result: yes
configure:13178: checking for sysinfo
configure:13178: gcc -o conftest -g -O2   conftest.c -lrt -lpthread -ldl  >&5
configure:13178: $? = 0
configure:13178: result: yes
configure:13336: checking that generated files are newer than configure
configure:13342: result: done
configure:13377: creating ./config.status

## ---------------- ##
## Cache variables. ##
## ---------------- ##

ac_cv_build=i686-pc-linux-gnu
ac_cv_c_compiler_gnu=yes
ac_cv_c_int32_t=yes
ac_cv_c_int8_t=yes
ac_cv_c_uint16_t=yes
ac_cv_c_uint32_t=yes
ac_cv_c_uint8_t=yes
ac_cv_env_CC_set=
ac_cv_env_CC_value=
ac_cv_env_CFLAGS_set=
ac_cv_env_CFLAGS_value=
ac_cv_env_CPPFLAGS_set=
ac_cv_env_CPPFLAGS_value=
ac_cv_env_CPP_set=
ac_cv_env_CPP_value=
ac_cv_env_LDFLAGS_set=
ac_cv_env_LDFLAGS_value=
ac_cv_env_LIBS_set=
ac_cv_env_LIBS_value=
ac_cv_env_build_alias_set=
ac_cv_env_build_alias_value=
ac_cv_env_host_alias_set=
ac_cv_env_host_alias_value=
ac_cv_env_target_alias_set=
ac_cv_env_target_alias_value=
ac_cv_func_clock_gettime=yes
ac_cv_func_fork=yes
ac_cv_func_fork_works=yes
ac_cv_func_gettimeofday=yes
ac_cv_func_inet_ntoa=yes
ac_cv_func_malloc_0_nonnull=yes
ac_cv_func_memmove=yes
ac_cv_func_memset=yes
ac_cv_func_mkdir=yes
ac_cv_func_socket=yes
ac_cv_func_strcasecmp=yes
ac_cv_func_strchr=yes
ac_cv_func_strdup=yes
ac_cv_func_strrchr=yes
ac_cv_func_strstr=yes
ac_cv_func_strtol=yes
ac_cv_func_sysinfo=yes
ac_cv_func_vfork=yes
ac_cv_func_vfork_works=yes
ac_cv_header_dlfcn_h=yes
ac_cv_header_fcntl_h=yes
ac_cv_header_inttypes_h=yes
ac_cv_header_limits_h=yes
ac_cv_header_memory_h=yes
ac_cv_header_netinet_in_h=yes
ac_cv_header_stdbool_h=yes
ac_cv_header_stdc=yes
ac_cv_header_stdint_h=yes
ac_cv_header_stdlib_h=yes
ac_cv_header_string_h=yes
ac_cv_header_strings_h=yes
ac_cv_header_sys_ioctl_h=yes
ac_cv_header_sys_socket_h=yes
ac_cv_header_sys_stat_h=yes
ac_cv_header_sys_time_h=yes
ac_cv_header_sys_types_h=yes
ac_cv_header_termios_h=yes
ac_cv_header_unistd_h=yes
ac_cv_header_vfork_h=no
ac_cv_header_wchar_h=yes
ac_cv_host=i686-pc-linux-gnu
ac_cv_lib_dl_dlopen=yes
ac_cv_lib_pthread_pthread_create=yes
ac_cv_lib_rt_clock_gettime=yes
ac_cv_objext=o
ac_cv_path_EGREP='/bin/grep -E'
ac_cv_path_FGREP='/bin/grep -F'
ac_cv_path_GREP=/bin/grep
ac_cv_path_SED=/bin/sed
ac_cv_path_install='/usr/bin/install -c'
ac_cv_path_mkdir=/bin/mkdir
ac_cv_prog_AWK=mawk
ac_cv_prog_CPP='gcc -E'
ac_cv_prog_ac_ct_AR=ar
ac_cv_prog_ac_ct_CC=gcc
ac_cv_prog_ac_ct_MANIFEST_TOOL=mt
ac_cv_prog_ac_ct_OBJDUMP=objdump
ac_cv_prog_ac_ct_RANLIB=ranlib
ac_cv_prog_ac_ct_STRIP=strip
ac_cv_prog_cc_c89=
ac_cv_prog_cc_g=yes
ac_cv_prog_make_make_set=yes
ac_cv_type__Bool=yes
ac_cv_type_mode_t=yes
ac_cv_type_pid_t=yes
ac_cv_type_size_t=yes
am_cv_CC_dependencies_compiler_type=gcc3
am_cv_ar_interface=ar
am_cv_make_support_nested_variables=yes
am_cv_prog_cc_c_o=yes
lt_cv_ar_at_file=@
lt_cv_archive_cmds_need_lc=no
lt_cv_deplibs_check_method=pass_all
lt_cv_file_magic_cmd='$MAGIC_CMD'
lt_cv_file_magic_test_file=
lt_cv_ld_reload_flag=-r
lt_cv_nm_interface='BSD nm'
lt_cv_objdir=.libs
lt_cv_path_LD=/usr/bin/ld
lt_cv_path_NM='/usr/bin/nm -B'
lt_cv_path_mainfest_tool=no
lt_cv_prog_compiler_c_o=yes
lt_cv_prog_compiler_pic='-fPIC -DPIC'
lt_cv_prog_compiler_pic_works=yes
lt_cv_prog_compiler_rtti_exceptions=no
lt_cv_prog_compiler_static_works=yes
lt_cv_prog_gnu_ld=yes
lt_cv_sharedlib_from_linklib_cmd='printf %s\n'
lt_cv_shlibpath_overrides_runpath=no
lt_cv_sys_global_symbol_pipe='sed -n -e '\''s/^.*[	 ]\([ABCDGIRSTW][ABCDGIRSTW]*\)[	 ][	 ]*\([_A-Za-z][_A-Za-z0-9]*\)$/\1 \2 \2/p'\'' | sed '\''/ __gnu_lto/d'\'''
lt_cv_sys_global_symbol_to_c_name_address='sed -n -e '\''s/^: \([^ ]*\)[ ]*$/  {\"\1\", (void *) 0},/p'\'' -e '\''s/^[ABCDGIRSTW]* \([^ ]*\) \([^ ]*\)$/  {"\2", (void *) \&\2},/p'\'''
lt_cv_sys_global_symbol_to_c_name_address_lib_prefix='sed -n -e '\''s/^: \([^ ]*\)[ ]*$/  {\"\1\", (void *) 0},/p'\'' -e '\''s/^[ABCDGIRSTW]* \([^ ]*\) \(lib[^ ]*\)$/  {"\2", (void *) \&\2},/p'\'' -e '\''s/^[ABCDGIRSTW]* \([^ ]*\) \([^ ]*\)$/  {"lib\2", (void *) \&\2},/p'\'''
lt_cv_sys_global_symbol_to_cdecl='sed -n -e '\''s/^T .* \(.*\)$/extern int \1();/p'\'' -e '\''s/^[ABCDGIRSTW]* .* \(.*\)$/extern char \1;/p'\'''
lt_cv_sys_max_cmd_len=805306365
lt_cv_to_host_file_cmd=func_convert_file_noop
lt_cv_to_tool_file_cmd=func_convert_file_noop

## ----------------- ##
## Output variables. ##
## ----------------- ##

ACLOCAL='aclocal-1.14'
AMDEPBACKSLASH='\'
AMDEP_FALSE='#'
AMDEP_TRUE=''
AMTAR='$${TAR-tar}'
AM_BACKSLASH='\'
AM_DEFAULT_V='$(AM_DEFAULT_VERBOSITY)'
AM_DEFAULT_VERBOSITY='1'
AM_V='$(V)'
AR='ar'
AUTOCONF='autoconf'
AUTOHEADER='autoheader'
AUTOMAKE='automake-1.14'
AWK='mawk'
CC='gcc'
CCDEPMODE='depmode=gcc3'
CFLAGS='-g -O2'
CPP='gcc -E'
CPPFLAGS=''
CYGPATH_W='echo'
DEFS='-DHAVE_CONFIG_H'
DEPDIR='.deps'
DLLTOOL='false'
DSYMUTIL=''
DUMPBIN=''
ECHO_C=''
ECHO_N='-n'
ECHO_T=''
EGREP='/bin/grep -E'
ENABLE_PARKING_FALSE=''
ENABLE_PARKING_TRUE='#'
ENABLE_SERIALMUX_FALSE=''
ENABLE_SERIALMUX_TRUE='#'
EXEEXT=''
FGREP='/bin/grep -F'
GREP='/bin/grep'
INSTALL_DATA='${INSTALL} -m 644'
INSTALL_PROGRAM='${INSTALL}'
INSTALL_SCRIPT='${INSTALL}'
INSTALL_STRIP_PROGRAM='$(install_sh) -c -s'
LD='/usr/bin/ld'
LDFLAGS=''
LIBOBJS=''
LIBS='-lrt -lpthread -ldl '
LIBTOOL='$(SHELL) $(top_builddir)/libtool'
LIB_VERSION='1:0:0'
LIPO=''
LN_S='ln -s'
LTLIBOBJS=''
MAKEINFO='makeinfo'
MANIFEST_TOOL=':'
MKDIR_P='/bin/mkdir -p'
NM='/usr/bin/nm -B'
NMEDIT=''
OBJDUMP='objdump'
OBJEXT='o'
OTOOL64=''
OTOOL=''
PACKAGE='dustwsndrv'
PACKAGE_BUGREPORT='BUG-REPORT-ADDRESS'
PACKAGE_NAME='DustWsnDrv'
PACKAGE_STRING='DustWsnDrv 1.0.0'
PACKAGE_TARNAME='dustwsndrv'
PACKAGE_URL=''
PACKAGE_VERSION='1.0.0'
PATH_SEPARATOR=':'
RANLIB='ranlib'
SED='/bin/sed'
SET_MAKE=''
SHELL='/bin/sh'
STRIP='strip'
VERSION='1.0.0'
ac_ct_AR='ar'
ac_ct_CC='gcc'
ac_ct_DUMPBIN=''
am__EXEEXT_FALSE=''
am__EXEEXT_TRUE='#'
am__fastdepCC_FALSE='#'
am__fastdepCC_TRUE=''
am__include='include'
am__isrc=''
am__leading_dot='.'
am__nodep='_no'
am__quote=''
am__tar='$${TAR-tar} chof - "$$tardir"'
am__untar='$${TAR-tar} xf -'
bindir='${exec_prefix}/bin'
build='i686-pc-linux-gnu'
build_alias=''
build_cpu='i686'
build_os='linux-gnu'
build_vendor='pc'
datadir='${datarootdir}'
datarootdir='${prefix}/share'
docdir='${datarootdir}/doc/${PACKAGE_TARNAME}'
dvidir='${docdir}'
exec_prefix='${prefix}'
host='i686-pc-linux-gnu'
host_alias=''
host_cpu='i686'
host_os='linux-gnu'
host_vendor='pc'
htmldir='${docdir}'
includedir='${prefix}/include'
infodir='${datarootdir}/info'
install_sh='${SHELL} /home/ivan/WISE_IOT/NetDevice/DustWsnDriver/build-aux/install-sh'
libdir='${exec_prefix}/lib'
libexecdir='${exec_prefix}/libexec'
localedir='${datarootdir}/locale'
localstatedir='${prefix}/var'
mandir='${datarootdir}/man'
mkdir_p='$(MKDIR_P)'
oldincludedir='/usr/include'
pdfdir='${docdir}'
prefix='/usr'
program_transform_name='s,x,x,'
psdir='${docdir}'
sbindir='${exec_prefix}/sbin'
sharedstatedir='${prefix}/com'
sysconfdir='${prefix}/etc'
target_alias=''

## ----------- ##
## confdefs.h. ##
## ----------- ##

/* confdefs.h */
#define PACKAGE_NAME "DustWsnDrv"
#define PACKAGE_TARNAME "dustwsndrv"
#define PACKAGE_VERSION "1.0.0"
#define PACKAGE_STRING "DustWsnDrv 1.0.0"
#define PACKAGE_BUGREPORT "BUG-REPORT-ADDRESS"
#define PACKAGE_URL ""
#define PACKAGE "dustwsndrv"
#define VERSION "1.0.0"
#define STDC_HEADERS 1
#define HAVE_SYS_TYPES_H 1
#define HAVE_SYS_STAT_H 1
#define HAVE_STDLIB_H 1
#define HAVE_STRING_H 1
#define HAVE_MEMORY_H 1
#define HAVE_STRINGS_H 1
#define HAVE_INTTYPES_H 1
#define HAVE_STDINT_H 1
#define HAVE_UNISTD_H 1
#define HAVE_DLFCN_H 1
#define LT_OBJDIR ".libs/"
#define HAVE_LIBDL 1
#define HAVE_LIBPTHREAD 1
#define HAVE_LIBRT 1
#define HAVE_FCNTL_H 1
#define HAVE_LIMITS_H 1
#define HAVE_NETINET_IN_H 1
#define HAVE_STDINT_H 1
#define HAVE_STDLIB_H 1
#define HAVE_STRING_H 1
#define HAVE_SYS_IOCTL_H 1
#define HAVE_SYS_SOCKET_H 1
#define HAVE_SYS_TIME_H 1
#define HAVE_TERMIOS_H 1
#define HAVE_UNISTD_H 1
#define HAVE_WCHAR_H 1
#define HAVE__BOOL 1
#define HAVE_STDBOOL_H 1
#define HAVE_FORK 1
#define HAVE_VFORK 1
#define HAVE_WORKING_VFORK 1
#define HAVE_WORKING_FORK 1
#define HAVE_STDLIB_H 1
#define HAVE_MALLOC 1
#define HAVE_CLOCK_GETTIME 1
#define HAVE_GETTIMEOFDAY 1
#define HAVE_INET_NTOA 1
#define HAVE_MEMMOVE 1
#define HAVE_MEMSET 1
#define HAVE_MKDIR 1
#define HAVE_SOCKET 1
#define HAVE_STRCASECMP 1
#define HAVE_STRCHR 1
#define HAVE_STRDUP 1
#define HAVE_STRRCHR 1
#define HAVE_STRSTR 1
#define HAVE_STRTOL 1
#define HAVE_SYSINFO 1

configure: exit 0

## ---------------------- ##
## Running config.status. ##
## ---------------------- ##

This file was extended by DustWsnDrv config.status 1.0.0, which was
generated by GNU Autoconf 2.69.  Invocation command line was

  CONFIG_FILES    = 
  CONFIG_HEADERS  = 
  CONFIG_LINKS    = 
  CONFIG_COMMANDS = 
  $ ./config.status 

on ivan-VirtualBox

config.status:1130: creating Makefile
config.status:1130: creating adv_coaplib/Makefile
config.status:1130: creating adv_coaplib/ini/Makefile
config.status:1130: creating adv_coaplib/testapp/Makefile
config.status:1130: creating iniparser/Makefile
config.status:1130: creating ipmg/Makefile
config.status:1130: creating sm_clib/Makefile
config.status:1130: creating serialmuxclient/Makefile
config.status:1130: creating alg_parking/Makefile
config.status:1130: creating config.h
config.status:1311: config.h is unchanged
config.status:1359: executing depfiles commands
config.status:1359: executing libtool commands

## ---------------------- ##
## Running config.status. ##
## ---------------------- ##

This file was extended by DustWsnDrv config.status 1.0.0, which was
generated by GNU Autoconf 2.69.  Invocation command line was

  CONFIG_FILES    = 
  CONFIG_HEADERS  = 
  CONFIG_LINKS    = 
  CONFIG_COMMANDS = 
  $ ./config.status config.h

on ivan-VirtualBox

config.status:1130: creating config.h
config.status:1311: config.h is unchanged
