This file contains any messages produced by compilers while
running configure, to aid debugging if configure makes a mistake.

It was created by Advantech JSON Library configure 0, which was
generated by GNU Autoconf 2.69.  Invocation command line was

  $ ./configure --disable-option-checking --prefix=/usr --cache-file=/dev/null --srcdir=.

## --------- ##
## Platform. ##
## --------- ##

hostname = ivan-VirtualBox
uname -m = i686
uname -r = 4.2.0-27-generic
uname -s = Linux
uname -v = #32~14.04.1-Ubuntu SMP Fri Jan 22 15:32:27 UTC 2016

/usr/bin/uname -p = unknown
/bin/uname -X     = unknown

/bin/arch              = unknown
/usr/bin/arch -k       = unknown
/usr/convex/getsysinfo = unknown
/usr/bin/hostinfo      = unknown
/bin/machine           = unknown
/usr/bin/oslevel       = unknown
/bin/universe          = unknown

PATH: /usr/local/sbin
PATH: /usr/local/bin
PATH: /usr/sbin
PATH: /usr/bin
PATH: /sbin
PATH: /bin


## ----------- ##
## Core tests. ##
## ----------- ##

configure:2440: checking for a BSD-compatible install
configure:2508: result: /usr/bin/install -c
configure:2519: checking whether build environment is sane
configure:2574: result: yes
configure:2612: WARNING: 'missing' script is too old or missing
configure:2725: checking for a thread-safe mkdir -p
configure:2764: result: /bin/mkdir -p
configure:2771: checking for gawk
configure:2801: result: no
configure:2771: checking for mawk
configure:2787: found /usr/bin/mawk
configure:2798: result: mawk
configure:2809: checking whether make sets $(MAKE)
configure:2831: result: yes
configure:2860: checking whether make supports nested variables
configure:2877: result: yes
configure:3067: checking for g++
configure:3083: found /usr/bin/g++
configure:3094: result: g++
configure:3121: checking for C++ compiler version
configure:3130: g++ --version >&5
g++ (Ubuntu 4.8.4-2ubuntu1~14.04.1) 4.8.4
Copyright (C) 2013 Free Software Foundation, Inc.
This is free software; see the source for copying conditions.  There is NO
warranty; not even for MERCHANTABILITY or FITNESS FOR A PARTICULAR PURPOSE.

configure:3141: $? = 0
configure:3130: g++ -v >&5
Using built-in specs.
COLLECT_GCC=g++
COLLECT_LTO_WRAPPER=/usr/lib/gcc/i686-linux-gnu/4.8/lto-wrapper
Target: i686-linux-gnu
Configured with: ../src/configure -v --with-pkgversion='Ubuntu 4.8.4-2ubuntu1~14.04.1' --with-bugurl=file:///usr/share/doc/gcc-4.8/README.Bugs --enable-languages=c,c++,java,go,d,fortran,objc,obj-c++ --prefix=/usr --program-suffix=-4.8 --enable-shared --enable-linker-build-id --libexecdir=/usr/lib --without-included-gettext --enable-threads=posix --with-gxx-include-dir=/usr/include/c++/4.8 --libdir=/usr/lib --enable-nls --with-sysroot=/ --enable-clocale=gnu --enable-libstdcxx-debug --enable-libstdcxx-time=yes --enable-gnu-unique-object --disable-libmudflap --enable-plugin --with-system-zlib --disable-browser-plugin --enable-java-awt=gtk --enable-gtk-cairo --with-java-home=/usr/lib/jvm/java-1.5.0-gcj-4.8-i386/jre --enable-java-home --with-jvm-root-dir=/usr/lib/jvm/java-1.5.0-gcj-4.8-i386 --with-jvm-jar-dir=/usr/lib/jvm-exports/java-1.5.0-gcj-4.8-i386 --with-arch-directory=i386 --with-ecj-jar=/usr/share/java/eclipse-ecj.jar --enable-objc-gc --enable-targets=all --enable-multiarch --disable-werror --with-arch-32=i686 --with-multilib-list=m32,m64,mx32 --with-tune=generic --enable-checking=release --build=i686-linux-gnu --host=i686-linux-gnu --target=i686-linux-gnu
Thread model: posix
gcc version 4.8.4 (Ubuntu 4.8.4-2ubuntu1~14.04.1) 
configure:3141: $? = 0
configure:3130: g++ -V >&5
g++: error: unrecognized command line option '-V'
g++: fatal error: no input files
compilation terminated.
configure:3141: $? = 4
configure:3130: g++ -qversion >&5
g++: error: unrecognized command line option '-qversion'
g++: fatal error: no input files
compilation terminated.
configure:3141: $? = 4
configure:3161: checking whether the C++ compiler works
configure:3183: g++    conftest.cpp  >&5
configure:3187: $? = 0
configure:3235: result: yes
configure:3238: checking for C++ compiler default output file name
configure:3240: result: a.out
configure:3246: checking for suffix of executables
configure:3253: g++ -o conftest    conftest.cpp  >&5
configure:3257: $? = 0
configure:3279: result: 
configure:3301: checking whether we are cross compiling
configure:3309: g++ -o conftest    conftest.cpp  >&5
configure:3313: $? = 0
configure:3320: ./conftest
configure:3324: $? = 0
configure:3339: result: no
configure:3344: checking for suffix of object files
configure:3366: g++ -c   conftest.cpp >&5
configure:3370: $? = 0
configure:3391: result: o
configure:3395: checking whether we are using the GNU C++ compiler
configure:3414: g++ -c   conftest.cpp >&5
configure:3414: $? = 0
configure:3423: result: yes
configure:3432: checking whether g++ accepts -g
configure:3452: g++ -c -g  conftest.cpp >&5
configure:3452: $? = 0
configure:3493: result: yes
configure:3527: checking for style of include used by make
configure:3555: result: GNU
configure:3581: checking dependency style of g++
configure:3692: result: gcc3
configure:3755: checking for gcc
configure:3771: found /usr/bin/gcc
configure:3782: result: gcc
configure:4011: checking for C compiler version
configure:4020: gcc --version >&5
gcc (Ubuntu 4.8.4-2ubuntu1~14.04.1) 4.8.4
Copyright (C) 2013 Free Software Foundation, Inc.
This is free software; see the source for copying conditions.  There is NO
warranty; not even for MERCHANTABILITY or FITNESS FOR A PARTICULAR PURPOSE.

configure:4031: $? = 0
configure:4020: gcc -v >&5
Using built-in specs.
COLLECT_GCC=gcc
COLLECT_LTO_WRAPPER=/usr/lib/gcc/i686-linux-gnu/4.8/lto-wrapper
Target: i686-linux-gnu
Configured with: ../src/configure -v --with-pkgversion='Ubuntu 4.8.4-2ubuntu1~14.04.1' --with-bugurl=file:///usr/share/doc/gcc-4.8/README.Bugs --enable-languages=c,c++,java,go,d,fortran,objc,obj-c++ --prefix=/usr --program-suffix=-4.8 --enable-shared --enable-linker-build-id --libexecdir=/usr/lib --without-included-gettext --enable-threads=posix --with-gxx-include-dir=/usr/include/c++/4.8 --libdir=/usr/lib --enable-nls --with-sysroot=/ --enable-clocale=gnu --enable-libstdcxx-debug --enable-libstdcxx-time=yes --enable-gnu-unique-object --disable-libmudflap --enable-plugin --with-system-zlib --disable-browser-plugin --enable-java-awt=gtk --enable-gtk-cairo --with-java-home=/usr/lib/jvm/java-1.5.0-gcj-4.8-i386/jre --enable-java-home --with-jvm-root-dir=/usr/lib/jvm/java-1.5.0-gcj-4.8-i386 --with-jvm-jar-dir=/usr/lib/jvm-exports/java-1.5.0-gcj-4.8-i386 --with-arch-directory=i386 --with-ecj-jar=/usr/share/java/eclipse-ecj.jar --enable-objc-gc --enable-targets=all --enable-multiarch --disable-werror --with-arch-32=i686 --with-multilib-list=m32,m64,mx32 --with-tune=generic --enable-checking=release --build=i686-linux-gnu --host=i686-linux-gnu --target=i686-linux-gnu
Thread model: posix
gcc version 4.8.4 (Ubuntu 4.8.4-2ubuntu1~14.04.1) 
configure:4031: $? = 0
configure:4020: gcc -V >&5
gcc: error: unrecognized command line option '-V'
gcc: fatal error: no input files
compilation terminated.
configure:4031: $? = 4
configure:4020: gcc -qversion >&5
gcc: error: unrecognized command line option '-qversion'
gcc: fatal error: no input files
compilation terminated.
configure:4031: $? = 4
configure:4035: checking whether we are using the GNU C compiler
configure:4054: gcc -c   conftest.c >&5
configure:4054: $? = 0
configure:4063: result: yes
configure:4072: checking whether gcc accepts -g
configure:4092: gcc -c -g  conftest.c >&5
configure:4092: $? = 0
configure:4133: result: yes
configure:4150: checking for gcc option to accept ISO C89
configure:4213: gcc  -c -g -O2  conftest.c >&5
configure:4213: $? = 0
configure:4226: result: none needed
configure:4251: checking whether gcc understands -c and -o together
configure:4273: gcc -c conftest.c -o conftest2.o
configure:4276: $? = 0
configure:4273: gcc -c conftest.c -o conftest2.o
configure:4276: $? = 0
configure:4288: result: yes
configure:4307: checking dependency style of gcc
configure:4418: result: gcc3
configure:4483: checking for ar
configure:4499: found /usr/bin/ar
configure:4510: result: ar
configure:4536: checking the archiver (ar) interface
configure:4552: gcc -c -g -O2  conftest.c >&5
configure:4552: $? = 0
configure:4554: ar cru libconftest.a conftest.o >&5
configure:4557: $? = 0
configure:4585: result: ar
configure:4634: checking build system type
configure:4648: result: i686-pc-linux-gnu
configure:4668: checking host system type
configure:4681: result: i686-pc-linux-gnu
configure:4722: checking how to print strings
configure:4749: result: printf
configure:4770: checking for a sed that does not truncate output
configure:4834: result: /bin/sed
configure:4852: checking for grep that handles long lines and -e
configure:4910: result: /bin/grep
configure:4915: checking for egrep
configure:4977: result: /bin/grep -E
configure:4982: checking for fgrep
configure:5044: result: /bin/grep -F
configure:5079: checking for ld used by gcc
configure:5146: result: /usr/bin/ld
configure:5153: checking if the linker (/usr/bin/ld) is GNU ld
configure:5168: result: yes
configure:5180: checking for BSD- or MS-compatible name lister (nm)
configure:5229: result: /usr/bin/nm -B
configure:5359: checking the name lister (/usr/bin/nm -B) interface
configure:5366: gcc -c -g -O2  conftest.c >&5
configure:5369: /usr/bin/nm -B "conftest.o"
configure:5372: output
00000000 B some_variable
configure:5379: result: BSD nm
configure:5382: checking whether ln -s works
configure:5386: result: yes
configure:5394: checking the maximum length of command line arguments
configure:5525: result: 1572864
configure:5542: checking whether the shell understands some XSI constructs
configure:5552: result: yes
configure:5556: checking whether the shell understands "+="
configure:5562: result: yes
configure:5597: checking how to convert i686-pc-linux-gnu file names to i686-pc-linux-gnu format
configure:5637: result: func_convert_file_noop
configure:5644: checking how to convert i686-pc-linux-gnu file names to toolchain format
configure:5664: result: func_convert_file_noop
configure:5671: checking for /usr/bin/ld option to reload object files
configure:5678: result: -r
configure:5752: checking for objdump
configure:5768: found /usr/bin/objdump
configure:5779: result: objdump
configure:5811: checking how to recognize dependent libraries
configure:6009: result: pass_all
configure:6094: checking for dlltool
configure:6124: result: no
configure:6154: checking how to associate runtime and link libraries
configure:6181: result: printf %s\n
configure:6305: checking for archiver @FILE support
configure:6322: gcc -c -g -O2  conftest.c >&5
configure:6322: $? = 0
configure:6325: ar cru libconftest.a @conftest.lst >&5
configure:6328: $? = 0
configure:6333: ar cru libconftest.a @conftest.lst >&5
ar: conftest.o: No such file or directory
configure:6336: $? = 1
configure:6348: result: @
configure:6406: checking for strip
configure:6422: found /usr/bin/strip
configure:6433: result: strip
configure:6505: checking for ranlib
configure:6521: found /usr/bin/ranlib
configure:6532: result: ranlib
configure:6634: checking command to parse /usr/bin/nm -B output from gcc object
configure:6754: gcc -c -g -O2  conftest.c >&5
configure:6757: $? = 0
configure:6761: /usr/bin/nm -B conftest.o \| sed -n -e 's/^.*[ ]\([ABCDGIRSTW][ABCDGIRSTW]*\)[ ][ ]*\([_A-Za-z][_A-Za-z0-9]*\)$/\1 \2 \2/p' | sed '/ __gnu_lto/d' \> conftest.nm
configure:6764: $? = 0
configure:6830: gcc -o conftest -g -O2   conftest.c conftstm.o >&5
configure:6833: $? = 0
configure:6871: result: ok
configure:6908: checking for sysroot
configure:6938: result: no
configure:7207: checking for mt
configure:7223: found /bin/mt
configure:7234: result: mt
configure:7257: checking if mt is a manifest tool
configure:7263: mt '-?'
configure:7271: result: no
configure:7913: checking how to run the C preprocessor
configure:7944: gcc -E  conftest.c
configure:7944: $? = 0
configure:7958: gcc -E  conftest.c
conftest.c:11:28: fatal error: ac_nonexistent.h: No such file or directory
 #include <ac_nonexistent.h>
                            ^
compilation terminated.
configure:7958: $? = 1
configure: failed program was:
| /* confdefs.h */
| #define PACKAGE_NAME "Advantech JSON Library"
| #define PACKAGE_TARNAME "advantech-json-library"
| #define PACKAGE_VERSION "0"
| #define PACKAGE_STRING "Advantech JSON Library 0"
| #define PACKAGE_BUGREPORT "BUG-REPORT-ADDRESS"
| #define PACKAGE_URL ""
| #define PACKAGE "advantech-json-library"
| #define VERSION "0"
| /* end confdefs.h.  */
| #include <ac_nonexistent.h>
configure:7983: result: gcc -E
configure:8003: gcc -E  conftest.c
configure:8003: $? = 0
configure:8017: gcc -E  conftest.c
conftest.c:11:28: fatal error: ac_nonexistent.h: No such file or directory
 #include <ac_nonexistent.h>
                            ^
compilation terminated.
configure:8017: $? = 1
configure: failed program was:
| /* confdefs.h */
| #define PACKAGE_NAME "Advantech JSON Library"
| #define PACKAGE_TARNAME "advantech-json-library"
| #define PACKAGE_VERSION "0"
| #define PACKAGE_STRING "Advantech JSON Library 0"
| #define PACKAGE_BUGREPORT "BUG-REPORT-ADDRESS"
| #define PACKAGE_URL ""
| #define PACKAGE "advantech-json-library"
| #define VERSION "0"
| /* end confdefs.h.  */
| #include <ac_nonexistent.h>
configure:8046: checking for ANSI C header files
configure:8066: gcc -c -g -O2  conftest.c >&5
configure:8066: $? = 0
configure:8139: gcc -o conftest -g -O2   conftest.c  >&5
configure:8139: $? = 0
configure:8139: ./conftest
configure:8139: $? = 0
configure:8150: result: yes
configure:8163: checking for sys/types.h
configure:8163: gcc -c -g -O2  conftest.c >&5
configure:8163: $? = 0
configure:8163: result: yes
configure:8163: checking for sys/stat.h
configure:8163: gcc -c -g -O2  conftest.c >&5
configure:8163: $? = 0
configure:8163: result: yes
configure:8163: checking for stdlib.h
configure:8163: gcc -c -g -O2  conftest.c >&5
configure:8163: $? = 0
configure:8163: result: yes
configure:8163: checking for string.h
configure:8163: gcc -c -g -O2  conftest.c >&5
configure:8163: $? = 0
configure:8163: result: yes
configure:8163: checking for memory.h
configure:8163: gcc -c -g -O2  conftest.c >&5
configure:8163: $? = 0
configure:8163: result: yes
configure:8163: checking for strings.h
configure:8163: gcc -c -g -O2  conftest.c >&5
configure:8163: $? = 0
configure:8163: result: yes
configure:8163: checking for inttypes.h
configure:8163: gcc -c -g -O2  conftest.c >&5
configure:8163: $? = 0
configure:8163: result: yes
configure:8163: checking for stdint.h
configure:8163: gcc -c -g -O2  conftest.c >&5
configure:8163: $? = 0
configure:8163: result: yes
configure:8163: checking for unistd.h
configure:8163: gcc -c -g -O2  conftest.c >&5
configure:8163: $? = 0
configure:8163: result: yes
configure:8177: checking for dlfcn.h
configure:8177: gcc -c -g -O2  conftest.c >&5
configure:8177: $? = 0
configure:8177: result: yes
configure:8394: checking for objdir
configure:8409: result: .libs
configure:8680: checking if gcc supports -fno-rtti -fno-exceptions
configure:8698: gcc -c -g -O2  -fno-rtti -fno-exceptions conftest.c >&5
cc1: warning: command line option '-fno-rtti' is valid for C++/ObjC++ but not for C [enabled by default]
configure:8702: $? = 0
configure:8715: result: no
configure:9042: checking for gcc option to produce PIC
configure:9049: result: -fPIC -DPIC
configure:9057: checking if gcc PIC flag -fPIC -DPIC works
configure:9075: gcc -c -g -O2  -fPIC -DPIC -DPIC conftest.c >&5
configure:9079: $? = 0
configure:9092: result: yes
configure:9121: checking if gcc static flag -static works
configure:9149: result: yes
configure:9164: checking if gcc supports -c -o file.o
configure:9185: gcc -c -g -O2  -o out/conftest2.o conftest.c >&5
configure:9189: $? = 0
configure:9211: result: yes
configure:9219: checking if gcc supports -c -o file.o
configure:9266: result: yes
configure:9299: checking whether the gcc linker (/usr/bin/ld) supports shared libraries
configure:10456: result: yes
configure:10493: checking whether -lc should be explicitly linked in
configure:10501: gcc -c -g -O2  conftest.c >&5
configure:10504: $? = 0
configure:10519: gcc -shared  -fPIC -DPIC conftest.o  -v -Wl,-soname -Wl,conftest -o conftest 2\>\&1 \| /bin/grep  -lc  \>/dev/null 2\>\&1
configure:10522: $? = 0
configure:10536: result: no
configure:10696: checking dynamic linker characteristics
configure:11196: gcc -o conftest -g -O2   -Wl,-rpath -Wl,/foo conftest.c  >&5
configure:11196: $? = 0
configure:11430: result: GNU/Linux ld.so
configure:11537: checking how to hardcode library paths into programs
configure:11562: result: immediate
configure:12102: checking whether stripping libraries is possible
configure:12107: result: yes
configure:12142: checking if libtool supports shared libraries
configure:12144: result: yes
configure:12147: checking whether to build shared libraries
configure:12168: result: yes
configure:12171: checking whether to build static libraries
configure:12175: result: yes
configure:12198: checking how to run the C++ preprocessor
configure:12225: g++ -E  conftest.cpp
configure:12225: $? = 0
configure:12239: g++ -E  conftest.cpp
conftest.cpp:23:28: fatal error: ac_nonexistent.h: No such file or directory
 #include <ac_nonexistent.h>
                            ^
compilation terminated.
configure:12239: $? = 1
configure: failed program was:
| /* confdefs.h */
| #define PACKAGE_NAME "Advantech JSON Library"
| #define PACKAGE_TARNAME "advantech-json-library"
| #define PACKAGE_VERSION "0"
| #define PACKAGE_STRING "Advantech JSON Library 0"
| #define PACKAGE_BUGREPORT "BUG-REPORT-ADDRESS"
| #define PACKAGE_URL ""
| #define PACKAGE "advantech-json-library"
| #define VERSION "0"
| #define STDC_HEADERS 1
| #define HAVE_SYS_TYPES_H 1
| #define HAVE_SYS_STAT_H 1
| #define HAVE_STDLIB_H 1
| #define HAVE_STRING_H 1
| #define HAVE_MEMORY_H 1
| #define HAVE_STRINGS_H 1
| #define HAVE_INTTYPES_H 1
| #define HAVE_STDINT_H 1
| #define HAVE_UNISTD_H 1
| #define HAVE_DLFCN_H 1
| #define LT_OBJDIR ".libs/"
| /* end confdefs.h.  */
| #include <ac_nonexistent.h>
configure:12264: result: g++ -E
configure:12284: g++ -E  conftest.cpp
configure:12284: $? = 0
configure:12298: g++ -E  conftest.cpp
conftest.cpp:23:28: fatal error: ac_nonexistent.h: No such file or directory
 #include <ac_nonexistent.h>
                            ^
compilation terminated.
configure:12298: $? = 1
configure: failed program was:
| /* confdefs.h */
| #define PACKAGE_NAME "Advantech JSON Library"
| #define PACKAGE_TARNAME "advantech-json-library"
| #define PACKAGE_VERSION "0"
| #define PACKAGE_STRING "Advantech JSON Library 0"
| #define PACKAGE_BUGREPORT "BUG-REPORT-ADDRESS"
| #define PACKAGE_URL ""
| #define PACKAGE "advantech-json-library"
| #define VERSION "0"
| #define STDC_HEADERS 1
| #define HAVE_SYS_TYPES_H 1
| #define HAVE_SYS_STAT_H 1
| #define HAVE_STDLIB_H 1
| #define HAVE_STRING_H 1
| #define HAVE_MEMORY_H 1
| #define HAVE_STRINGS_H 1
| #define HAVE_INTTYPES_H 1
| #define HAVE_STDINT_H 1
| #define HAVE_UNISTD_H 1
| #define HAVE_DLFCN_H 1
| #define LT_OBJDIR ".libs/"
| /* end confdefs.h.  */
| #include <ac_nonexistent.h>
configure:12467: checking for ld used by g++
configure:12534: result: /usr/bin/ld
configure:12541: checking if the linker (/usr/bin/ld) is GNU ld
configure:12556: result: yes
configure:12611: checking whether the g++ linker (/usr/bin/ld) supports shared libraries
configure:13613: result: yes
configure:13649: g++ -c -g -O2  conftest.cpp >&5
configure:13652: $? = 0
configure:14172: checking for g++ option to produce PIC
configure:14179: result: -fPIC -DPIC
configure:14187: checking if g++ PIC flag -fPIC -DPIC works
configure:14205: g++ -c -g -O2  -fPIC -DPIC -DPIC conftest.cpp >&5
configure:14209: $? = 0
configure:14222: result: yes
configure:14245: checking if g++ static flag -static works
configure:14273: result: yes
configure:14285: checking if g++ supports -c -o file.o
configure:14306: g++ -c -g -O2  -o out/conftest2.o conftest.cpp >&5
configure:14310: $? = 0
configure:14332: result: yes
configure:14337: checking if g++ supports -c -o file.o
configure:14384: result: yes
configure:14414: checking whether the g++ linker (/usr/bin/ld) supports shared libraries
configure:14453: result: yes
configure:14594: checking dynamic linker characteristics
configure:15262: result: GNU/Linux ld.so
configure:15315: checking how to hardcode library paths into programs
configure:15340: result: immediate
configure:15403: checking whether C compiler accepts -std=c++11
configure:15422: gcc -c -g -O2  -std=c++11  conftest.c >&5
cc1: warning: command line option '-std=c++11' is valid for C++/ObjC++ but not for C [enabled by default]
configure:15422: $? = 0
configure:15430: result: yes
configure:15443: : CXXFLAGS="$CXXFLAGS -std=c++11"
configure:15446: $? = 0
configure:15463: checking for stdlib.h
configure:15463: result: yes
configure:15463: checking for string.h
configure:15463: result: yes
configure:15463: checking for unistd.h
configure:15463: result: yes
configure:15475: checking for size_t
configure:15475: gcc -c -g -O2  conftest.c >&5
configure:15475: $? = 0
configure:15475: gcc -c -g -O2  conftest.c >&5
conftest.c: In function 'main':
conftest.c:62:21: error: expected expression before ')' token
 if (sizeof ((size_t)))
                     ^
configure:15475: $? = 1
configure: failed program was:
| /* confdefs.h */
| #define PACKAGE_NAME "Advantech JSON Library"
| #define PACKAGE_TARNAME "advantech-json-library"
| #define PACKAGE_VERSION "0"
| #define PACKAGE_STRING "Advantech JSON Library 0"
| #define PACKAGE_BUGREPORT "BUG-REPORT-ADDRESS"
| #define PACKAGE_URL ""
| #define PACKAGE "advantech-json-library"
| #define VERSION "0"
| #define STDC_HEADERS 1
| #define HAVE_SYS_TYPES_H 1
| #define HAVE_SYS_STAT_H 1
| #define HAVE_STDLIB_H 1
| #define HAVE_STRING_H 1
| #define HAVE_MEMORY_H 1
| #define HAVE_STRINGS_H 1
| #define HAVE_INTTYPES_H 1
| #define HAVE_STDINT_H 1
| #define HAVE_UNISTD_H 1
| #define HAVE_DLFCN_H 1
| #define LT_OBJDIR ".libs/"
| #define HAVE_STDLIB_H 1
| #define HAVE_STRING_H 1
| #define HAVE_UNISTD_H 1
| /* end confdefs.h.  */
| #include <stdio.h>
| #ifdef HAVE_SYS_TYPES_H
| # include <sys/types.h>
| #endif
| #ifdef HAVE_SYS_STAT_H
| # include <sys/stat.h>
| #endif
| #ifdef STDC_HEADERS
| # include <stdlib.h>
| # include <stddef.h>
| #else
| # ifdef HAVE_STDLIB_H
| #  include <stdlib.h>
| # endif
| #endif
| #ifdef HAVE_STRING_H
| # if !defined STDC_HEADERS && defined HAVE_MEMORY_H
| #  include <memory.h>
| # endif
| # include <string.h>
| #endif
| #ifdef HAVE_STRINGS_H
| # include <strings.h>
| #endif
| #ifdef HAVE_INTTYPES_H
| # include <inttypes.h>
| #endif
| #ifdef HAVE_STDINT_H
| # include <stdint.h>
| #endif
| #ifdef HAVE_UNISTD_H
| # include <unistd.h>
| #endif
| int
| main ()
| {
| if (sizeof ((size_t)))
| 	    return 0;
|   ;
|   return 0;
| }
configure:15475: result: yes
configure:15490: checking for stdlib.h
configure:15490: result: yes
configure:15500: checking for GNU libc compatible malloc
configure:15524: gcc -o conftest -g -O2   conftest.c  >&5
configure:15524: $? = 0
configure:15524: ./conftest
configure:15524: $? = 0
configure:15534: result: yes
configure:15558: checking for localtime_r
configure:15558: gcc -o conftest -g -O2   conftest.c  >&5
configure:15558: $? = 0
configure:15558: result: yes
configure:15558: checking for memset
configure:15558: gcc -o conftest -g -O2   conftest.c  >&5
conftest.c:52:6: warning: conflicting types for built-in function 'memset' [enabled by default]
 char memset ();
      ^
configure:15558: $? = 0
configure:15558: result: yes
configure:15558: checking for mkdir
configure:15558: gcc -o conftest -g -O2   conftest.c  >&5
configure:15558: $? = 0
configure:15558: result: yes
configure:15558: checking for strchr
configure:15558: gcc -o conftest -g -O2   conftest.c  >&5
conftest.c:54:6: warning: conflicting types for built-in function 'strchr' [enabled by default]
 char strchr ();
      ^
configure:15558: $? = 0
configure:15558: result: yes
configure:15679: checking that generated files are newer than configure
configure:15685: result: done
configure:15712: creating ./config.status

## ---------------------- ##
## Running config.status. ##
## ---------------------- ##

This file was extended by Advantech JSON Library config.status 0, which was
generated by GNU Autoconf 2.69.  Invocation command line was

  CONFIG_FILES    = 
  CONFIG_HEADERS  = 
  CONFIG_LINKS    = 
  CONFIG_COMMANDS = 
  $ ./config.status 

on ivan-VirtualBox

config.status:1155: creating advJSON.pc
config.status:1155: creating Makefile
config.status:1155: creating src/Makefile
config.status:1155: creating sample/Makefile
config.status:1155: creating config.h
config.status:1384: executing depfiles commands
config.status:1384: executing libtool commands

## ---------------- ##
## Cache variables. ##
## ---------------- ##

ac_cv_build=i686-pc-linux-gnu
ac_cv_c_compiler_gnu=yes
ac_cv_cxx_compiler_gnu=yes
ac_cv_env_CCC_set=
ac_cv_env_CCC_value=
ac_cv_env_CC_set=
ac_cv_env_CC_value=
ac_cv_env_CFLAGS_set=
ac_cv_env_CFLAGS_value=
ac_cv_env_CPPFLAGS_set=
ac_cv_env_CPPFLAGS_value=
ac_cv_env_CPP_set=
ac_cv_env_CPP_value=
ac_cv_env_CXXCPP_set=
ac_cv_env_CXXCPP_value=
ac_cv_env_CXXFLAGS_set=
ac_cv_env_CXXFLAGS_value=
ac_cv_env_CXX_set=
ac_cv_env_CXX_value=
ac_cv_env_LDFLAGS_set=
ac_cv_env_LDFLAGS_value=
ac_cv_env_LIBS_set=
ac_cv_env_LIBS_value=
ac_cv_env_build_alias_set=
ac_cv_env_build_alias_value=
ac_cv_env_host_alias_set=
ac_cv_env_host_alias_value=
ac_cv_env_target_alias_set=
ac_cv_env_target_alias_value=
ac_cv_func_localtime_r=yes
ac_cv_func_malloc_0_nonnull=yes
ac_cv_func_memset=yes
ac_cv_func_mkdir=yes
ac_cv_func_strchr=yes
ac_cv_header_dlfcn_h=yes
ac_cv_header_inttypes_h=yes
ac_cv_header_memory_h=yes
ac_cv_header_stdc=yes
ac_cv_header_stdint_h=yes
ac_cv_header_stdlib_h=yes
ac_cv_header_string_h=yes
ac_cv_header_strings_h=yes
ac_cv_header_sys_stat_h=yes
ac_cv_header_sys_types_h=yes
ac_cv_header_unistd_h=yes
ac_cv_host=i686-pc-linux-gnu
ac_cv_objext=o
ac_cv_path_EGREP='/bin/grep -E'
ac_cv_path_FGREP='/bin/grep -F'
ac_cv_path_GREP=/bin/grep
ac_cv_path_SED=/bin/sed
ac_cv_path_install='/usr/bin/install -c'
ac_cv_path_mkdir=/bin/mkdir
ac_cv_prog_AWK=mawk
ac_cv_prog_CPP='gcc -E'
ac_cv_prog_CXXCPP='g++ -E'
ac_cv_prog_ac_ct_AR=ar
ac_cv_prog_ac_ct_CC=gcc
ac_cv_prog_ac_ct_CXX=g++
ac_cv_prog_ac_ct_MANIFEST_TOOL=mt
ac_cv_prog_ac_ct_OBJDUMP=objdump
ac_cv_prog_ac_ct_RANLIB=ranlib
ac_cv_prog_ac_ct_STRIP=strip
ac_cv_prog_cc_c89=
ac_cv_prog_cc_g=yes
ac_cv_prog_cxx_g=yes
ac_cv_prog_make_make_set=yes
ac_cv_type_size_t=yes
am_cv_CC_dependencies_compiler_type=gcc3
am_cv_CXX_dependencies_compiler_type=gcc3
am_cv_ar_interface=ar
am_cv_make_support_nested_variables=yes
am_cv_prog_cc_c_o=yes
ax_cv_check_cflags___std_cpp11=yes
lt_cv_ar_at_file=@
lt_cv_archive_cmds_need_lc=no
lt_cv_deplibs_check_method=pass_all
lt_cv_file_magic_cmd='$MAGIC_CMD'
lt_cv_file_magic_test_file=
lt_cv_ld_reload_flag=-r
lt_cv_nm_interface='BSD nm'
lt_cv_objdir=.libs
lt_cv_path_LD=/usr/bin/ld
lt_cv_path_LDCXX=/usr/bin/ld
lt_cv_path_NM='/usr/bin/nm -B'
lt_cv_path_mainfest_tool=no
lt_cv_prog_compiler_c_o=yes
lt_cv_prog_compiler_c_o_CXX=yes
lt_cv_prog_compiler_pic='-fPIC -DPIC'
lt_cv_prog_compiler_pic_CXX='-fPIC -DPIC'
lt_cv_prog_compiler_pic_works=yes
lt_cv_prog_compiler_pic_works_CXX=yes
lt_cv_prog_compiler_rtti_exceptions=no
lt_cv_prog_compiler_static_works=yes
lt_cv_prog_compiler_static_works_CXX=yes
lt_cv_prog_gnu_ld=yes
lt_cv_prog_gnu_ldcxx=yes
lt_cv_sharedlib_from_linklib_cmd='printf %s\n'
lt_cv_shlibpath_overrides_runpath=no
lt_cv_sys_global_symbol_pipe='sed -n -e '\''s/^.*[	 ]\([ABCDGIRSTW][ABCDGIRSTW]*\)[	 ][	 ]*\([_A-Za-z][_A-Za-z0-9]*\)$/\1 \2 \2/p'\'' | sed '\''/ __gnu_lto/d'\'''
lt_cv_sys_global_symbol_to_c_name_address='sed -n -e '\''s/^: \([^ ]*\)[ ]*$/  {\"\1\", (void *) 0},/p'\'' -e '\''s/^[ABCDGIRSTW]* \([^ ]*\) \([^ ]*\)$/  {"\2", (void *) \&\2},/p'\'''
lt_cv_sys_global_symbol_to_c_name_address_lib_prefix='sed -n -e '\''s/^: \([^ ]*\)[ ]*$/  {\"\1\", (void *) 0},/p'\'' -e '\''s/^[ABCDGIRSTW]* \([^ ]*\) \(lib[^ ]*\)$/  {"\2", (void *) \&\2},/p'\'' -e '\''s/^[ABCDGIRSTW]* \([^ ]*\) \([^ ]*\)$/  {"lib\2", (void *) \&\2},/p'\'''
lt_cv_sys_global_symbol_to_cdecl='sed -n -e '\''s/^T .* \(.*\)$/extern int \1();/p'\'' -e '\''s/^[ABCDGIRSTW]* .* \(.*\)$/extern char \1;/p'\'''
lt_cv_sys_max_cmd_len=1572864
lt_cv_to_host_file_cmd=func_convert_file_noop
lt_cv_to_tool_file_cmd=func_convert_file_noop

## ----------------- ##
## Output variables. ##
## ----------------- ##

ACLOCAL='aclocal-1.14'
AMDEPBACKSLASH='\'
AMDEP_FALSE='#'
AMDEP_TRUE=''
AMTAR='$${TAR-tar}'
AM_BACKSLASH='\'
AM_DEFAULT_V='$(AM_DEFAULT_VERBOSITY)'
AM_DEFAULT_VERBOSITY='1'
AM_V='$(V)'
AR='ar'
AUTOCONF='autoconf'
AUTOHEADER='autoheader'
AUTOMAKE='automake-1.14'
AWK='mawk'
CC='gcc'
CCDEPMODE='depmode=gcc3'
CFLAGS='-g -O2'
CPP='gcc -E'
CPPFLAGS=''
CXX='g++'
CXXCPP='g++ -E'
CXXDEPMODE='depmode=gcc3'
CXXFLAGS='-g -O2 -std=c++11'
CYGPATH_W='echo'
DEFS='-DHAVE_CONFIG_H'
DEPDIR='.deps'
DLLTOOL='false'
DSYMUTIL=''
DUMPBIN=''
ECHO_C=''
ECHO_N='-n'
ECHO_T=''
EGREP='/bin/grep -E'
EXEEXT=''
FGREP='/bin/grep -F'
GREP='/bin/grep'
INSTALL_DATA='${INSTALL} -m 644'
INSTALL_PROGRAM='${INSTALL}'
INSTALL_SCRIPT='${INSTALL}'
INSTALL_STRIP_PROGRAM='$(install_sh) -c -s'
LD='/usr/bin/ld'
LDFLAGS=''
LIBOBJS=''
LIBS=''
LIBTOOL='$(SHELL) $(top_builddir)/libtool'
LIPO=''
LN_S='ln -s'
LTLIBOBJS=''
MAKEINFO='makeinfo'
MANIFEST_TOOL=':'
MKDIR_P='/bin/mkdir -p'
NM='/usr/bin/nm -B'
NMEDIT=''
OBJDUMP='objdump'
OBJEXT='o'
OTOOL64=''
OTOOL=''
PACKAGE='advantech-json-library'
PACKAGE_BUGREPORT='BUG-REPORT-ADDRESS'
PACKAGE_NAME='Advantech JSON Library'
PACKAGE_STRING='Advantech JSON Library 0'
PACKAGE_TARNAME='advantech-json-library'
PACKAGE_URL=''
PACKAGE_VERSION='0'
PATH_SEPARATOR=':'
RANLIB='ranlib'
SED='/bin/sed'
SET_MAKE=''
SHELL='/bin/sh'
STRIP='strip'
VERSION='0'
ac_ct_AR='ar'
ac_ct_CC='gcc'
ac_ct_CXX='g++'
ac_ct_DUMPBIN=''
am__EXEEXT_FALSE=''
am__EXEEXT_TRUE='#'
am__fastdepCC_FALSE='#'
am__fastdepCC_TRUE=''
am__fastdepCXX_FALSE='#'
am__fastdepCXX_TRUE=''
am__include='include'
am__isrc=''
am__leading_dot='.'
am__nodep='_no'
am__quote=''
am__tar='$${TAR-tar} chof - "$$tardir"'
am__untar='$${TAR-tar} xf -'
bindir='${exec_prefix}/bin'
build='i686-pc-linux-gnu'
build_alias=''
build_cpu='i686'
build_os='linux-gnu'
build_vendor='pc'
datadir='${datarootdir}'
datarootdir='${prefix}/share'
docdir='${datarootdir}/doc/${PACKAGE_TARNAME}'
dvidir='${docdir}'
exec_prefix='${prefix}'
host='i686-pc-linux-gnu'
host_alias=''
host_cpu='i686'
host_os='linux-gnu'
host_vendor='pc'
htmldir='${docdir}'
includedir='${prefix}/include'
infodir='${datarootdir}/info'
install_sh='${SHELL} /home/ivan/WISE_IOT/install-sh'
libdir='${exec_prefix}/lib'
libexecdir='${exec_prefix}/libexec'
localedir='${datarootdir}/locale'
localstatedir='${prefix}/var'
mandir='${datarootdir}/man'
mkdir_p='$(MKDIR_P)'
oldincludedir='/usr/include'
pdfdir='${docdir}'
prefix='/usr'
program_transform_name='s,x,x,'
psdir='${docdir}'
sbindir='${exec_prefix}/sbin'
sharedstatedir='${prefix}/com'
sysconfdir='${prefix}/etc'
target_alias=''

## ----------- ##
## confdefs.h. ##
## ----------- ##

/* confdefs.h */
#define PACKAGE_NAME "Advantech JSON Library"
#define PACKAGE_TARNAME "advantech-json-library"
#define PACKAGE_VERSION "0"
#define PACKAGE_STRING "Advantech JSON Library 0"
#define PACKAGE_BUGREPORT "BUG-REPORT-ADDRESS"
#define PACKAGE_URL ""
#define PACKAGE "advantech-json-library"
#define VERSION "0"
#define STDC_HEADERS 1
#define HAVE_SYS_TYPES_H 1
#define HAVE_SYS_STAT_H 1
#define HAVE_STDLIB_H 1
#define HAVE_STRING_H 1
#define HAVE_MEMORY_H 1
#define HAVE_STRINGS_H 1
#define HAVE_INTTYPES_H 1
#define HAVE_STDINT_H 1
#define HAVE_UNISTD_H 1
#define HAVE_DLFCN_H 1
#define LT_OBJDIR ".libs/"
#define HAVE_STDLIB_H 1
#define HAVE_STRING_H 1
#define HAVE_UNISTD_H 1
#define HAVE_STDLIB_H 1
#define HAVE_MALLOC 1
#define HAVE_LOCALTIME_R 1
#define HAVE_MEMSET 1
#define HAVE_MKDIR 1
#define HAVE_STRCHR 1

configure: exit 0

## ---------------------- ##
## Running config.status. ##
## ---------------------- ##

This file was extended by Advantech JSON Library config.status 0, which was
generated by GNU Autoconf 2.69.  Invocation command line was

  CONFIG_FILES    = 
  CONFIG_HEADERS  = 
  CONFIG_LINKS    = 
  CONFIG_COMMANDS = 
  $ ./config.status config.h

on ivan-VirtualBox

config.status:1155: creating config.h
config.status:1336: config.h is unchanged
