This file contains any messages produced by compilers while
running configure, to aid debugging if configure makes a mistake.

It was created by MqttDrv configure 1.0.0, which was
generated by GNU Autoconf 2.69.  Invocation command line was

  $ ./configure --disable-option-checking --prefix=/usr --cache-file=/dev/null --srcdir=. --no-create --no-recursion

## --------- ##
## Platform. ##
## --------- ##

hostname = ivan-VirtualBox
uname -m = i686
uname -r = 4.2.0-27-generic
uname -s = Linux
uname -v = #32~14.04.1-Ubuntu SMP Fri Jan 22 15:32:27 UTC 2016

/usr/bin/uname -p = unknown
/bin/uname -X     = unknown

/bin/arch              = unknown
/usr/bin/arch -k       = unknown
/usr/convex/getsysinfo = unknown
/usr/bin/hostinfo      = unknown
/bin/machine           = unknown
/usr/bin/oslevel       = unknown
/bin/universe          = unknown

PATH: /usr/local/sbin
PATH: /usr/local/bin
PATH: /usr/sbin
PATH: /usr/bin
PATH: /sbin
PATH: /bin
PATH: /usr/games
PATH: /usr/local/games


## ----------- ##
## Core tests. ##
## ----------- ##

configure:2562: checking for a BSD-compatible install
configure:2630: result: /usr/bin/install -c
configure:2641: checking whether build environment is sane
configure:2691: result: yes
configure:2832: checking for a thread-safe mkdir -p
configure:2871: result: /bin/mkdir -p
configure:2884: checking for gawk
configure:2914: result: no
configure:2884: checking for mawk
configure:2900: found /usr/bin/mawk
configure:2911: result: mawk
configure:2922: checking whether make sets $(MAKE)
configure:2944: result: yes
configure:3079: checking for gcc
configure:3095: found /usr/bin/gcc
configure:3106: result: gcc
configure:3335: checking for C compiler version
configure:3344: gcc --version >&5
gcc (Ubuntu 4.8.4-2ubuntu1~14.04.1) 4.8.4
Copyright (C) 2013 Free Software Foundation, Inc.
This is free software; see the source for copying conditions.  There is NO
warranty; not even for MERCHANTABILITY or FITNESS FOR A PARTICULAR PURPOSE.

configure:3355: $? = 0
configure:3344: gcc -v >&5
Using built-in specs.
COLLECT_GCC=gcc
COLLECT_LTO_WRAPPER=/usr/lib/gcc/i686-linux-gnu/4.8/lto-wrapper
Target: i686-linux-gnu
Configured with: ../src/configure -v --with-pkgversion='Ubuntu 4.8.4-2ubuntu1~14.04.1' --with-bugurl=file:///usr/share/doc/gcc-4.8/README.Bugs --enable-languages=c,c++,java,go,d,fortran,objc,obj-c++ --prefix=/usr --program-suffix=-4.8 --enable-shared --enable-linker-build-id --libexecdir=/usr/lib --without-included-gettext --enable-threads=posix --with-gxx-include-dir=/usr/include/c++/4.8 --libdir=/usr/lib --enable-nls --with-sysroot=/ --enable-clocale=gnu --enable-libstdcxx-debug --enable-libstdcxx-time=yes --enable-gnu-unique-object --disable-libmudflap --enable-plugin --with-system-zlib --disable-browser-plugin --enable-java-awt=gtk --enable-gtk-cairo --with-java-home=/usr/lib/jvm/java-1.5.0-gcj-4.8-i386/jre --enable-java-home --with-jvm-root-dir=/usr/lib/jvm/java-1.5.0-gcj-4.8-i386 --with-jvm-jar-dir=/usr/lib/jvm-exports/java-1.5.0-gcj-4.8-i386 --with-arch-directory=i386 --with-ecj-jar=/usr/share/java/eclipse-ecj.jar --enable-objc-gc --enable-targets=all --enable-multiarch --disable-werror --with-arch-32=i686 --with-multilib-list=m32,m64,mx32 --with-tune=generic --enable-checking=release --build=i686-linux-gnu --host=i686-linux-gnu --target=i686-linux-gnu
Thread model: posix
gcc version 4.8.4 (Ubuntu 4.8.4-2ubuntu1~14.04.1) 
configure:3355: $? = 0
configure:3344: gcc -V >&5
gcc: error: unrecognized command line option '-V'
gcc: fatal error: no input files
compilation terminated.
configure:3355: $? = 4
configure:3344: gcc -qversion >&5
gcc: error: unrecognized command line option '-qversion'
gcc: fatal error: no input files
compilation terminated.
configure:3355: $? = 4
configure:3375: checking whether the C compiler works
configure:3397: gcc    conftest.c  >&5
configure:3401: $? = 0
configure:3449: result: yes
configure:3452: checking for C compiler default output file name
configure:3454: result: a.out
configure:3460: checking for suffix of executables
configure:3467: gcc -o conftest    conftest.c  >&5
configure:3471: $? = 0
configure:3493: result: 
configure:3515: checking whether we are cross compiling
configure:3523: gcc -o conftest    conftest.c  >&5
configure:3527: $? = 0
configure:3534: ./conftest
configure:3538: $? = 0
configure:3553: result: no
configure:3558: checking for suffix of object files
configure:3580: gcc -c   conftest.c >&5
configure:3584: $? = 0
configure:3605: result: o
configure:3609: checking whether we are using the GNU C compiler
configure:3628: gcc -c   conftest.c >&5
configure:3628: $? = 0
configure:3637: result: yes
configure:3646: checking whether gcc accepts -g
configure:3666: gcc -c -g  conftest.c >&5
configure:3666: $? = 0
configure:3707: result: yes
configure:3724: checking for gcc option to accept ISO C89
configure:3787: gcc  -c -g -O2  conftest.c >&5
configure:3787: $? = 0
configure:3800: result: none needed
configure:3831: checking for style of include used by make
configure:3859: result: GNU
configure:3885: checking dependency style of gcc
configure:3996: result: gcc3
configure:4069: checking for g++
configure:4085: found /usr/bin/g++
configure:4096: result: g++
configure:4123: checking for C++ compiler version
configure:4132: g++ --version >&5
g++ (Ubuntu 4.8.4-2ubuntu1~14.04.1) 4.8.4
Copyright (C) 2013 Free Software Foundation, Inc.
This is free software; see the source for copying conditions.  There is NO
warranty; not even for MERCHANTABILITY or FITNESS FOR A PARTICULAR PURPOSE.

configure:4143: $? = 0
configure:4132: g++ -v >&5
Using built-in specs.
COLLECT_GCC=g++
COLLECT_LTO_WRAPPER=/usr/lib/gcc/i686-linux-gnu/4.8/lto-wrapper
Target: i686-linux-gnu
Configured with: ../src/configure -v --with-pkgversion='Ubuntu 4.8.4-2ubuntu1~14.04.1' --with-bugurl=file:///usr/share/doc/gcc-4.8/README.Bugs --enable-languages=c,c++,java,go,d,fortran,objc,obj-c++ --prefix=/usr --program-suffix=-4.8 --enable-shared --enable-linker-build-id --libexecdir=/usr/lib --without-included-gettext --enable-threads=posix --with-gxx-include-dir=/usr/include/c++/4.8 --libdir=/usr/lib --enable-nls --with-sysroot=/ --enable-clocale=gnu --enable-libstdcxx-debug --enable-libstdcxx-time=yes --enable-gnu-unique-object --disable-libmudflap --enable-plugin --with-system-zlib --disable-browser-plugin --enable-java-awt=gtk --enable-gtk-cairo --with-java-home=/usr/lib/jvm/java-1.5.0-gcj-4.8-i386/jre --enable-java-home --with-jvm-root-dir=/usr/lib/jvm/java-1.5.0-gcj-4.8-i386 --with-jvm-jar-dir=/usr/lib/jvm-exports/java-1.5.0-gcj-4.8-i386 --with-arch-directory=i386 --with-ecj-jar=/usr/share/java/eclipse-ecj.jar --enable-objc-gc --enable-targets=all --enable-multiarch --disable-werror --with-arch-32=i686 --with-multilib-list=m32,m64,mx32 --with-tune=generic --enable-checking=release --build=i686-linux-gnu --host=i686-linux-gnu --target=i686-linux-gnu
Thread model: posix
gcc version 4.8.4 (Ubuntu 4.8.4-2ubuntu1~14.04.1) 
configure:4143: $? = 0
configure:4132: g++ -V >&5
g++: error: unrecognized command line option '-V'
g++: fatal error: no input files
compilation terminated.
configure:4143: $? = 4
configure:4132: g++ -qversion >&5
g++: error: unrecognized command line option '-qversion'
g++: fatal error: no input files
compilation terminated.
configure:4143: $? = 4
configure:4147: checking whether we are using the GNU C++ compiler
configure:4166: g++ -c   conftest.cpp >&5
configure:4166: $? = 0
configure:4175: result: yes
configure:4184: checking whether g++ accepts -g
configure:4204: g++ -c -g  conftest.cpp >&5
configure:4204: $? = 0
configure:4245: result: yes
configure:4270: checking dependency style of g++
configure:4381: result: gcc3
configure:4397: checking whether gcc and cc understand -c and -o together
configure:4428: gcc -c conftest.c -o conftest2.o >&5
configure:4432: $? = 0
configure:4438: gcc -c conftest.c -o conftest2.o >&5
configure:4442: $? = 0
configure:4453: cc -c conftest.c >&5
configure:4457: $? = 0
configure:4465: cc -c conftest.c -o conftest2.o >&5
configure:4469: $? = 0
configure:4475: cc -c conftest.c -o conftest2.o >&5
configure:4479: $? = 0
configure:4497: result: yes
configure:4572: checking for ar
configure:4588: found /usr/bin/ar
configure:4599: result: ar
configure:4625: checking the archiver (ar) interface
configure:4635: gcc -c -g -O2  conftest.c >&5
configure:4635: $? = 0
configure:4637: ar cru libconftest.a conftest.o >&5
configure:4640: $? = 0
configure:4663: result: ar
configure:4712: checking build system type
configure:4726: result: i686-pc-linux-gnu
configure:4746: checking host system type
configure:4759: result: i686-pc-linux-gnu
configure:4800: checking how to print strings
configure:4827: result: printf
configure:4848: checking for a sed that does not truncate output
configure:4912: result: /bin/sed
configure:4930: checking for grep that handles long lines and -e
configure:4988: result: /bin/grep
configure:4993: checking for egrep
configure:5055: result: /bin/grep -E
configure:5060: checking for fgrep
configure:5122: result: /bin/grep -F
configure:5157: checking for ld used by gcc
configure:5224: result: /usr/bin/ld
configure:5231: checking if the linker (/usr/bin/ld) is GNU ld
configure:5246: result: yes
configure:5258: checking for BSD- or MS-compatible name lister (nm)
configure:5307: result: /usr/bin/nm -B
configure:5437: checking the name lister (/usr/bin/nm -B) interface
configure:5444: gcc -c -g -O2  conftest.c >&5
configure:5447: /usr/bin/nm -B "conftest.o"
configure:5450: output
00000000 B some_variable
configure:5457: result: BSD nm
configure:5460: checking whether ln -s works
configure:5464: result: yes
configure:5472: checking the maximum length of command line arguments
configure:5603: result: 805306365
configure:5620: checking whether the shell understands some XSI constructs
configure:5630: result: yes
configure:5634: checking whether the shell understands "+="
configure:5640: result: yes
configure:5675: checking how to convert i686-pc-linux-gnu file names to i686-pc-linux-gnu format
configure:5715: result: func_convert_file_noop
configure:5722: checking how to convert i686-pc-linux-gnu file names to toolchain format
configure:5742: result: func_convert_file_noop
configure:5749: checking for /usr/bin/ld option to reload object files
configure:5756: result: -r
configure:5830: checking for objdump
configure:5846: found /usr/bin/objdump
configure:5857: result: objdump
configure:5889: checking how to recognize dependent libraries
configure:6087: result: pass_all
configure:6172: checking for dlltool
configure:6202: result: no
configure:6232: checking how to associate runtime and link libraries
configure:6259: result: printf %s\n
configure:6383: checking for archiver @FILE support
configure:6400: gcc -c -g -O2  conftest.c >&5
configure:6400: $? = 0
configure:6403: ar cru libconftest.a @conftest.lst >&5
configure:6406: $? = 0
configure:6411: ar cru libconftest.a @conftest.lst >&5
ar: conftest.o: No such file or directory
configure:6414: $? = 1
configure:6426: result: @
configure:6484: checking for strip
configure:6500: found /usr/bin/strip
configure:6511: result: strip
configure:6583: checking for ranlib
configure:6599: found /usr/bin/ranlib
configure:6610: result: ranlib
configure:6712: checking command to parse /usr/bin/nm -B output from gcc object
configure:6832: gcc -c -g -O2  conftest.c >&5
configure:6835: $? = 0
configure:6839: /usr/bin/nm -B conftest.o \| sed -n -e 's/^.*[ ]\([ABCDGIRSTW][ABCDGIRSTW]*\)[ ][ ]*\([_A-Za-z][_A-Za-z0-9]*\)$/\1 \2 \2/p' | sed '/ __gnu_lto/d' \> conftest.nm
configure:6842: $? = 0
configure:6908: gcc -o conftest -g -O2   conftest.c conftstm.o >&5
configure:6911: $? = 0
configure:6949: result: ok
configure:6986: checking for sysroot
configure:7016: result: no
configure:7285: checking for mt
configure:7301: found /bin/mt
configure:7312: result: mt
configure:7335: checking if mt is a manifest tool
configure:7341: mt '-?'
configure:7349: result: no
configure:7991: checking how to run the C preprocessor
configure:8022: gcc -E  conftest.c
configure:8022: $? = 0
configure:8036: gcc -E  conftest.c
conftest.c:11:28: fatal error: ac_nonexistent.h: No such file or directory
 #include <ac_nonexistent.h>
                            ^
compilation terminated.
configure:8036: $? = 1
configure: failed program was:
| /* confdefs.h */
| #define PACKAGE_NAME "MqttDrv"
| #define PACKAGE_TARNAME "mqttdrv"
| #define PACKAGE_VERSION "1.0.0"
| #define PACKAGE_STRING "MqttDrv 1.0.0"
| #define PACKAGE_BUGREPORT "BUG-REPORT-ADDRESS"
| #define PACKAGE_URL ""
| #define PACKAGE "mqttdrv"
| #define VERSION "1.0.0"
| /* end confdefs.h.  */
| #include <ac_nonexistent.h>
configure:8061: result: gcc -E
configure:8081: gcc -E  conftest.c
configure:8081: $? = 0
configure:8095: gcc -E  conftest.c
conftest.c:11:28: fatal error: ac_nonexistent.h: No such file or directory
 #include <ac_nonexistent.h>
                            ^
compilation terminated.
configure:8095: $? = 1
configure: failed program was:
| /* confdefs.h */
| #define PACKAGE_NAME "MqttDrv"
| #define PACKAGE_TARNAME "mqttdrv"
| #define PACKAGE_VERSION "1.0.0"
| #define PACKAGE_STRING "MqttDrv 1.0.0"
| #define PACKAGE_BUGREPORT "BUG-REPORT-ADDRESS"
| #define PACKAGE_URL ""
| #define PACKAGE "mqttdrv"
| #define VERSION "1.0.0"
| /* end confdefs.h.  */
| #include <ac_nonexistent.h>
configure:8124: checking for ANSI C header files
configure:8144: gcc -c -g -O2  conftest.c >&5
configure:8144: $? = 0
configure:8217: gcc -o conftest -g -O2   conftest.c  >&5
configure:8217: $? = 0
configure:8217: ./conftest
configure:8217: $? = 0
configure:8228: result: yes
configure:8241: checking for sys/types.h
configure:8241: gcc -c -g -O2  conftest.c >&5
configure:8241: $? = 0
configure:8241: result: yes
configure:8241: checking for sys/stat.h
configure:8241: gcc -c -g -O2  conftest.c >&5
configure:8241: $? = 0
configure:8241: result: yes
configure:8241: checking for stdlib.h
configure:8241: gcc -c -g -O2  conftest.c >&5
configure:8241: $? = 0
configure:8241: result: yes
configure:8241: checking for string.h
configure:8241: gcc -c -g -O2  conftest.c >&5
configure:8241: $? = 0
configure:8241: result: yes
configure:8241: checking for memory.h
configure:8241: gcc -c -g -O2  conftest.c >&5
configure:8241: $? = 0
configure:8241: result: yes
configure:8241: checking for strings.h
configure:8241: gcc -c -g -O2  conftest.c >&5
configure:8241: $? = 0
configure:8241: result: yes
configure:8241: checking for inttypes.h
configure:8241: gcc -c -g -O2  conftest.c >&5
configure:8241: $? = 0
configure:8241: result: yes
configure:8241: checking for stdint.h
configure:8241: gcc -c -g -O2  conftest.c >&5
configure:8241: $? = 0
configure:8241: result: yes
configure:8241: checking for unistd.h
configure:8241: gcc -c -g -O2  conftest.c >&5
configure:8241: $? = 0
configure:8241: result: yes
configure:8255: checking for dlfcn.h
configure:8255: gcc -c -g -O2  conftest.c >&5
configure:8255: $? = 0
configure:8255: result: yes
configure:8472: checking for objdir
configure:8487: result: .libs
configure:8758: checking if gcc supports -fno-rtti -fno-exceptions
configure:8776: gcc -c -g -O2  -fno-rtti -fno-exceptions conftest.c >&5
cc1: warning: command line option '-fno-rtti' is valid for C++/ObjC++ but not for C [enabled by default]
configure:8780: $? = 0
configure:8793: result: no
configure:9120: checking for gcc option to produce PIC
configure:9127: result: -fPIC -DPIC
configure:9135: checking if gcc PIC flag -fPIC -DPIC works
configure:9153: gcc -c -g -O2  -fPIC -DPIC -DPIC conftest.c >&5
configure:9157: $? = 0
configure:9170: result: yes
configure:9199: checking if gcc static flag -static works
configure:9227: result: yes
configure:9242: checking if gcc supports -c -o file.o
configure:9263: gcc -c -g -O2  -o out/conftest2.o conftest.c >&5
configure:9267: $? = 0
configure:9289: result: yes
configure:9297: checking if gcc supports -c -o file.o
configure:9344: result: yes
configure:9377: checking whether the gcc linker (/usr/bin/ld) supports shared libraries
configure:10534: result: yes
configure:10571: checking whether -lc should be explicitly linked in
configure:10579: gcc -c -g -O2  conftest.c >&5
configure:10582: $? = 0
configure:10597: gcc -shared  -fPIC -DPIC conftest.o  -v -Wl,-soname -Wl,conftest -o conftest 2\>\&1 \| /bin/grep  -lc  \>/dev/null 2\>\&1
configure:10600: $? = 0
configure:10614: result: no
configure:10774: checking dynamic linker characteristics
configure:11274: gcc -o conftest -g -O2   -Wl,-rpath -Wl,/foo conftest.c  >&5
configure:11274: $? = 0
configure:11508: result: GNU/Linux ld.so
configure:11615: checking how to hardcode library paths into programs
configure:11640: result: immediate
configure:12180: checking whether stripping libraries is possible
configure:12185: result: yes
configure:12220: checking if libtool supports shared libraries
configure:12222: result: yes
configure:12225: checking whether to build shared libraries
configure:12246: result: yes
configure:12249: checking whether to build static libraries
configure:12253: result: yes
configure:12276: checking how to run the C++ preprocessor
configure:12303: g++ -E  conftest.cpp
configure:12303: $? = 0
configure:12317: g++ -E  conftest.cpp
conftest.cpp:23:28: fatal error: ac_nonexistent.h: No such file or directory
 #include <ac_nonexistent.h>
                            ^
compilation terminated.
configure:12317: $? = 1
configure: failed program was:
| /* confdefs.h */
| #define PACKAGE_NAME "MqttDrv"
| #define PACKAGE_TARNAME "mqttdrv"
| #define PACKAGE_VERSION "1.0.0"
| #define PACKAGE_STRING "MqttDrv 1.0.0"
| #define PACKAGE_BUGREPORT "BUG-REPORT-ADDRESS"
| #define PACKAGE_URL ""
| #define PACKAGE "mqttdrv"
| #define VERSION "1.0.0"
| #define STDC_HEADERS 1
| #define HAVE_SYS_TYPES_H 1
| #define HAVE_SYS_STAT_H 1
| #define HAVE_STDLIB_H 1
| #define HAVE_STRING_H 1
| #define HAVE_MEMORY_H 1
| #define HAVE_STRINGS_H 1
| #define HAVE_INTTYPES_H 1
| #define HAVE_STDINT_H 1
| #define HAVE_UNISTD_H 1
| #define HAVE_DLFCN_H 1
| #define LT_OBJDIR ".libs/"
| /* end confdefs.h.  */
| #include <ac_nonexistent.h>
configure:12342: result: g++ -E
configure:12362: g++ -E  conftest.cpp
configure:12362: $? = 0
configure:12376: g++ -E  conftest.cpp
conftest.cpp:23:28: fatal error: ac_nonexistent.h: No such file or directory
 #include <ac_nonexistent.h>
                            ^
compilation terminated.
configure:12376: $? = 1
configure: failed program was:
| /* confdefs.h */
| #define PACKAGE_NAME "MqttDrv"
| #define PACKAGE_TARNAME "mqttdrv"
| #define PACKAGE_VERSION "1.0.0"
| #define PACKAGE_STRING "MqttDrv 1.0.0"
| #define PACKAGE_BUGREPORT "BUG-REPORT-ADDRESS"
| #define PACKAGE_URL ""
| #define PACKAGE "mqttdrv"
| #define VERSION "1.0.0"
| #define STDC_HEADERS 1
| #define HAVE_SYS_TYPES_H 1
| #define HAVE_SYS_STAT_H 1
| #define HAVE_STDLIB_H 1
| #define HAVE_STRING_H 1
| #define HAVE_MEMORY_H 1
| #define HAVE_STRINGS_H 1
| #define HAVE_INTTYPES_H 1
| #define HAVE_STDINT_H 1
| #define HAVE_UNISTD_H 1
| #define HAVE_DLFCN_H 1
| #define LT_OBJDIR ".libs/"
| /* end confdefs.h.  */
| #include <ac_nonexistent.h>
configure:12545: checking for ld used by g++
configure:12612: result: /usr/bin/ld
configure:12619: checking if the linker (/usr/bin/ld) is GNU ld
configure:12634: result: yes
configure:12689: checking whether the g++ linker (/usr/bin/ld) supports shared libraries
configure:13691: result: yes
configure:13727: g++ -c -g -O2  conftest.cpp >&5
configure:13730: $? = 0
configure:14250: checking for g++ option to produce PIC
configure:14257: result: -fPIC -DPIC
configure:14265: checking if g++ PIC flag -fPIC -DPIC works
configure:14283: g++ -c -g -O2  -fPIC -DPIC -DPIC conftest.cpp >&5
configure:14287: $? = 0
configure:14300: result: yes
configure:14323: checking if g++ static flag -static works
configure:14351: result: yes
configure:14363: checking if g++ supports -c -o file.o
configure:14384: g++ -c -g -O2  -o out/conftest2.o conftest.cpp >&5
configure:14388: $? = 0
configure:14410: result: yes
configure:14415: checking if g++ supports -c -o file.o
configure:14462: result: yes
configure:14492: checking whether the g++ linker (/usr/bin/ld) supports shared libraries
configure:14531: result: yes
configure:14672: checking dynamic linker characteristics
configure:15340: result: GNU/Linux ld.so
configure:15393: checking how to hardcode library paths into programs
configure:15418: result: immediate
configure:15482: checking for dlopen in -ldl
configure:15507: gcc -o conftest -g -O2   conftest.c -ldl   >&5
configure:15507: $? = 0
configure:15516: result: yes
configure:15528: checking for pthread_create in -lpthread
configure:15553: gcc -o conftest -g -O2   conftest.c -lpthread  -ldl  >&5
configure:15553: $? = 0
configure:15562: result: yes
configure:15574: checking for clock_gettime in -lrt
configure:15599: gcc -o conftest -g -O2   conftest.c -lrt  -lpthread -ldl  >&5
configure:15599: $? = 0
configure:15608: result: yes
configure:15619: checking for mosquitto_lib_init in -lmosquitto
configure:15644: gcc -o conftest -g -O2   conftest.c -lmosquitto  -lrt -lpthread -ldl  >&5
configure:15644: $? = 0
configure:15653: result: yes
configure:15669: checking fcntl.h usability
configure:15669: gcc -c -g -O2  conftest.c >&5
configure:15669: $? = 0
configure:15669: result: yes
configure:15669: checking fcntl.h presence
configure:15669: gcc -E  conftest.c
configure:15669: $? = 0
configure:15669: result: yes
configure:15669: checking for fcntl.h
configure:15669: result: yes
configure:15669: checking limits.h usability
configure:15669: gcc -c -g -O2  conftest.c >&5
configure:15669: $? = 0
configure:15669: result: yes
configure:15669: checking limits.h presence
configure:15669: gcc -E  conftest.c
configure:15669: $? = 0
configure:15669: result: yes
configure:15669: checking for limits.h
configure:15669: result: yes
configure:15669: checking netinet/in.h usability
configure:15669: gcc -c -g -O2  conftest.c >&5
configure:15669: $? = 0
configure:15669: result: yes
configure:15669: checking netinet/in.h presence
configure:15669: gcc -E  conftest.c
configure:15669: $? = 0
configure:15669: result: yes
configure:15669: checking for netinet/in.h
configure:15669: result: yes
configure:15669: checking for stdint.h
configure:15669: result: yes
configure:15669: checking for stdlib.h
configure:15669: result: yes
configure:15669: checking for string.h
configure:15669: result: yes
configure:15669: checking sys/ioctl.h usability
configure:15669: gcc -c -g -O2  conftest.c >&5
configure:15669: $? = 0
configure:15669: result: yes
configure:15669: checking sys/ioctl.h presence
configure:15669: gcc -E  conftest.c
configure:15669: $? = 0
configure:15669: result: yes
configure:15669: checking for sys/ioctl.h
configure:15669: result: yes
configure:15669: checking sys/socket.h usability
configure:15669: gcc -c -g -O2  conftest.c >&5
configure:15669: $? = 0
configure:15669: result: yes
configure:15669: checking sys/socket.h presence
configure:15669: gcc -E  conftest.c
configure:15669: $? = 0
configure:15669: result: yes
configure:15669: checking for sys/socket.h
configure:15669: result: yes
configure:15669: checking sys/time.h usability
configure:15669: gcc -c -g -O2  conftest.c >&5
configure:15669: $? = 0
configure:15669: result: yes
configure:15669: checking sys/time.h presence
configure:15669: gcc -E  conftest.c
configure:15669: $? = 0
configure:15669: result: yes
configure:15669: checking for sys/time.h
configure:15669: result: yes
configure:15669: checking termios.h usability
configure:15669: gcc -c -g -O2  conftest.c >&5
configure:15669: $? = 0
configure:15669: result: yes
configure:15669: checking termios.h presence
configure:15669: gcc -E  conftest.c
configure:15669: $? = 0
configure:15669: result: yes
configure:15669: checking for termios.h
configure:15669: result: yes
configure:15669: checking for unistd.h
configure:15669: result: yes
configure:15669: checking wchar.h usability
configure:15669: gcc -c -g -O2  conftest.c >&5
configure:15669: $? = 0
configure:15669: result: yes
configure:15669: checking wchar.h presence
configure:15669: gcc -E  conftest.c
configure:15669: $? = 0
configure:15669: result: yes
configure:15669: checking for wchar.h
configure:15669: result: yes
configure:15681: checking for stdbool.h that conforms to C99
configure:15748: gcc -c -g -O2  conftest.c >&5
configure:15748: $? = 0
configure:15755: result: yes
configure:15757: checking for _Bool
configure:15757: gcc -c -g -O2  conftest.c >&5
configure:15757: $? = 0
configure:15757: gcc -c -g -O2  conftest.c >&5
conftest.c: In function 'main':
conftest.c:75:20: error: expected expression before ')' token
 if (sizeof ((_Bool)))
                    ^
configure:15757: $? = 1
configure: failed program was:
| /* confdefs.h */
| #define PACKAGE_NAME "MqttDrv"
| #define PACKAGE_TARNAME "mqttdrv"
| #define PACKAGE_VERSION "1.0.0"
| #define PACKAGE_STRING "MqttDrv 1.0.0"
| #define PACKAGE_BUGREPORT "BUG-REPORT-ADDRESS"
| #define PACKAGE_URL ""
| #define PACKAGE "mqttdrv"
| #define VERSION "1.0.0"
| #define STDC_HEADERS 1
| #define HAVE_SYS_TYPES_H 1
| #define HAVE_SYS_STAT_H 1
| #define HAVE_STDLIB_H 1
| #define HAVE_STRING_H 1
| #define HAVE_MEMORY_H 1
| #define HAVE_STRINGS_H 1
| #define HAVE_INTTYPES_H 1
| #define HAVE_STDINT_H 1
| #define HAVE_UNISTD_H 1
| #define HAVE_DLFCN_H 1
| #define LT_OBJDIR ".libs/"
| #define HAVE_LIBDL 1
| #define HAVE_LIBPTHREAD 1
| #define HAVE_LIBRT 1
| #define HAVE_LIBMOSQUITTO 1
| #define HAVE_FCNTL_H 1
| #define HAVE_LIMITS_H 1
| #define HAVE_NETINET_IN_H 1
| #define HAVE_STDINT_H 1
| #define HAVE_STDLIB_H 1
| #define HAVE_STRING_H 1
| #define HAVE_SYS_IOCTL_H 1
| #define HAVE_SYS_SOCKET_H 1
| #define HAVE_SYS_TIME_H 1
| #define HAVE_TERMIOS_H 1
| #define HAVE_UNISTD_H 1
| #define HAVE_WCHAR_H 1
| /* end confdefs.h.  */
| #include <stdio.h>
| #ifdef HAVE_SYS_TYPES_H
| # include <sys/types.h>
| #endif
| #ifdef HAVE_SYS_STAT_H
| # include <sys/stat.h>
| #endif
| #ifdef STDC_HEADERS
| # include <stdlib.h>
| # include <stddef.h>
| #else
| # ifdef HAVE_STDLIB_H
| #  include <stdlib.h>
| # endif
| #endif
| #ifdef HAVE_STRING_H
| # if !defined STDC_HEADERS && defined HAVE_MEMORY_H
| #  include <memory.h>
| # endif
| # include <string.h>
| #endif
| #ifdef HAVE_STRINGS_H
| # include <strings.h>
| #endif
| #ifdef HAVE_INTTYPES_H
| # include <inttypes.h>
| #endif
| #ifdef HAVE_STDINT_H
| # include <stdint.h>
| #endif
| #ifdef HAVE_UNISTD_H
| # include <unistd.h>
| #endif
| int
| main ()
| {
| if (sizeof ((_Bool)))
| 	    return 0;
|   ;
|   return 0;
| }
configure:15757: result: yes
configure:15774: checking for int32_t
configure:15774: gcc -c -g -O2  conftest.c >&5
configure:15774: $? = 0
configure:15774: gcc -c -g -O2  conftest.c >&5
conftest.c: In function 'main':
conftest.c:79:53: warning: integer overflow in expression [-Woverflow]
    < (int32_t) (((((int32_t) 1 << N) << N) - 1) * 2 + 2))];
                                                     ^
conftest.c:78:12: error: storage size of 'test_array' isn't constant
 static int test_array [1 - 2 * !((int32_t) (((((int32_t) 1 << N) << N) - 1) * 2 + 1)
            ^
configure:15774: $? = 1
configure: failed program was:
| /* confdefs.h */
| #define PACKAGE_NAME "MqttDrv"
| #define PACKAGE_TARNAME "mqttdrv"
| #define PACKAGE_VERSION "1.0.0"
| #define PACKAGE_STRING "MqttDrv 1.0.0"
| #define PACKAGE_BUGREPORT "BUG-REPORT-ADDRESS"
| #define PACKAGE_URL ""
| #define PACKAGE "mqttdrv"
| #define VERSION "1.0.0"
| #define STDC_HEADERS 1
| #define HAVE_SYS_TYPES_H 1
| #define HAVE_SYS_STAT_H 1
| #define HAVE_STDLIB_H 1
| #define HAVE_STRING_H 1
| #define HAVE_MEMORY_H 1
| #define HAVE_STRINGS_H 1
| #define HAVE_INTTYPES_H 1
| #define HAVE_STDINT_H 1
| #define HAVE_UNISTD_H 1
| #define HAVE_DLFCN_H 1
| #define LT_OBJDIR ".libs/"
| #define HAVE_LIBDL 1
| #define HAVE_LIBPTHREAD 1
| #define HAVE_LIBRT 1
| #define HAVE_LIBMOSQUITTO 1
| #define HAVE_FCNTL_H 1
| #define HAVE_LIMITS_H 1
| #define HAVE_NETINET_IN_H 1
| #define HAVE_STDINT_H 1
| #define HAVE_STDLIB_H 1
| #define HAVE_STRING_H 1
| #define HAVE_SYS_IOCTL_H 1
| #define HAVE_SYS_SOCKET_H 1
| #define HAVE_SYS_TIME_H 1
| #define HAVE_TERMIOS_H 1
| #define HAVE_UNISTD_H 1
| #define HAVE_WCHAR_H 1
| #define HAVE__BOOL 1
| #define HAVE_STDBOOL_H 1
| /* end confdefs.h.  */
| #include <stdio.h>
| #ifdef HAVE_SYS_TYPES_H
| # include <sys/types.h>
| #endif
| #ifdef HAVE_SYS_STAT_H
| # include <sys/stat.h>
| #endif
| #ifdef STDC_HEADERS
| # include <stdlib.h>
| # include <stddef.h>
| #else
| # ifdef HAVE_STDLIB_H
| #  include <stdlib.h>
| # endif
| #endif
| #ifdef HAVE_STRING_H
| # if !defined STDC_HEADERS && defined HAVE_MEMORY_H
| #  include <memory.h>
| # endif
| # include <string.h>
| #endif
| #ifdef HAVE_STRINGS_H
| # include <strings.h>
| #endif
| #ifdef HAVE_INTTYPES_H
| # include <inttypes.h>
| #endif
| #ifdef HAVE_STDINT_H
| # include <stdint.h>
| #endif
| #ifdef HAVE_UNISTD_H
| # include <unistd.h>
| #endif
| 	        enum { N = 32 / 2 - 1 };
| int
| main ()
| {
| static int test_array [1 - 2 * !((int32_t) (((((int32_t) 1 << N) << N) - 1) * 2 + 1)
| 		 < (int32_t) (((((int32_t) 1 << N) << N) - 1) * 2 + 2))];
| test_array [0] = 0;
| return test_array [0];
| 
|   ;
|   return 0;
| }
configure:15774: result: yes
configure:15785: checking for int8_t
configure:15785: gcc -c -g -O2  conftest.c >&5
configure:15785: $? = 0
configure:15785: gcc -c -g -O2  conftest.c >&5
conftest.c: In function 'main':
conftest.c:78:12: error: size of array 'test_array' is negative
 static int test_array [1 - 2 * !((int8_t) (((((int8_t) 1 << N) << N) - 1) * 2 + 1)
            ^
configure:15785: $? = 1
configure: failed program was:
| /* confdefs.h */
| #define PACKAGE_NAME "MqttDrv"
| #define PACKAGE_TARNAME "mqttdrv"
| #define PACKAGE_VERSION "1.0.0"
| #define PACKAGE_STRING "MqttDrv 1.0.0"
| #define PACKAGE_BUGREPORT "BUG-REPORT-ADDRESS"
| #define PACKAGE_URL ""
| #define PACKAGE "mqttdrv"
| #define VERSION "1.0.0"
| #define STDC_HEADERS 1
| #define HAVE_SYS_TYPES_H 1
| #define HAVE_SYS_STAT_H 1
| #define HAVE_STDLIB_H 1
| #define HAVE_STRING_H 1
| #define HAVE_MEMORY_H 1
| #define HAVE_STRINGS_H 1
| #define HAVE_INTTYPES_H 1
| #define HAVE_STDINT_H 1
| #define HAVE_UNISTD_H 1
| #define HAVE_DLFCN_H 1
| #define LT_OBJDIR ".libs/"
| #define HAVE_LIBDL 1
| #define HAVE_LIBPTHREAD 1
| #define HAVE_LIBRT 1
| #define HAVE_LIBMOSQUITTO 1
| #define HAVE_FCNTL_H 1
| #define HAVE_LIMITS_H 1
| #define HAVE_NETINET_IN_H 1
| #define HAVE_STDINT_H 1
| #define HAVE_STDLIB_H 1
| #define HAVE_STRING_H 1
| #define HAVE_SYS_IOCTL_H 1
| #define HAVE_SYS_SOCKET_H 1
| #define HAVE_SYS_TIME_H 1
| #define HAVE_TERMIOS_H 1
| #define HAVE_UNISTD_H 1
| #define HAVE_WCHAR_H 1
| #define HAVE__BOOL 1
| #define HAVE_STDBOOL_H 1
| /* end confdefs.h.  */
| #include <stdio.h>
| #ifdef HAVE_SYS_TYPES_H
| # include <sys/types.h>
| #endif
| #ifdef HAVE_SYS_STAT_H
| # include <sys/stat.h>
| #endif
| #ifdef STDC_HEADERS
| # include <stdlib.h>
| # include <stddef.h>
| #else
| # ifdef HAVE_STDLIB_H
| #  include <stdlib.h>
| # endif
| #endif
| #ifdef HAVE_STRING_H
| # if !defined STDC_HEADERS && defined HAVE_MEMORY_H
| #  include <memory.h>
| # endif
| # include <string.h>
| #endif
| #ifdef HAVE_STRINGS_H
| # include <strings.h>
| #endif
| #ifdef HAVE_INTTYPES_H
| # include <inttypes.h>
| #endif
| #ifdef HAVE_STDINT_H
| # include <stdint.h>
| #endif
| #ifdef HAVE_UNISTD_H
| # include <unistd.h>
| #endif
| 	        enum { N = 8 / 2 - 1 };
| int
| main ()
| {
| static int test_array [1 - 2 * !((int8_t) (((((int8_t) 1 << N) << N) - 1) * 2 + 1)
| 		 < (int8_t) (((((int8_t) 1 << N) << N) - 1) * 2 + 2))];
| test_array [0] = 0;
| return test_array [0];
| 
|   ;
|   return 0;
| }
configure:15785: result: yes
configure:15796: checking for mode_t
configure:15796: gcc -c -g -O2  conftest.c >&5
configure:15796: $? = 0
configure:15796: gcc -c -g -O2  conftest.c >&5
conftest.c: In function 'main':
conftest.c:77:21: error: expected expression before ')' token
 if (sizeof ((mode_t)))
                     ^
configure:15796: $? = 1
configure: failed program was:
| /* confdefs.h */
| #define PACKAGE_NAME "MqttDrv"
| #define PACKAGE_TARNAME "mqttdrv"
| #define PACKAGE_VERSION "1.0.0"
| #define PACKAGE_STRING "MqttDrv 1.0.0"
| #define PACKAGE_BUGREPORT "BUG-REPORT-ADDRESS"
| #define PACKAGE_URL ""
| #define PACKAGE "mqttdrv"
| #define VERSION "1.0.0"
| #define STDC_HEADERS 1
| #define HAVE_SYS_TYPES_H 1
| #define HAVE_SYS_STAT_H 1
| #define HAVE_STDLIB_H 1
| #define HAVE_STRING_H 1
| #define HAVE_MEMORY_H 1
| #define HAVE_STRINGS_H 1
| #define HAVE_INTTYPES_H 1
| #define HAVE_STDINT_H 1
| #define HAVE_UNISTD_H 1
| #define HAVE_DLFCN_H 1
| #define LT_OBJDIR ".libs/"
| #define HAVE_LIBDL 1
| #define HAVE_LIBPTHREAD 1
| #define HAVE_LIBRT 1
| #define HAVE_LIBMOSQUITTO 1
| #define HAVE_FCNTL_H 1
| #define HAVE_LIMITS_H 1
| #define HAVE_NETINET_IN_H 1
| #define HAVE_STDINT_H 1
| #define HAVE_STDLIB_H 1
| #define HAVE_STRING_H 1
| #define HAVE_SYS_IOCTL_H 1
| #define HAVE_SYS_SOCKET_H 1
| #define HAVE_SYS_TIME_H 1
| #define HAVE_TERMIOS_H 1
| #define HAVE_UNISTD_H 1
| #define HAVE_WCHAR_H 1
| #define HAVE__BOOL 1
| #define HAVE_STDBOOL_H 1
| /* end confdefs.h.  */
| #include <stdio.h>
| #ifdef HAVE_SYS_TYPES_H
| # include <sys/types.h>
| #endif
| #ifdef HAVE_SYS_STAT_H
| # include <sys/stat.h>
| #endif
| #ifdef STDC_HEADERS
| # include <stdlib.h>
| # include <stddef.h>
| #else
| # ifdef HAVE_STDLIB_H
| #  include <stdlib.h>
| # endif
| #endif
| #ifdef HAVE_STRING_H
| # if !defined STDC_HEADERS && defined HAVE_MEMORY_H
| #  include <memory.h>
| # endif
| # include <string.h>
| #endif
| #ifdef HAVE_STRINGS_H
| # include <strings.h>
| #endif
| #ifdef HAVE_INTTYPES_H
| # include <inttypes.h>
| #endif
| #ifdef HAVE_STDINT_H
| # include <stdint.h>
| #endif
| #ifdef HAVE_UNISTD_H
| # include <unistd.h>
| #endif
| int
| main ()
| {
| if (sizeof ((mode_t)))
| 	    return 0;
|   ;
|   return 0;
| }
configure:15796: result: yes
configure:15807: checking for pid_t
configure:15807: gcc -c -g -O2  conftest.c >&5
configure:15807: $? = 0
configure:15807: gcc -c -g -O2  conftest.c >&5
conftest.c: In function 'main':
conftest.c:77:20: error: expected expression before ')' token
 if (sizeof ((pid_t)))
                    ^
configure:15807: $? = 1
configure: failed program was:
| /* confdefs.h */
| #define PACKAGE_NAME "MqttDrv"
| #define PACKAGE_TARNAME "mqttdrv"
| #define PACKAGE_VERSION "1.0.0"
| #define PACKAGE_STRING "MqttDrv 1.0.0"
| #define PACKAGE_BUGREPORT "BUG-REPORT-ADDRESS"
| #define PACKAGE_URL ""
| #define PACKAGE "mqttdrv"
| #define VERSION "1.0.0"
| #define STDC_HEADERS 1
| #define HAVE_SYS_TYPES_H 1
| #define HAVE_SYS_STAT_H 1
| #define HAVE_STDLIB_H 1
| #define HAVE_STRING_H 1
| #define HAVE_MEMORY_H 1
| #define HAVE_STRINGS_H 1
| #define HAVE_INTTYPES_H 1
| #define HAVE_STDINT_H 1
| #define HAVE_UNISTD_H 1
| #define HAVE_DLFCN_H 1
| #define LT_OBJDIR ".libs/"
| #define HAVE_LIBDL 1
| #define HAVE_LIBPTHREAD 1
| #define HAVE_LIBRT 1
| #define HAVE_LIBMOSQUITTO 1
| #define HAVE_FCNTL_H 1
| #define HAVE_LIMITS_H 1
| #define HAVE_NETINET_IN_H 1
| #define HAVE_STDINT_H 1
| #define HAVE_STDLIB_H 1
| #define HAVE_STRING_H 1
| #define HAVE_SYS_IOCTL_H 1
| #define HAVE_SYS_SOCKET_H 1
| #define HAVE_SYS_TIME_H 1
| #define HAVE_TERMIOS_H 1
| #define HAVE_UNISTD_H 1
| #define HAVE_WCHAR_H 1
| #define HAVE__BOOL 1
| #define HAVE_STDBOOL_H 1
| /* end confdefs.h.  */
| #include <stdio.h>
| #ifdef HAVE_SYS_TYPES_H
| # include <sys/types.h>
| #endif
| #ifdef HAVE_SYS_STAT_H
| # include <sys/stat.h>
| #endif
| #ifdef STDC_HEADERS
| # include <stdlib.h>
| # include <stddef.h>
| #else
| # ifdef HAVE_STDLIB_H
| #  include <stdlib.h>
| # endif
| #endif
| #ifdef HAVE_STRING_H
| # if !defined STDC_HEADERS && defined HAVE_MEMORY_H
| #  include <memory.h>
| # endif
| # include <string.h>
| #endif
| #ifdef HAVE_STRINGS_H
| # include <strings.h>
| #endif
| #ifdef HAVE_INTTYPES_H
| # include <inttypes.h>
| #endif
| #ifdef HAVE_STDINT_H
| # include <stdint.h>
| #endif
| #ifdef HAVE_UNISTD_H
| # include <unistd.h>
| #endif
| int
| main ()
| {
| if (sizeof ((pid_t)))
| 	    return 0;
|   ;
|   return 0;
| }
configure:15807: result: yes
configure:15818: checking for size_t
configure:15818: gcc -c -g -O2  conftest.c >&5
configure:15818: $? = 0
configure:15818: gcc -c -g -O2  conftest.c >&5
conftest.c: In function 'main':
conftest.c:77:21: error: expected expression before ')' token
 if (sizeof ((size_t)))
                     ^
configure:15818: $? = 1
configure: failed program was:
| /* confdefs.h */
| #define PACKAGE_NAME "MqttDrv"
| #define PACKAGE_TARNAME "mqttdrv"
| #define PACKAGE_VERSION "1.0.0"
| #define PACKAGE_STRING "MqttDrv 1.0.0"
| #define PACKAGE_BUGREPORT "BUG-REPORT-ADDRESS"
| #define PACKAGE_URL ""
| #define PACKAGE "mqttdrv"
| #define VERSION "1.0.0"
| #define STDC_HEADERS 1
| #define HAVE_SYS_TYPES_H 1
| #define HAVE_SYS_STAT_H 1
| #define HAVE_STDLIB_H 1
| #define HAVE_STRING_H 1
| #define HAVE_MEMORY_H 1
| #define HAVE_STRINGS_H 1
| #define HAVE_INTTYPES_H 1
| #define HAVE_STDINT_H 1
| #define HAVE_UNISTD_H 1
| #define HAVE_DLFCN_H 1
| #define LT_OBJDIR ".libs/"
| #define HAVE_LIBDL 1
| #define HAVE_LIBPTHREAD 1
| #define HAVE_LIBRT 1
| #define HAVE_LIBMOSQUITTO 1
| #define HAVE_FCNTL_H 1
| #define HAVE_LIMITS_H 1
| #define HAVE_NETINET_IN_H 1
| #define HAVE_STDINT_H 1
| #define HAVE_STDLIB_H 1
| #define HAVE_STRING_H 1
| #define HAVE_SYS_IOCTL_H 1
| #define HAVE_SYS_SOCKET_H 1
| #define HAVE_SYS_TIME_H 1
| #define HAVE_TERMIOS_H 1
| #define HAVE_UNISTD_H 1
| #define HAVE_WCHAR_H 1
| #define HAVE__BOOL 1
| #define HAVE_STDBOOL_H 1
| /* end confdefs.h.  */
| #include <stdio.h>
| #ifdef HAVE_SYS_TYPES_H
| # include <sys/types.h>
| #endif
| #ifdef HAVE_SYS_STAT_H
| # include <sys/stat.h>
| #endif
| #ifdef STDC_HEADERS
| # include <stdlib.h>
| # include <stddef.h>
| #else
| # ifdef HAVE_STDLIB_H
| #  include <stdlib.h>
| # endif
| #endif
| #ifdef HAVE_STRING_H
| # if !defined STDC_HEADERS && defined HAVE_MEMORY_H
| #  include <memory.h>
| # endif
| # include <string.h>
| #endif
| #ifdef HAVE_STRINGS_H
| # include <strings.h>
| #endif
| #ifdef HAVE_INTTYPES_H
| # include <inttypes.h>
| #endif
| #ifdef HAVE_STDINT_H
| # include <stdint.h>
| #endif
| #ifdef HAVE_UNISTD_H
| # include <unistd.h>
| #endif
| int
| main ()
| {
| if (sizeof ((size_t)))
| 	    return 0;
|   ;
|   return 0;
| }
configure:15818: result: yes
configure:15829: checking for uint16_t
configure:15829: gcc -c -g -O2  conftest.c >&5
configure:15829: $? = 0
configure:15829: result: yes
configure:15841: checking for uint32_t
configure:15841: gcc -c -g -O2  conftest.c >&5
configure:15841: $? = 0
configure:15841: result: yes
configure:15855: checking for uint8_t
configure:15855: gcc -c -g -O2  conftest.c >&5
configure:15855: $? = 0
configure:15855: result: yes
configure:15873: checking vfork.h usability
configure:15873: gcc -c -g -O2  conftest.c >&5
conftest.c:74:19: fatal error: vfork.h: No such file or directory
 #include <vfork.h>
                   ^
compilation terminated.
configure:15873: $? = 1
configure: failed program was:
| /* confdefs.h */
| #define PACKAGE_NAME "MqttDrv"
| #define PACKAGE_TARNAME "mqttdrv"
| #define PACKAGE_VERSION "1.0.0"
| #define PACKAGE_STRING "MqttDrv 1.0.0"
| #define PACKAGE_BUGREPORT "BUG-REPORT-ADDRESS"
| #define PACKAGE_URL ""
| #define PACKAGE "mqttdrv"
| #define VERSION "1.0.0"
| #define STDC_HEADERS 1
| #define HAVE_SYS_TYPES_H 1
| #define HAVE_SYS_STAT_H 1
| #define HAVE_STDLIB_H 1
| #define HAVE_STRING_H 1
| #define HAVE_MEMORY_H 1
| #define HAVE_STRINGS_H 1
| #define HAVE_INTTYPES_H 1
| #define HAVE_STDINT_H 1
| #define HAVE_UNISTD_H 1
| #define HAVE_DLFCN_H 1
| #define LT_OBJDIR ".libs/"
| #define HAVE_LIBDL 1
| #define HAVE_LIBPTHREAD 1
| #define HAVE_LIBRT 1
| #define HAVE_LIBMOSQUITTO 1
| #define HAVE_FCNTL_H 1
| #define HAVE_LIMITS_H 1
| #define HAVE_NETINET_IN_H 1
| #define HAVE_STDINT_H 1
| #define HAVE_STDLIB_H 1
| #define HAVE_STRING_H 1
| #define HAVE_SYS_IOCTL_H 1
| #define HAVE_SYS_SOCKET_H 1
| #define HAVE_SYS_TIME_H 1
| #define HAVE_TERMIOS_H 1
| #define HAVE_UNISTD_H 1
| #define HAVE_WCHAR_H 1
| #define HAVE__BOOL 1
| #define HAVE_STDBOOL_H 1
| /* end confdefs.h.  */
| #include <stdio.h>
| #ifdef HAVE_SYS_TYPES_H
| # include <sys/types.h>
| #endif
| #ifdef HAVE_SYS_STAT_H
| # include <sys/stat.h>
| #endif
| #ifdef STDC_HEADERS
| # include <stdlib.h>
| # include <stddef.h>
| #else
| # ifdef HAVE_STDLIB_H
| #  include <stdlib.h>
| # endif
| #endif
| #ifdef HAVE_STRING_H
| # if !defined STDC_HEADERS && defined HAVE_MEMORY_H
| #  include <memory.h>
| # endif
| # include <string.h>
| #endif
| #ifdef HAVE_STRINGS_H
| # include <strings.h>
| #endif
| #ifdef HAVE_INTTYPES_H
| # include <inttypes.h>
| #endif
| #ifdef HAVE_STDINT_H
| # include <stdint.h>
| #endif
| #ifdef HAVE_UNISTD_H
| # include <unistd.h>
| #endif
| #include <vfork.h>
configure:15873: result: no
configure:15873: checking vfork.h presence
configure:15873: gcc -E  conftest.c
conftest.c:41:19: fatal error: vfork.h: No such file or directory
 #include <vfork.h>
                   ^
compilation terminated.
configure:15873: $? = 1
configure: failed program was:
| /* confdefs.h */
| #define PACKAGE_NAME "MqttDrv"
| #define PACKAGE_TARNAME "mqttdrv"
| #define PACKAGE_VERSION "1.0.0"
| #define PACKAGE_STRING "MqttDrv 1.0.0"
| #define PACKAGE_BUGREPORT "BUG-REPORT-ADDRESS"
| #define PACKAGE_URL ""
| #define PACKAGE "mqttdrv"
| #define VERSION "1.0.0"
| #define STDC_HEADERS 1
| #define HAVE_SYS_TYPES_H 1
| #define HAVE_SYS_STAT_H 1
| #define HAVE_STDLIB_H 1
| #define HAVE_STRING_H 1
| #define HAVE_MEMORY_H 1
| #define HAVE_STRINGS_H 1
| #define HAVE_INTTYPES_H 1
| #define HAVE_STDINT_H 1
| #define HAVE_UNISTD_H 1
| #define HAVE_DLFCN_H 1
| #define LT_OBJDIR ".libs/"
| #define HAVE_LIBDL 1
| #define HAVE_LIBPTHREAD 1
| #define HAVE_LIBRT 1
| #define HAVE_LIBMOSQUITTO 1
| #define HAVE_FCNTL_H 1
| #define HAVE_LIMITS_H 1
| #define HAVE_NETINET_IN_H 1
| #define HAVE_STDINT_H 1
| #define HAVE_STDLIB_H 1
| #define HAVE_STRING_H 1
| #define HAVE_SYS_IOCTL_H 1
| #define HAVE_SYS_SOCKET_H 1
| #define HAVE_SYS_TIME_H 1
| #define HAVE_TERMIOS_H 1
| #define HAVE_UNISTD_H 1
| #define HAVE_WCHAR_H 1
| #define HAVE__BOOL 1
| #define HAVE_STDBOOL_H 1
| /* end confdefs.h.  */
| #include <vfork.h>
configure:15873: result: no
configure:15873: checking for vfork.h
configure:15873: result: no
configure:15886: checking for fork
configure:15886: gcc -o conftest -g -O2   conftest.c -lmosquitto -lrt -lpthread -ldl  >&5
conftest.c:64:6: warning: conflicting types for built-in function 'fork' [enabled by default]
 char fork ();
      ^
configure:15886: $? = 0
configure:15886: result: yes
configure:15886: checking for vfork
configure:15886: gcc -o conftest -g -O2   conftest.c -lmosquitto -lrt -lpthread -ldl  >&5
configure:15886: $? = 0
configure:15886: result: yes
configure:15896: checking for working fork
configure:15918: gcc -o conftest -g -O2   conftest.c -lmosquitto -lrt -lpthread -ldl  >&5
configure:15918: $? = 0
configure:15918: ./conftest
configure:15918: $? = 0
configure:15928: result: yes
configure:15949: checking for working vfork
configure:16059: result: yes
configure:16086: checking for stdlib.h
configure:16086: result: yes
configure:16096: checking for GNU libc compatible malloc
configure:16120: gcc -o conftest -g -O2   conftest.c -lmosquitto -lrt -lpthread -ldl  >&5
configure:16120: $? = 0
configure:16120: ./conftest
configure:16120: $? = 0
configure:16130: result: yes
configure:16154: checking for clock_gettime
configure:16154: gcc -o conftest -g -O2   conftest.c -lmosquitto -lrt -lpthread -ldl  >&5
configure:16154: $? = 0
configure:16154: result: yes
configure:16154: checking for gettimeofday
configure:16154: gcc -o conftest -g -O2   conftest.c -lmosquitto -lrt -lpthread -ldl  >&5
configure:16154: $? = 0
configure:16154: result: yes
configure:16154: checking for inet_ntoa
configure:16154: gcc -o conftest -g -O2   conftest.c -lmosquitto -lrt -lpthread -ldl  >&5
configure:16154: $? = 0
configure:16154: result: yes
configure:16154: checking for memmove
configure:16154: gcc -o conftest -g -O2   conftest.c -lmosquitto -lrt -lpthread -ldl  >&5
conftest.c:73:6: warning: conflicting types for built-in function 'memmove' [enabled by default]
 char memmove ();
      ^
configure:16154: $? = 0
configure:16154: result: yes
configure:16154: checking for memset
configure:16154: gcc -o conftest -g -O2   conftest.c -lmosquitto -lrt -lpthread -ldl  >&5
conftest.c:74:6: warning: conflicting types for built-in function 'memset' [enabled by default]
 char memset ();
      ^
configure:16154: $? = 0
configure:16154: result: yes
configure:16154: checking for mkdir
configure:16154: gcc -o conftest -g -O2   conftest.c -lmosquitto -lrt -lpthread -ldl  >&5
configure:16154: $? = 0
configure:16154: result: yes
configure:16154: checking for socket
configure:16154: gcc -o conftest -g -O2   conftest.c -lmosquitto -lrt -lpthread -ldl  >&5
configure:16154: $? = 0
configure:16154: result: yes
configure:16154: checking for strcasecmp
configure:16154: gcc -o conftest -g -O2   conftest.c -lmosquitto -lrt -lpthread -ldl  >&5
conftest.c:77:6: warning: conflicting types for built-in function 'strcasecmp' [enabled by default]
 char strcasecmp ();
      ^
configure:16154: $? = 0
configure:16154: result: yes
configure:16154: checking for strchr
configure:16154: gcc -o conftest -g -O2   conftest.c -lmosquitto -lrt -lpthread -ldl  >&5
conftest.c:78:6: warning: conflicting types for built-in function 'strchr' [enabled by default]
 char strchr ();
      ^
configure:16154: $? = 0
configure:16154: result: yes
configure:16154: checking for strdup
configure:16154: gcc -o conftest -g -O2   conftest.c -lmosquitto -lrt -lpthread -ldl  >&5
conftest.c:79:6: warning: conflicting types for built-in function 'strdup' [enabled by default]
 char strdup ();
      ^
configure:16154: $? = 0
configure:16154: result: yes
configure:16154: checking for strrchr
configure:16154: gcc -o conftest -g -O2   conftest.c -lmosquitto -lrt -lpthread -ldl  >&5
conftest.c:80:6: warning: conflicting types for built-in function 'strrchr' [enabled by default]
 char strrchr ();
      ^
configure:16154: $? = 0
configure:16154: result: yes
configure:16154: checking for strstr
configure:16154: gcc -o conftest -g -O2   conftest.c -lmosquitto -lrt -lpthread -ldl  >&5
conftest.c:81:6: warning: conflicting types for built-in function 'strstr' [enabled by default]
 char strstr ();
      ^
configure:16154: $? = 0
configure:16154: result: yes
configure:16154: checking for strtol
configure:16154: gcc -o conftest -g -O2   conftest.c -lmosquitto -lrt -lpthread -ldl  >&5
configure:16154: $? = 0
configure:16154: result: yes
configure:16154: checking for sysinfo
configure:16154: gcc -o conftest -g -O2   conftest.c -lmosquitto -lrt -lpthread -ldl  >&5
configure:16154: $? = 0
configure:16154: result: yes
configure:16300: creating ./config.status

## ---------------- ##
## Cache variables. ##
## ---------------- ##

ac_cv_build=i686-pc-linux-gnu
ac_cv_c_compiler_gnu=yes
ac_cv_c_int32_t=yes
ac_cv_c_int8_t=yes
ac_cv_c_uint16_t=yes
ac_cv_c_uint32_t=yes
ac_cv_c_uint8_t=yes
ac_cv_cxx_compiler_gnu=yes
ac_cv_env_CCC_set=
ac_cv_env_CCC_value=
ac_cv_env_CC_set=
ac_cv_env_CC_value=
ac_cv_env_CFLAGS_set=
ac_cv_env_CFLAGS_value=
ac_cv_env_CPPFLAGS_set=
ac_cv_env_CPPFLAGS_value=
ac_cv_env_CPP_set=
ac_cv_env_CPP_value=
ac_cv_env_CXXCPP_set=
ac_cv_env_CXXCPP_value=
ac_cv_env_CXXFLAGS_set=
ac_cv_env_CXXFLAGS_value=
ac_cv_env_CXX_set=
ac_cv_env_CXX_value=
ac_cv_env_LDFLAGS_set=
ac_cv_env_LDFLAGS_value=
ac_cv_env_LIBS_set=
ac_cv_env_LIBS_value=
ac_cv_env_build_alias_set=
ac_cv_env_build_alias_value=
ac_cv_env_host_alias_set=
ac_cv_env_host_alias_value=
ac_cv_env_target_alias_set=
ac_cv_env_target_alias_value=
ac_cv_func_clock_gettime=yes
ac_cv_func_fork=yes
ac_cv_func_fork_works=yes
ac_cv_func_gettimeofday=yes
ac_cv_func_inet_ntoa=yes
ac_cv_func_malloc_0_nonnull=yes
ac_cv_func_memmove=yes
ac_cv_func_memset=yes
ac_cv_func_mkdir=yes
ac_cv_func_socket=yes
ac_cv_func_strcasecmp=yes
ac_cv_func_strchr=yes
ac_cv_func_strdup=yes
ac_cv_func_strrchr=yes
ac_cv_func_strstr=yes
ac_cv_func_strtol=yes
ac_cv_func_sysinfo=yes
ac_cv_func_vfork=yes
ac_cv_func_vfork_works=yes
ac_cv_header_dlfcn_h=yes
ac_cv_header_fcntl_h=yes
ac_cv_header_inttypes_h=yes
ac_cv_header_limits_h=yes
ac_cv_header_memory_h=yes
ac_cv_header_netinet_in_h=yes
ac_cv_header_stdbool_h=yes
ac_cv_header_stdc=yes
ac_cv_header_stdint_h=yes
ac_cv_header_stdlib_h=yes
ac_cv_header_string_h=yes
ac_cv_header_strings_h=yes
ac_cv_header_sys_ioctl_h=yes
ac_cv_header_sys_socket_h=yes
ac_cv_header_sys_stat_h=yes
ac_cv_header_sys_time_h=yes
ac_cv_header_sys_types_h=yes
ac_cv_header_termios_h=yes
ac_cv_header_unistd_h=yes
ac_cv_header_vfork_h=no
ac_cv_header_wchar_h=yes
ac_cv_host=i686-pc-linux-gnu
ac_cv_lib_dl_dlopen=yes
ac_cv_lib_mosquitto_mosquitto_lib_init=yes
ac_cv_lib_pthread_pthread_create=yes
ac_cv_lib_rt_clock_gettime=yes
ac_cv_objext=o
ac_cv_path_EGREP='/bin/grep -E'
ac_cv_path_FGREP='/bin/grep -F'
ac_cv_path_GREP=/bin/grep
ac_cv_path_SED=/bin/sed
ac_cv_path_install='/usr/bin/install -c'
ac_cv_path_mkdir=/bin/mkdir
ac_cv_prog_AWK=mawk
ac_cv_prog_CPP='gcc -E'
ac_cv_prog_CXXCPP='g++ -E'
ac_cv_prog_ac_ct_AR=ar
ac_cv_prog_ac_ct_CC=gcc
ac_cv_prog_ac_ct_CXX=g++
ac_cv_prog_ac_ct_MANIFEST_TOOL=mt
ac_cv_prog_ac_ct_OBJDUMP=objdump
ac_cv_prog_ac_ct_RANLIB=ranlib
ac_cv_prog_ac_ct_STRIP=strip
ac_cv_prog_cc_c89=
ac_cv_prog_cc_g=yes
ac_cv_prog_cc_gcc_c_o=yes
ac_cv_prog_cxx_g=yes
ac_cv_prog_make_make_set=yes
ac_cv_type__Bool=yes
ac_cv_type_mode_t=yes
ac_cv_type_pid_t=yes
ac_cv_type_size_t=yes
am_cv_CC_dependencies_compiler_type=gcc3
am_cv_CXX_dependencies_compiler_type=gcc3
am_cv_ar_interface=ar
lt_cv_ar_at_file=@
lt_cv_archive_cmds_need_lc=no
lt_cv_deplibs_check_method=pass_all
lt_cv_file_magic_cmd='$MAGIC_CMD'
lt_cv_file_magic_test_file=
lt_cv_ld_reload_flag=-r
lt_cv_nm_interface='BSD nm'
lt_cv_objdir=.libs
lt_cv_path_LD=/usr/bin/ld
lt_cv_path_LDCXX=/usr/bin/ld
lt_cv_path_NM='/usr/bin/nm -B'
lt_cv_path_mainfest_tool=no
lt_cv_prog_compiler_c_o=yes
lt_cv_prog_compiler_c_o_CXX=yes
lt_cv_prog_compiler_pic='-fPIC -DPIC'
lt_cv_prog_compiler_pic_CXX='-fPIC -DPIC'
lt_cv_prog_compiler_pic_works=yes
lt_cv_prog_compiler_pic_works_CXX=yes
lt_cv_prog_compiler_rtti_exceptions=no
lt_cv_prog_compiler_static_works=yes
lt_cv_prog_compiler_static_works_CXX=yes
lt_cv_prog_gnu_ld=yes
lt_cv_prog_gnu_ldcxx=yes
lt_cv_sharedlib_from_linklib_cmd='printf %s\n'
lt_cv_shlibpath_overrides_runpath=no
lt_cv_sys_global_symbol_pipe='sed -n -e '\''s/^.*[	 ]\([ABCDGIRSTW][ABCDGIRSTW]*\)[	 ][	 ]*\([_A-Za-z][_A-Za-z0-9]*\)$/\1 \2 \2/p'\'' | sed '\''/ __gnu_lto/d'\'''
lt_cv_sys_global_symbol_to_c_name_address='sed -n -e '\''s/^: \([^ ]*\)[ ]*$/  {\"\1\", (void *) 0},/p'\'' -e '\''s/^[ABCDGIRSTW]* \([^ ]*\) \([^ ]*\)$/  {"\2", (void *) \&\2},/p'\'''
lt_cv_sys_global_symbol_to_c_name_address_lib_prefix='sed -n -e '\''s/^: \([^ ]*\)[ ]*$/  {\"\1\", (void *) 0},/p'\'' -e '\''s/^[ABCDGIRSTW]* \([^ ]*\) \(lib[^ ]*\)$/  {"\2", (void *) \&\2},/p'\'' -e '\''s/^[ABCDGIRSTW]* \([^ ]*\) \([^ ]*\)$/  {"lib\2", (void *) \&\2},/p'\'''
lt_cv_sys_global_symbol_to_cdecl='sed -n -e '\''s/^T .* \(.*\)$/extern int \1();/p'\'' -e '\''s/^[ABCDGIRSTW]* .* \(.*\)$/extern char \1;/p'\'''
lt_cv_sys_max_cmd_len=805306365
lt_cv_to_host_file_cmd=func_convert_file_noop
lt_cv_to_tool_file_cmd=func_convert_file_noop

## ----------------- ##
## Output variables. ##
## ----------------- ##

ACLOCAL='${SHELL} /home/ivan/CAgentIoT/Modules/MyHandler/WISE_IOT/NetDevice/Mqtt/build-aux/missing --run aclocal-1.11'
AMDEPBACKSLASH='\'
AMDEP_FALSE='#'
AMDEP_TRUE=''
AMTAR='$${TAR-tar}'
AR='ar'
AUTOCONF='${SHELL} /home/ivan/CAgentIoT/Modules/MyHandler/WISE_IOT/NetDevice/Mqtt/build-aux/missing --run autoconf'
AUTOHEADER='${SHELL} /home/ivan/CAgentIoT/Modules/MyHandler/WISE_IOT/NetDevice/Mqtt/build-aux/missing --run autoheader'
AUTOMAKE='${SHELL} /home/ivan/CAgentIoT/Modules/MyHandler/WISE_IOT/NetDevice/Mqtt/build-aux/missing --run automake-1.11'
AWK='mawk'
CC='gcc'
CCDEPMODE='depmode=gcc3'
CFLAGS='-g -O2'
CPP='gcc -E'
CPPFLAGS=''
CXX='g++'
CXXCPP='g++ -E'
CXXDEPMODE='depmode=gcc3'
CXXFLAGS='-g -O2'
CYGPATH_W='echo'
DEFS='-DHAVE_CONFIG_H'
DEPDIR='.deps'
DLLTOOL='false'
DSYMUTIL=''
DUMPBIN=''
ECHO_C=''
ECHO_N='-n'
ECHO_T=''
EGREP='/bin/grep -E'
EXEEXT=''
FGREP='/bin/grep -F'
GREP='/bin/grep'
INSTALL_DATA='${INSTALL} -m 644'
INSTALL_PROGRAM='${INSTALL}'
INSTALL_SCRIPT='${INSTALL}'
INSTALL_STRIP_PROGRAM='$(install_sh) -c -s'
LD='/usr/bin/ld'
LDFLAGS=''
LIBOBJS=''
LIBS='-lmosquitto -lrt -lpthread -ldl '
LIBTOOL='$(SHELL) $(top_builddir)/libtool'
LIB_VERSION='1:0:0'
LIPO=''
LN_S='ln -s'
LTLIBOBJS=''
MAKEINFO='${SHELL} /home/ivan/CAgentIoT/Modules/MyHandler/WISE_IOT/NetDevice/Mqtt/build-aux/missing --run makeinfo'
MANIFEST_TOOL=':'
MKDIR_P='/bin/mkdir -p'
NM='/usr/bin/nm -B'
NMEDIT=''
OBJDUMP='objdump'
OBJEXT='o'
OTOOL64=''
OTOOL=''
PACKAGE='mqttdrv'
PACKAGE_BUGREPORT='BUG-REPORT-ADDRESS'
PACKAGE_NAME='MqttDrv'
PACKAGE_STRING='MqttDrv 1.0.0'
PACKAGE_TARNAME='mqttdrv'
PACKAGE_URL=''
PACKAGE_VERSION='1.0.0'
PATH_SEPARATOR=':'
RANLIB='ranlib'
SED='/bin/sed'
SET_MAKE=''
SHELL='/bin/sh'
STRIP='strip'
VERSION='1.0.0'
ac_ct_AR='ar'
ac_ct_CC='gcc'
ac_ct_CXX='g++'
ac_ct_DUMPBIN=''
am__EXEEXT_FALSE=''
am__EXEEXT_TRUE='#'
am__fastdepCC_FALSE='#'
am__fastdepCC_TRUE=''
am__fastdepCXX_FALSE='#'
am__fastdepCXX_TRUE=''
am__include='include'
am__isrc=''
am__leading_dot='.'
am__nodep='_no'
am__quote=''
am__tar='$${TAR-tar} chof - "$$tardir"'
am__untar='$${TAR-tar} xf -'
bindir='${exec_prefix}/bin'
build='i686-pc-linux-gnu'
build_alias=''
build_cpu='i686'
build_os='linux-gnu'
build_vendor='pc'
datadir='${datarootdir}'
datarootdir='${prefix}/share'
docdir='${datarootdir}/doc/${PACKAGE_TARNAME}'
dvidir='${docdir}'
exec_prefix='${prefix}'
host='i686-pc-linux-gnu'
host_alias=''
host_cpu='i686'
host_os='linux-gnu'
host_vendor='pc'
htmldir='${docdir}'
includedir='${prefix}/include'
infodir='${datarootdir}/info'
install_sh='${SHELL} /home/ivan/CAgentIoT/Modules/MyHandler/WISE_IOT/NetDevice/Mqtt/build-aux/install-sh'
libdir='${exec_prefix}/lib'
libexecdir='${exec_prefix}/libexec'
localedir='${datarootdir}/locale'
localstatedir='${prefix}/var'
mandir='${datarootdir}/man'
mkdir_p='/bin/mkdir -p'
oldincludedir='/usr/include'
pdfdir='${docdir}'
prefix='/usr'
program_transform_name='s,x,x,'
psdir='${docdir}'
sbindir='${exec_prefix}/sbin'
sharedstatedir='${prefix}/com'
sysconfdir='${prefix}/etc'
target_alias=''

## ----------- ##
## confdefs.h. ##
## ----------- ##

/* confdefs.h */
#define PACKAGE_NAME "MqttDrv"
#define PACKAGE_TARNAME "mqttdrv"
#define PACKAGE_VERSION "1.0.0"
#define PACKAGE_STRING "MqttDrv 1.0.0"
#define PACKAGE_BUGREPORT "BUG-REPORT-ADDRESS"
#define PACKAGE_URL ""
#define PACKAGE "mqttdrv"
#define VERSION "1.0.0"
#define STDC_HEADERS 1
#define HAVE_SYS_TYPES_H 1
#define HAVE_SYS_STAT_H 1
#define HAVE_STDLIB_H 1
#define HAVE_STRING_H 1
#define HAVE_MEMORY_H 1
#define HAVE_STRINGS_H 1
#define HAVE_INTTYPES_H 1
#define HAVE_STDINT_H 1
#define HAVE_UNISTD_H 1
#define HAVE_DLFCN_H 1
#define LT_OBJDIR ".libs/"
#define HAVE_LIBDL 1
#define HAVE_LIBPTHREAD 1
#define HAVE_LIBRT 1
#define HAVE_LIBMOSQUITTO 1
#define HAVE_FCNTL_H 1
#define HAVE_LIMITS_H 1
#define HAVE_NETINET_IN_H 1
#define HAVE_STDINT_H 1
#define HAVE_STDLIB_H 1
#define HAVE_STRING_H 1
#define HAVE_SYS_IOCTL_H 1
#define HAVE_SYS_SOCKET_H 1
#define HAVE_SYS_TIME_H 1
#define HAVE_TERMIOS_H 1
#define HAVE_UNISTD_H 1
#define HAVE_WCHAR_H 1
#define HAVE__BOOL 1
#define HAVE_STDBOOL_H 1
#define HAVE_FORK 1
#define HAVE_VFORK 1
#define HAVE_WORKING_VFORK 1
#define HAVE_WORKING_FORK 1
#define HAVE_STDLIB_H 1
#define HAVE_MALLOC 1
#define HAVE_CLOCK_GETTIME 1
#define HAVE_GETTIMEOFDAY 1
#define HAVE_INET_NTOA 1
#define HAVE_MEMMOVE 1
#define HAVE_MEMSET 1
#define HAVE_MKDIR 1
#define HAVE_SOCKET 1
#define HAVE_STRCASECMP 1
#define HAVE_STRCHR 1
#define HAVE_STRDUP 1
#define HAVE_STRRCHR 1
#define HAVE_STRSTR 1
#define HAVE_STRTOL 1
#define HAVE_SYSINFO 1

configure: exit 0

## ---------------------- ##
## Running config.status. ##
## ---------------------- ##

This file was extended by MqttDrv config.status 1.0.0, which was
generated by GNU Autoconf 2.69.  Invocation command line was

  CONFIG_FILES    = 
  CONFIG_HEADERS  = 
  CONFIG_LINKS    = 
  CONFIG_COMMANDS = 
  $ ./config.status 

on ivan-VirtualBox

config.status:1181: creating Makefile
config.status:1181: creating src/Makefile
config.status:1181: creating data/Makefile
config.status:1181: creating TestApp/Makefile
config.status:1181: creating config.h
config.status:1362: config.h is unchanged
config.status:1410: executing depfiles commands
config.status:1410: executing libtool commands

## ---------------------- ##
## Running config.status. ##
## ---------------------- ##

This file was extended by MqttDrv config.status 1.0.0, which was
generated by GNU Autoconf 2.69.  Invocation command line was

  CONFIG_FILES    = 
  CONFIG_HEADERS  = 
  CONFIG_LINKS    = 
  CONFIG_COMMANDS = 
  $ ./config.status config.h

on ivan-VirtualBox

config.status:1181: creating config.h
config.status:1362: config.h is unchanged
